[0.302s] Invoking command in '/home/shengbin/camera_ws/build/depth_image_proc': CMAKE_PREFIX_PATH=/home/shengbin/camera_ws/install/image_transport:/home/shengbin/camera_ws/install/image_geometry:/home/shengbin/camera_ws/install/cv_bridge:/home/shengbin/camera_ws/install/vision_opencv:/home/shengbin/camera_ws/install/v4l2_camera:/home/shengbin/camera_ws/install/image_pipeline:/home/shengbin/camera_ws/install/stereo_image_proc:/home/shengbin/camera_ws/install/image_proc:/home/shengbin/camera_ws/install/tracetools_image_pipeline:/home/shengbin/camera_ws/install/image_transport_plugins:/home/shengbin/camera_ws/install/theora_image_transport:/home/shengbin/camera_ws/install/ros2_shared:/home/shengbin/camera_ws/install/image_view:/home/shengbin/camera_ws/install/image_rotate:/home/shengbin/camera_ws/install/image_publisher:/home/shengbin/camera_ws/install/image_common:/home/shengbin/camera_ws/install/depth_image_proc:/home/shengbin/camera_ws/install/compressed_image_transport:/home/shengbin/camera_ws/install/compressed_depth_image_transport:/home/shengbin/camera_ws/install/camera_info_manager:/home/shengbin/camera_ws/install/camera_calibration_parsers:/home/shengbin/camera_ws/install/opencv_tests:/home/shengbin/camera_ws/install/camera_calibration:/home/shengbin/camera_ws/install/camera:/opt/ros/humble LD_LIBRARY_PATH=/home/shengbin/camera_ws/install/image_transport/lib:/home/shengbin/camera_ws/install/image_geometry/lib:/home/shengbin/camera_ws/install/cv_bridge/lib:/home/shengbin/camera_ws/install/v4l2_camera/lib:/home/shengbin/camera_ws/install/stereo_image_proc/lib:/home/shengbin/camera_ws/install/image_proc/lib:/home/shengbin/camera_ws/install/tracetools_image_pipeline/lib:/home/shengbin/camera_ws/install/theora_image_transport/lib:/home/shengbin/camera_ws/install/image_view/lib:/home/shengbin/camera_ws/install/image_rotate/lib:/home/shengbin/camera_ws/install/image_publisher/lib:/home/shengbin/camera_ws/install/depth_image_proc/lib:/home/shengbin/camera_ws/install/compressed_image_transport/lib:/home/shengbin/camera_ws/install/compressed_depth_image_transport/lib:/home/shengbin/camera_ws/install/camera_info_manager/lib:/home/shengbin/camera_ws/install/camera_calibration_parsers/lib:/opt/ros/humble/opt/rviz_ogre_vendor/lib:/opt/ros/humble/lib/x86_64-linux-gnu:/opt/ros/humble/lib /usr/bin/cmake /home/shengbin/camera_ws/src/image_pipeline/depth_image_proc -DCMAKE_INSTALL_PREFIX=/home/shengbin/camera_ws/install/depth_image_proc
[0.344s] -- The C compiler identification is GNU 11.4.0
[0.391s] -- The CXX compiler identification is GNU 11.4.0
[0.401s] -- Detecting C compiler ABI info
[0.468s] -- Detecting C compiler ABI info - done
[0.480s] -- Check for working C compiler: /usr/bin/cc - skipped
[0.481s] -- Detecting C compile features
[0.481s] -- Detecting C compile features - done
[0.486s] -- Detecting CXX compiler ABI info
[0.583s] -- Detecting CXX compiler ABI info - done
[0.594s] -- Check for working CXX compiler: /usr/bin/c++ - skipped
[0.594s] -- Detecting CXX compile features
[0.594s] -- Detecting CXX compile features - done
[0.597s] -- Found ament_cmake_auto: 1.3.5 (/opt/ros/humble/share/ament_cmake_auto/cmake)
[0.835s] -- Found Python3: /usr/bin/python3.10 (found version "3.10.12") found components: Interpreter 
[1.147s] -- Found rosidl_generator_c: 3.1.5 (/opt/ros/humble/share/rosidl_generator_c/cmake)
[1.156s] -- Found rosidl_adapter: 3.1.5 (/opt/ros/humble/share/rosidl_adapter/cmake)
[1.172s] -- Found rosidl_generator_cpp: 3.1.5 (/opt/ros/humble/share/rosidl_generator_cpp/cmake)
[1.197s] -- Using all available rosidl_typesupport_c: rosidl_typesupport_fastrtps_c;rosidl_typesupport_introspection_c
[1.225s] -- Using all available rosidl_typesupport_cpp: rosidl_typesupport_fastrtps_cpp;rosidl_typesupport_introspection_cpp
[1.735s] -- Found rmw_implementation_cmake: 6.1.1 (/opt/ros/humble/share/rmw_implementation_cmake/cmake)
[1.741s] -- Found rmw_cyclonedds_cpp: 1.3.4 (/opt/ros/humble/share/rmw_cyclonedds_cpp/cmake)
[1.801s] -- Using RMW implementation 'rmw_cyclonedds_cpp' as default
[1.818s] -- Looking for pthread.h
[1.919s] -- Looking for pthread.h - found
[1.920s] -- Performing Test CMAKE_HAVE_LIBC_PTHREAD
[1.990s] -- Performing Test CMAKE_HAVE_LIBC_PTHREAD - Success
[1.992s] -- Found Threads: TRUE  
[3.264s] -- Found OpenCV: /usr (found version "4.5.4") 
[3.317s] -- Found ament_lint_auto: 0.12.8 (/opt/ros/humble/share/ament_lint_auto/cmake)
[3.404s] -- Added test 'copyright' to check source files copyright and LICENSE
[3.430s] -- Added test 'cppcheck' to perform static code analysis on C / C++ code
[3.431s] -- Configured cppcheck include dirs: /home/shengbin/camera_ws/src/image_pipeline/depth_image_proc/include
[3.431s] -- Configured cppcheck exclude dirs and/or files: 
[3.434s] -- Added test 'cpplint' to check C / C++ code against the Google style
[3.434s] -- Configured cpplint exclude dirs and/or files: 
[3.436s] -- Added test 'flake8' to check Python code syntax and style conventions
[3.437s] -- Added test 'lint_cmake' to check CMake code style
[3.439s] -- Added test 'pep257' to check Python code against some of the docstring style conventions in PEP 257
[3.442s] -- Added test 'uncrustify' to check C / C++ code style
[3.442s] -- Configured uncrustify additional arguments: 
[3.443s] -- Added test 'xmllint' to check XML markup files
[3.454s] -- Configuring done
[3.521s] -- Generating done
[3.524s] -- Build files have been written to: /home/shengbin/camera_ws/build/depth_image_proc
[3.581s] Invoked command in '/home/shengbin/camera_ws/build/depth_image_proc' returned '0': CMAKE_PREFIX_PATH=/home/shengbin/camera_ws/install/image_transport:/home/shengbin/camera_ws/install/image_geometry:/home/shengbin/camera_ws/install/cv_bridge:/home/shengbin/camera_ws/install/vision_opencv:/home/shengbin/camera_ws/install/v4l2_camera:/home/shengbin/camera_ws/install/image_pipeline:/home/shengbin/camera_ws/install/stereo_image_proc:/home/shengbin/camera_ws/install/image_proc:/home/shengbin/camera_ws/install/tracetools_image_pipeline:/home/shengbin/camera_ws/install/image_transport_plugins:/home/shengbin/camera_ws/install/theora_image_transport:/home/shengbin/camera_ws/install/ros2_shared:/home/shengbin/camera_ws/install/image_view:/home/shengbin/camera_ws/install/image_rotate:/home/shengbin/camera_ws/install/image_publisher:/home/shengbin/camera_ws/install/image_common:/home/shengbin/camera_ws/install/depth_image_proc:/home/shengbin/camera_ws/install/compressed_image_transport:/home/shengbin/camera_ws/install/compressed_depth_image_transport:/home/shengbin/camera_ws/install/camera_info_manager:/home/shengbin/camera_ws/install/camera_calibration_parsers:/home/shengbin/camera_ws/install/opencv_tests:/home/shengbin/camera_ws/install/camera_calibration:/home/shengbin/camera_ws/install/camera:/opt/ros/humble LD_LIBRARY_PATH=/home/shengbin/camera_ws/install/image_transport/lib:/home/shengbin/camera_ws/install/image_geometry/lib:/home/shengbin/camera_ws/install/cv_bridge/lib:/home/shengbin/camera_ws/install/v4l2_camera/lib:/home/shengbin/camera_ws/install/stereo_image_proc/lib:/home/shengbin/camera_ws/install/image_proc/lib:/home/shengbin/camera_ws/install/tracetools_image_pipeline/lib:/home/shengbin/camera_ws/install/theora_image_transport/lib:/home/shengbin/camera_ws/install/image_view/lib:/home/shengbin/camera_ws/install/image_rotate/lib:/home/shengbin/camera_ws/install/image_publisher/lib:/home/shengbin/camera_ws/install/depth_image_proc/lib:/home/shengbin/camera_ws/install/compressed_image_transport/lib:/home/shengbin/camera_ws/install/compressed_depth_image_transport/lib:/home/shengbin/camera_ws/install/camera_info_manager/lib:/home/shengbin/camera_ws/install/camera_calibration_parsers/lib:/opt/ros/humble/opt/rviz_ogre_vendor/lib:/opt/ros/humble/lib/x86_64-linux-gnu:/opt/ros/humble/lib /usr/bin/cmake /home/shengbin/camera_ws/src/image_pipeline/depth_image_proc -DCMAKE_INSTALL_PREFIX=/home/shengbin/camera_ws/install/depth_image_proc
[3.598s] Invoking command in '/home/shengbin/camera_ws/build/depth_image_proc': CMAKE_PREFIX_PATH=/home/shengbin/camera_ws/install/image_transport:/home/shengbin/camera_ws/install/image_geometry:/home/shengbin/camera_ws/install/cv_bridge:/home/shengbin/camera_ws/install/vision_opencv:/home/shengbin/camera_ws/install/v4l2_camera:/home/shengbin/camera_ws/install/image_pipeline:/home/shengbin/camera_ws/install/stereo_image_proc:/home/shengbin/camera_ws/install/image_proc:/home/shengbin/camera_ws/install/tracetools_image_pipeline:/home/shengbin/camera_ws/install/image_transport_plugins:/home/shengbin/camera_ws/install/theora_image_transport:/home/shengbin/camera_ws/install/ros2_shared:/home/shengbin/camera_ws/install/image_view:/home/shengbin/camera_ws/install/image_rotate:/home/shengbin/camera_ws/install/image_publisher:/home/shengbin/camera_ws/install/image_common:/home/shengbin/camera_ws/install/depth_image_proc:/home/shengbin/camera_ws/install/compressed_image_transport:/home/shengbin/camera_ws/install/compressed_depth_image_transport:/home/shengbin/camera_ws/install/camera_info_manager:/home/shengbin/camera_ws/install/camera_calibration_parsers:/home/shengbin/camera_ws/install/opencv_tests:/home/shengbin/camera_ws/install/camera_calibration:/home/shengbin/camera_ws/install/camera:/opt/ros/humble LD_LIBRARY_PATH=/home/shengbin/camera_ws/install/image_transport/lib:/home/shengbin/camera_ws/install/image_geometry/lib:/home/shengbin/camera_ws/install/cv_bridge/lib:/home/shengbin/camera_ws/install/v4l2_camera/lib:/home/shengbin/camera_ws/install/stereo_image_proc/lib:/home/shengbin/camera_ws/install/image_proc/lib:/home/shengbin/camera_ws/install/tracetools_image_pipeline/lib:/home/shengbin/camera_ws/install/theora_image_transport/lib:/home/shengbin/camera_ws/install/image_view/lib:/home/shengbin/camera_ws/install/image_rotate/lib:/home/shengbin/camera_ws/install/image_publisher/lib:/home/shengbin/camera_ws/install/depth_image_proc/lib:/home/shengbin/camera_ws/install/compressed_image_transport/lib:/home/shengbin/camera_ws/install/compressed_depth_image_transport/lib:/home/shengbin/camera_ws/install/camera_info_manager/lib:/home/shengbin/camera_ws/install/camera_calibration_parsers/lib:/opt/ros/humble/opt/rviz_ogre_vendor/lib:/opt/ros/humble/lib/x86_64-linux-gnu:/opt/ros/humble/lib /usr/bin/cmake --build /home/shengbin/camera_ws/build/depth_image_proc -- -j16 -l16
[3.901s] [  8%] [32mBuilding CXX object CMakeFiles/depth_image_proc.dir/src/conversions.cpp.o[0m
[3.918s] [ 16%] [32mBuilding CXX object CMakeFiles/depth_image_proc.dir/src/convert_metric.cpp.o[0m
[3.934s] [ 25%] [32mBuilding CXX object CMakeFiles/depth_image_proc.dir/src/crop_foremost.cpp.o[0m
[3.941s] [ 33%] [32mBuilding CXX object CMakeFiles/depth_image_proc.dir/src/disparity.cpp.o[0m
[3.949s] [ 41%] [32mBuilding CXX object CMakeFiles/depth_image_proc.dir/src/point_cloud_xyz.cpp.o[0m
[3.987s] [ 50%] [32mBuilding CXX object CMakeFiles/depth_image_proc.dir/src/point_cloud_xyzrgb.cpp.o[0m
[4.039s] [ 58%] [32mBuilding CXX object CMakeFiles/depth_image_proc.dir/src/point_cloud_xyzi.cpp.o[0m
[4.066s] [ 66%] [32mBuilding CXX object CMakeFiles/depth_image_proc.dir/src/point_cloud_xyz_radial.cpp.o[0m
[4.068s] [ 75%] [32mBuilding CXX object CMakeFiles/depth_image_proc.dir/src/point_cloud_xyzi_radial.cpp.o[0m
[4.090s] [ 83%] [32mBuilding CXX object CMakeFiles/depth_image_proc.dir/src/point_cloud_xyzrgb_radial.cpp.o[0m
[4.185s] [ 91%] [32mBuilding CXX object CMakeFiles/depth_image_proc.dir/src/register.cpp.o[0m
[45.045s] [100%] [32m[1mLinking CXX shared library libdepth_image_proc.so[0m
[48.140s] [100%] Built target depth_image_proc
[48.163s] Invoked command in '/home/shengbin/camera_ws/build/depth_image_proc' returned '0': CMAKE_PREFIX_PATH=/home/shengbin/camera_ws/install/image_transport:/home/shengbin/camera_ws/install/image_geometry:/home/shengbin/camera_ws/install/cv_bridge:/home/shengbin/camera_ws/install/vision_opencv:/home/shengbin/camera_ws/install/v4l2_camera:/home/shengbin/camera_ws/install/image_pipeline:/home/shengbin/camera_ws/install/stereo_image_proc:/home/shengbin/camera_ws/install/image_proc:/home/shengbin/camera_ws/install/tracetools_image_pipeline:/home/shengbin/camera_ws/install/image_transport_plugins:/home/shengbin/camera_ws/install/theora_image_transport:/home/shengbin/camera_ws/install/ros2_shared:/home/shengbin/camera_ws/install/image_view:/home/shengbin/camera_ws/install/image_rotate:/home/shengbin/camera_ws/install/image_publisher:/home/shengbin/camera_ws/install/image_common:/home/shengbin/camera_ws/install/depth_image_proc:/home/shengbin/camera_ws/install/compressed_image_transport:/home/shengbin/camera_ws/install/compressed_depth_image_transport:/home/shengbin/camera_ws/install/camera_info_manager:/home/shengbin/camera_ws/install/camera_calibration_parsers:/home/shengbin/camera_ws/install/opencv_tests:/home/shengbin/camera_ws/install/camera_calibration:/home/shengbin/camera_ws/install/camera:/opt/ros/humble LD_LIBRARY_PATH=/home/shengbin/camera_ws/install/image_transport/lib:/home/shengbin/camera_ws/install/image_geometry/lib:/home/shengbin/camera_ws/install/cv_bridge/lib:/home/shengbin/camera_ws/install/v4l2_camera/lib:/home/shengbin/camera_ws/install/stereo_image_proc/lib:/home/shengbin/camera_ws/install/image_proc/lib:/home/shengbin/camera_ws/install/tracetools_image_pipeline/lib:/home/shengbin/camera_ws/install/theora_image_transport/lib:/home/shengbin/camera_ws/install/image_view/lib:/home/shengbin/camera_ws/install/image_rotate/lib:/home/shengbin/camera_ws/install/image_publisher/lib:/home/shengbin/camera_ws/install/depth_image_proc/lib:/home/shengbin/camera_ws/install/compressed_image_transport/lib:/home/shengbin/camera_ws/install/compressed_depth_image_transport/lib:/home/shengbin/camera_ws/install/camera_info_manager/lib:/home/shengbin/camera_ws/install/camera_calibration_parsers/lib:/opt/ros/humble/opt/rviz_ogre_vendor/lib:/opt/ros/humble/lib/x86_64-linux-gnu:/opt/ros/humble/lib /usr/bin/cmake --build /home/shengbin/camera_ws/build/depth_image_proc -- -j16 -l16
[48.391s] Invoking command in '/home/shengbin/camera_ws/build/depth_image_proc': CMAKE_PREFIX_PATH=/home/shengbin/camera_ws/install/image_transport:/home/shengbin/camera_ws/install/image_geometry:/home/shengbin/camera_ws/install/cv_bridge:/home/shengbin/camera_ws/install/vision_opencv:/home/shengbin/camera_ws/install/v4l2_camera:/home/shengbin/camera_ws/install/image_pipeline:/home/shengbin/camera_ws/install/stereo_image_proc:/home/shengbin/camera_ws/install/image_proc:/home/shengbin/camera_ws/install/tracetools_image_pipeline:/home/shengbin/camera_ws/install/image_transport_plugins:/home/shengbin/camera_ws/install/theora_image_transport:/home/shengbin/camera_ws/install/ros2_shared:/home/shengbin/camera_ws/install/image_view:/home/shengbin/camera_ws/install/image_rotate:/home/shengbin/camera_ws/install/image_publisher:/home/shengbin/camera_ws/install/image_common:/home/shengbin/camera_ws/install/depth_image_proc:/home/shengbin/camera_ws/install/compressed_image_transport:/home/shengbin/camera_ws/install/compressed_depth_image_transport:/home/shengbin/camera_ws/install/camera_info_manager:/home/shengbin/camera_ws/install/camera_calibration_parsers:/home/shengbin/camera_ws/install/opencv_tests:/home/shengbin/camera_ws/install/camera_calibration:/home/shengbin/camera_ws/install/camera:/opt/ros/humble LD_LIBRARY_PATH=/home/shengbin/camera_ws/install/image_transport/lib:/home/shengbin/camera_ws/install/image_geometry/lib:/home/shengbin/camera_ws/install/cv_bridge/lib:/home/shengbin/camera_ws/install/v4l2_camera/lib:/home/shengbin/camera_ws/install/stereo_image_proc/lib:/home/shengbin/camera_ws/install/image_proc/lib:/home/shengbin/camera_ws/install/tracetools_image_pipeline/lib:/home/shengbin/camera_ws/install/theora_image_transport/lib:/home/shengbin/camera_ws/install/image_view/lib:/home/shengbin/camera_ws/install/image_rotate/lib:/home/shengbin/camera_ws/install/image_publisher/lib:/home/shengbin/camera_ws/install/depth_image_proc/lib:/home/shengbin/camera_ws/install/compressed_image_transport/lib:/home/shengbin/camera_ws/install/compressed_depth_image_transport/lib:/home/shengbin/camera_ws/install/camera_info_manager/lib:/home/shengbin/camera_ws/install/camera_calibration_parsers/lib:/opt/ros/humble/opt/rviz_ogre_vendor/lib:/opt/ros/humble/lib/x86_64-linux-gnu:/opt/ros/humble/lib /usr/bin/cmake --install /home/shengbin/camera_ws/build/depth_image_proc
[48.410s] -- Install configuration: ""
[48.410s] -- Installing: /home/shengbin/camera_ws/install/depth_image_proc/include
[48.411s] -- Installing: /home/shengbin/camera_ws/install/depth_image_proc/include/depth_image_proc
[48.411s] -- Installing: /home/shengbin/camera_ws/install/depth_image_proc/include/depth_image_proc/point_cloud_xyzrgb_radial.hpp
[48.413s] -- Installing: /home/shengbin/camera_ws/install/depth_image_proc/include/depth_image_proc/point_cloud_xyzrgb.hpp
[48.413s] -- Installing: /home/shengbin/camera_ws/install/depth_image_proc/include/depth_image_proc/point_cloud_xyz_radial.hpp
[48.414s] -- Installing: /home/shengbin/camera_ws/install/depth_image_proc/include/depth_image_proc/point_cloud_xyzi.hpp
[48.415s] -- Installing: /home/shengbin/camera_ws/install/depth_image_proc/include/depth_image_proc/conversions.hpp
[48.416s] -- Installing: /home/shengbin/camera_ws/install/depth_image_proc/include/depth_image_proc/point_cloud_xyz.hpp
[48.416s] -- Installing: /home/shengbin/camera_ws/install/depth_image_proc/include/depth_image_proc/visibility.h
[48.417s] -- Installing: /home/shengbin/camera_ws/install/depth_image_proc/include/depth_image_proc/depth_traits.hpp
[48.417s] -- Installing: /home/shengbin/camera_ws/install/depth_image_proc/include/depth_image_proc/point_cloud_xyzi_radial.hpp
[48.419s] -- Installing: /home/shengbin/camera_ws/install/depth_image_proc/share/depth_image_proc/environment/library_path.sh
[48.420s] -- Installing: /home/shengbin/camera_ws/install/depth_image_proc/share/depth_image_proc/environment/library_path.dsv
[48.421s] -- Installing: /home/shengbin/camera_ws/install/depth_image_proc/lib/libdepth_image_proc.so
[48.503s] -- Set runtime path of "/home/shengbin/camera_ws/install/depth_image_proc/lib/libdepth_image_proc.so" to ""
[48.504s] -- Installing: /home/shengbin/camera_ws/install/depth_image_proc/share/depth_image_proc/launch
[48.505s] -- Installing: /home/shengbin/camera_ws/install/depth_image_proc/share/depth_image_proc/launch/point_cloud_xyz_radial.launch.py
[48.505s] -- Installing: /home/shengbin/camera_ws/install/depth_image_proc/share/depth_image_proc/launch/point_cloud_xyzi.launch.py
[48.506s] -- Installing: /home/shengbin/camera_ws/install/depth_image_proc/share/depth_image_proc/launch/rviz
[48.507s] -- Installing: /home/shengbin/camera_ws/install/depth_image_proc/share/depth_image_proc/launch/rviz/convert_metric.rviz
[48.508s] -- Installing: /home/shengbin/camera_ws/install/depth_image_proc/share/depth_image_proc/launch/rviz/point_cloud_xyz_radial.rviz
[48.509s] -- Installing: /home/shengbin/camera_ws/install/depth_image_proc/share/depth_image_proc/launch/rviz/point_cloud_xyzi.rviz
[48.510s] -- Installing: /home/shengbin/camera_ws/install/depth_image_proc/share/depth_image_proc/launch/rviz/crop_formost.rviz
[48.511s] -- Installing: /home/shengbin/camera_ws/install/depth_image_proc/share/depth_image_proc/launch/rviz/disparity.rviz
[48.512s] -- Installing: /home/shengbin/camera_ws/install/depth_image_proc/share/depth_image_proc/launch/rviz/point_cloud_xyzrgb.rviz
[48.512s] -- Installing: /home/shengbin/camera_ws/install/depth_image_proc/share/depth_image_proc/launch/rviz/point_cloud_xyz.rviz
[48.514s] -- Installing: /home/shengbin/camera_ws/install/depth_image_proc/share/depth_image_proc/launch/rviz/register.rviz
[48.514s] -- Installing: /home/shengbin/camera_ws/install/depth_image_proc/share/depth_image_proc/launch/point_cloud_xyzrgb.launch.py
[48.515s] -- Installing: /home/shengbin/camera_ws/install/depth_image_proc/share/depth_image_proc/launch/point_cloud_xyzi_radial.launch.py
[48.516s] -- Installing: /home/shengbin/camera_ws/install/depth_image_proc/share/depth_image_proc/launch/crop_foremost.launch.py
[48.516s] -- Installing: /home/shengbin/camera_ws/install/depth_image_proc/share/depth_image_proc/launch/convert_metric.launch.py
[48.517s] -- Installing: /home/shengbin/camera_ws/install/depth_image_proc/share/depth_image_proc/launch/register.launch.py
[48.518s] -- Installing: /home/shengbin/camera_ws/install/depth_image_proc/share/depth_image_proc/launch/point_cloud_xyz.launch.py
[48.518s] -- Installing: /home/shengbin/camera_ws/install/depth_image_proc/share/depth_image_proc/launch/point_cloud_xyzrgb_radial.launch.py
[48.519s] -- Installing: /home/shengbin/camera_ws/install/depth_image_proc/share/depth_image_proc/launch/disparity.launch.py
[48.519s] -- Installing: /home/shengbin/camera_ws/install/depth_image_proc/share/ament_index/resource_index/package_run_dependencies/depth_image_proc
[48.521s] -- Installing: /home/shengbin/camera_ws/install/depth_image_proc/share/ament_index/resource_index/parent_prefix_path/depth_image_proc
[48.523s] -- Installing: /home/shengbin/camera_ws/install/depth_image_proc/share/depth_image_proc/environment/ament_prefix_path.sh
[48.524s] -- Installing: /home/shengbin/camera_ws/install/depth_image_proc/share/depth_image_proc/environment/ament_prefix_path.dsv
[48.525s] -- Installing: /home/shengbin/camera_ws/install/depth_image_proc/share/depth_image_proc/environment/path.sh
[48.526s] -- Installing: /home/shengbin/camera_ws/install/depth_image_proc/share/depth_image_proc/environment/path.dsv
[48.527s] -- Installing: /home/shengbin/camera_ws/install/depth_image_proc/share/depth_image_proc/local_setup.bash
[48.528s] -- Installing: /home/shengbin/camera_ws/install/depth_image_proc/share/depth_image_proc/local_setup.sh
[48.529s] -- Installing: /home/shengbin/camera_ws/install/depth_image_proc/share/depth_image_proc/local_setup.zsh
[48.529s] -- Installing: /home/shengbin/camera_ws/install/depth_image_proc/share/depth_image_proc/local_setup.dsv
[48.530s] -- Installing: /home/shengbin/camera_ws/install/depth_image_proc/share/depth_image_proc/package.dsv
[48.531s] -- Installing: /home/shengbin/camera_ws/install/depth_image_proc/share/ament_index/resource_index/packages/depth_image_proc
[48.532s] -- Installing: /home/shengbin/camera_ws/install/depth_image_proc/share/ament_index/resource_index/rclcpp_components/depth_image_proc
[48.533s] -- Installing: /home/shengbin/camera_ws/install/depth_image_proc/share/depth_image_proc/cmake/ament_cmake_export_dependencies-extras.cmake
[48.534s] -- Installing: /home/shengbin/camera_ws/install/depth_image_proc/share/depth_image_proc/cmake/ament_cmake_export_include_directories-extras.cmake
[48.536s] -- Installing: /home/shengbin/camera_ws/install/depth_image_proc/share/depth_image_proc/cmake/ament_cmake_export_libraries-extras.cmake
[48.537s] -- Installing: /home/shengbin/camera_ws/install/depth_image_proc/share/depth_image_proc/cmake/depth_image_procConfig.cmake
[48.538s] -- Installing: /home/shengbin/camera_ws/install/depth_image_proc/share/depth_image_proc/cmake/depth_image_procConfig-version.cmake
[48.539s] -- Installing: /home/shengbin/camera_ws/install/depth_image_proc/share/depth_image_proc/package.xml
[48.548s] Invoked command in '/home/shengbin/camera_ws/build/depth_image_proc' returned '0': CMAKE_PREFIX_PATH=/home/shengbin/camera_ws/install/image_transport:/home/shengbin/camera_ws/install/image_geometry:/home/shengbin/camera_ws/install/cv_bridge:/home/shengbin/camera_ws/install/vision_opencv:/home/shengbin/camera_ws/install/v4l2_camera:/home/shengbin/camera_ws/install/image_pipeline:/home/shengbin/camera_ws/install/stereo_image_proc:/home/shengbin/camera_ws/install/image_proc:/home/shengbin/camera_ws/install/tracetools_image_pipeline:/home/shengbin/camera_ws/install/image_transport_plugins:/home/shengbin/camera_ws/install/theora_image_transport:/home/shengbin/camera_ws/install/ros2_shared:/home/shengbin/camera_ws/install/image_view:/home/shengbin/camera_ws/install/image_rotate:/home/shengbin/camera_ws/install/image_publisher:/home/shengbin/camera_ws/install/image_common:/home/shengbin/camera_ws/install/depth_image_proc:/home/shengbin/camera_ws/install/compressed_image_transport:/home/shengbin/camera_ws/install/compressed_depth_image_transport:/home/shengbin/camera_ws/install/camera_info_manager:/home/shengbin/camera_ws/install/camera_calibration_parsers:/home/shengbin/camera_ws/install/opencv_tests:/home/shengbin/camera_ws/install/camera_calibration:/home/shengbin/camera_ws/install/camera:/opt/ros/humble LD_LIBRARY_PATH=/home/shengbin/camera_ws/install/image_transport/lib:/home/shengbin/camera_ws/install/image_geometry/lib:/home/shengbin/camera_ws/install/cv_bridge/lib:/home/shengbin/camera_ws/install/v4l2_camera/lib:/home/shengbin/camera_ws/install/stereo_image_proc/lib:/home/shengbin/camera_ws/install/image_proc/lib:/home/shengbin/camera_ws/install/tracetools_image_pipeline/lib:/home/shengbin/camera_ws/install/theora_image_transport/lib:/home/shengbin/camera_ws/install/image_view/lib:/home/shengbin/camera_ws/install/image_rotate/lib:/home/shengbin/camera_ws/install/image_publisher/lib:/home/shengbin/camera_ws/install/depth_image_proc/lib:/home/shengbin/camera_ws/install/compressed_image_transport/lib:/home/shengbin/camera_ws/install/compressed_depth_image_transport/lib:/home/shengbin/camera_ws/install/camera_info_manager/lib:/home/shengbin/camera_ws/install/camera_calibration_parsers/lib:/opt/ros/humble/opt/rviz_ogre_vendor/lib:/opt/ros/humble/lib/x86_64-linux-gnu:/opt/ros/humble/lib /usr/bin/cmake --install /home/shengbin/camera_ws/build/depth_image_proc
