[0.262s] Invoking command in '/home/shengbin/camera_ws/build/image_transport': CMAKE_PREFIX_PATH=${CMAKE_PREFIX_PATH}:/home/shengbin/camera_ws/install/opencv_tests:/home/shengbin/camera_ws/install/camera_calibration:/home/shengbin/camera_ws/install/camera:/opt/ros/humble /usr/bin/cmake /home/shengbin/camera_ws/src/image_common/image_transport -DCMAKE_INSTALL_PREFIX=/home/shengbin/camera_ws/install/image_transport
[0.538s] -- The C compiler identification is GNU 11.4.0
[0.539s] -- The CXX compiler identification is GNU 11.4.0
[0.539s] -- Detecting C compiler ABI info
[0.539s] -- Detecting C compiler ABI info - done
[0.540s] -- Check for working C compiler: /usr/bin/cc - skipped
[0.540s] -- Detecting C compile features
[0.540s] -- Detecting C compile features - done
[0.541s] -- Detecting CXX compiler ABI info
[0.541s] -- Detecting CXX compiler ABI info - done
[0.541s] -- Check for working CXX compiler: /usr/bin/c++ - skipped
[0.541s] -- Detecting CXX compile features
[0.541s] -- Detecting CXX compile features - done
[0.541s] -- Found ament_cmake_ros: 0.10.0 (/opt/ros/humble/share/ament_cmake_ros/cmake)
[0.715s] -- Found Python3: /usr/bin/python3.10 (found version "3.10.12") found components: Interpreter 
[0.805s] -- Found message_filters: 4.3.3 (/opt/ros/humble/share/message_filters/cmake)
[0.869s] -- Found rosidl_generator_c: 3.1.5 (/opt/ros/humble/share/rosidl_generator_c/cmake)
[0.876s] -- Found rosidl_adapter: 3.1.5 (/opt/ros/humble/share/rosidl_adapter/cmake)
[0.887s] -- Found rosidl_generator_cpp: 3.1.5 (/opt/ros/humble/share/rosidl_generator_cpp/cmake)
[0.907s] -- Using all available rosidl_typesupport_c: rosidl_typesupport_fastrtps_c;rosidl_typesupport_introspection_c
[0.934s] -- Using all available rosidl_typesupport_cpp: rosidl_typesupport_fastrtps_cpp;rosidl_typesupport_introspection_cpp
[1.038s] -- Found rmw_implementation_cmake: 6.1.1 (/opt/ros/humble/share/rmw_implementation_cmake/cmake)
[1.044s] -- Found rmw_cyclonedds_cpp: 1.3.4 (/opt/ros/humble/share/rmw_cyclonedds_cpp/cmake)
[1.126s] -- Using RMW implementation 'rmw_cyclonedds_cpp' as default
[1.142s] -- Looking for pthread.h
[1.220s] -- Looking for pthread.h - found
[1.220s] -- Performing Test CMAKE_HAVE_LIBC_PTHREAD
[1.283s] -- Performing Test CMAKE_HAVE_LIBC_PTHREAD - Success
[1.284s] -- Found Threads: TRUE  
[1.481s] -- Found pluginlib: 5.1.0 (/opt/ros/humble/share/pluginlib/cmake)
[1.506s] -- Found sensor_msgs: 4.2.3 (/opt/ros/humble/share/sensor_msgs/cmake)
[1.629s] -- Found ament_lint_auto: 0.12.8 (/opt/ros/humble/share/ament_lint_auto/cmake)
[1.721s] -- Found gtest sources under '/opt/ros/humble/src/gtest_vendor': C++ tests using 'Google Test' will be built
[1.746s] -- Added test 'copyright' to check source files copyright and LICENSE
[1.750s] -- Added test 'cpplint' to check C / C++ code against the Google style
[1.750s] -- Configured cpplint exclude dirs and/or files: 
[1.752s] -- Added test 'lint_cmake' to check CMake code style
[1.756s] -- Added test 'uncrustify' to check C / C++ code style
[1.756s] -- Configured uncrustify additional arguments: 
[1.757s] -- Added test 'xmllint' to check XML markup files
[1.761s] -- Configuring done
[1.832s] -- Generating done
[1.836s] -- Build files have been written to: /home/shengbin/camera_ws/build/image_transport
[1.912s] Invoked command in '/home/shengbin/camera_ws/build/image_transport' returned '0': CMAKE_PREFIX_PATH=${CMAKE_PREFIX_PATH}:/home/shengbin/camera_ws/install/opencv_tests:/home/shengbin/camera_ws/install/camera_calibration:/home/shengbin/camera_ws/install/camera:/opt/ros/humble /usr/bin/cmake /home/shengbin/camera_ws/src/image_common/image_transport -DCMAKE_INSTALL_PREFIX=/home/shengbin/camera_ws/install/image_transport
[1.914s] Invoking command in '/home/shengbin/camera_ws/build/image_transport': CMAKE_PREFIX_PATH=${CMAKE_PREFIX_PATH}:/home/shengbin/camera_ws/install/opencv_tests:/home/shengbin/camera_ws/install/camera_calibration:/home/shengbin/camera_ws/install/camera:/opt/ros/humble /usr/bin/cmake --build /home/shengbin/camera_ws/build/image_transport -- -j16 -l16
[1.992s] [  6%] [32mBuilding CXX object gtest/CMakeFiles/gtest.dir/src/gtest-all.cc.o[0m
[1.992s] [  6%] [32mBuilding CXX object CMakeFiles/image_transport.dir/src/camera_common.cpp.o[0m
[1.992s] [ 10%] [32mBuilding CXX object gtest/CMakeFiles/gtest_main.dir/src/gtest_main.cc.o[0m
[1.992s] [ 13%] [32mBuilding CXX object CMakeFiles/image_transport.dir/src/publisher.cpp.o[0m
[2.006s] [ 16%] [32mBuilding CXX object CMakeFiles/image_transport.dir/src/subscriber.cpp.o[0m
[2.009s] [ 20%] [32mBuilding CXX object CMakeFiles/image_transport.dir/src/single_subscriber_publisher.cpp.o[0m
[2.027s] [ 23%] [32mBuilding CXX object CMakeFiles/image_transport.dir/src/camera_publisher.cpp.o[0m
[2.046s] [ 26%] [32mBuilding CXX object CMakeFiles/image_transport.dir/src/camera_subscriber.cpp.o[0m
[2.062s] [ 30%] [32mBuilding CXX object CMakeFiles/image_transport.dir/src/image_transport.cpp.o[0m
[3.388s] [ 33%] [32m[1mLinking CXX static library libgtest_main.a[0m
[3.489s] [ 33%] Built target gtest_main
[5.496s] [ 36%] [32m[1mLinking CXX static library libgtest.a[0m
[5.583s] [ 36%] Built target gtest
[10.998s] [ 40%] [32m[1mLinking CXX shared library libimage_transport.so[0m
[11.608s] [ 40%] Built target image_transport
[11.634s] [ 43%] [32mBuilding CXX object CMakeFiles/republish.dir/src/republish.cpp.o[0m
[11.635s] [ 46%] [32mBuilding CXX object CMakeFiles/image_transport-single_subscriber_publisher.dir/test/test_single_subscriber_publisher.cpp.o[0m
[11.635s] [ 50%] [32mBuilding CXX object CMakeFiles/image_transport-publisher.dir/test/test_publisher.cpp.o[0m
[11.635s] [ 53%] [32mBuilding CXX object CMakeFiles/image_transport-remapping.dir/test/test_remapping.cpp.o[0m
[11.636s] [ 60%] [32mBuilding CXX object CMakeFiles/image_transport-message_passing.dir/test/test_message_passing.cpp.o[0m
[11.636s] [ 60%] [32mBuilding CXX object CMakeFiles/image_transport_plugins.dir/src/manifest.cpp.o[0m
[11.636s] [ 66%] [32mBuilding CXX object CMakeFiles/image_transport-camera_common.dir/test/test_camera_common.cpp.o[0m
[11.637s] [ 70%] [32mBuilding CXX object CMakeFiles/image_transport-subscriber.dir/test/test_subscriber.cpp.o[0m
[11.644s] [ 70%] [32mBuilding CXX object CMakeFiles/list_transports.dir/src/list_transports.cpp.o[0m
[13.422s] [ 73%] [32m[1mLinking CXX executable image_transport-camera_common[0m
[14.019s] [ 73%] Built target image_transport-camera_common
[15.110s] [ 76%] [32m[1mLinking CXX executable image_transport-publisher[0m
[15.220s] [ 80%] [32m[1mLinking CXX executable image_transport-single_subscriber_publisher[0m
[15.291s] [ 83%] [32m[1mLinking CXX executable image_transport-message_passing[0m
[15.436s] [ 83%] Built target image_transport-publisher
[15.547s] [ 83%] Built target image_transport-single_subscriber_publisher
[15.623s] [ 83%] Built target image_transport-message_passing
[15.830s] [ 86%] [32m[1mLinking CXX executable image_transport-remapping[0m
[16.136s] [ 86%] Built target image_transport-remapping
[16.878s] [ 90%] [32m[1mLinking CXX executable image_transport-subscriber[0m
[17.049s] [ 93%] [32m[1mLinking CXX executable list_transports[0m
[17.213s] [ 93%] Built target image_transport-subscriber
[17.300s] [ 93%] Built target list_transports
[18.038s] [ 96%] [32m[1mLinking CXX executable republish[0m
[18.262s] [ 96%] Built target republish
[19.917s] [100%] [32m[1mLinking CXX shared library libimage_transport_plugins.so[0m
[20.204s] [100%] Built target image_transport_plugins
[20.213s] Invoked command in '/home/shengbin/camera_ws/build/image_transport' returned '0': CMAKE_PREFIX_PATH=${CMAKE_PREFIX_PATH}:/home/shengbin/camera_ws/install/opencv_tests:/home/shengbin/camera_ws/install/camera_calibration:/home/shengbin/camera_ws/install/camera:/opt/ros/humble /usr/bin/cmake --build /home/shengbin/camera_ws/build/image_transport -- -j16 -l16
[20.313s] Invoking command in '/home/shengbin/camera_ws/build/image_transport': CMAKE_PREFIX_PATH=${CMAKE_PREFIX_PATH}:/home/shengbin/camera_ws/install/opencv_tests:/home/shengbin/camera_ws/install/camera_calibration:/home/shengbin/camera_ws/install/camera:/opt/ros/humble /usr/bin/cmake --install /home/shengbin/camera_ws/build/image_transport
[20.320s] -- Install configuration: ""
[20.320s] -- Installing: /home/shengbin/camera_ws/install/image_transport/share/image_transport/default_plugins.xml
[20.320s] -- Installing: /home/shengbin/camera_ws/install/image_transport/lib/libimage_transport.so
[20.326s] -- Set runtime path of "/home/shengbin/camera_ws/install/image_transport/lib/libimage_transport.so" to ""
[20.327s] -- Installing: /home/shengbin/camera_ws/install/image_transport/lib/libimage_transport_plugins.so
[20.331s] -- Set runtime path of "/home/shengbin/camera_ws/install/image_transport/lib/libimage_transport_plugins.so" to ""
[20.331s] -- Up-to-date: /home/shengbin/camera_ws/install/image_transport/lib/libimage_transport.so
[20.331s] -- Installing: /home/shengbin/camera_ws/install/image_transport/lib/image_transport/list_transports
[20.332s] -- Set runtime path of "/home/shengbin/camera_ws/install/image_transport/lib/image_transport/list_transports" to ""
[20.332s] -- Installing: /home/shengbin/camera_ws/install/image_transport/lib/image_transport/republish
[20.333s] -- Set runtime path of "/home/shengbin/camera_ws/install/image_transport/lib/image_transport/republish" to ""
[20.333s] -- Installing: /home/shengbin/camera_ws/install/image_transport/include/image_transport
[20.333s] -- Installing: /home/shengbin/camera_ws/install/image_transport/include/image_transport/image_transport
[20.333s] -- Installing: /home/shengbin/camera_ws/install/image_transport/include/image_transport/image_transport/subscriber.hpp
[20.333s] -- Installing: /home/shengbin/camera_ws/install/image_transport/include/image_transport/image_transport/transport_hints.hpp
[20.334s] -- Installing: /home/shengbin/camera_ws/install/image_transport/include/image_transport/image_transport/loader_fwds.h
[20.334s] -- Installing: /home/shengbin/camera_ws/install/image_transport/include/image_transport/image_transport/publisher.h
[20.334s] -- Installing: /home/shengbin/camera_ws/install/image_transport/include/image_transport/image_transport/subscriber_filter.h
[20.334s] -- Installing: /home/shengbin/camera_ws/install/image_transport/include/image_transport/image_transport/camera_subscriber.hpp
[20.334s] -- Installing: /home/shengbin/camera_ws/install/image_transport/include/image_transport/image_transport/transport_hints.h
[20.334s] -- Installing: /home/shengbin/camera_ws/install/image_transport/include/image_transport/image_transport/visibility_control.hpp
[20.334s] -- Installing: /home/shengbin/camera_ws/install/image_transport/include/image_transport/image_transport/publisher.hpp
[20.334s] -- Installing: /home/shengbin/camera_ws/install/image_transport/include/image_transport/image_transport/camera_common.h
[20.334s] -- Installing: /home/shengbin/camera_ws/install/image_transport/include/image_transport/image_transport/simple_publisher_plugin.hpp
[20.334s] -- Installing: /home/shengbin/camera_ws/install/image_transport/include/image_transport/image_transport/subscriber_plugin.h
[20.335s] -- Installing: /home/shengbin/camera_ws/install/image_transport/include/image_transport/image_transport/raw_subscriber.h
[20.335s] -- Installing: /home/shengbin/camera_ws/install/image_transport/include/image_transport/image_transport/camera_publisher.h
[20.335s] -- Installing: /home/shengbin/camera_ws/install/image_transport/include/image_transport/image_transport/image_transport.hpp
[20.335s] -- Installing: /home/shengbin/camera_ws/install/image_transport/include/image_transport/image_transport/camera_subscriber.h
[20.335s] -- Installing: /home/shengbin/camera_ws/install/image_transport/include/image_transport/image_transport/camera_common.hpp
[20.335s] -- Installing: /home/shengbin/camera_ws/install/image_transport/include/image_transport/image_transport/simple_publisher_plugin.h
[20.335s] -- Installing: /home/shengbin/camera_ws/install/image_transport/include/image_transport/image_transport/loader_fwds.hpp
[20.335s] -- Installing: /home/shengbin/camera_ws/install/image_transport/include/image_transport/image_transport/subscriber_filter.hpp
[20.335s] -- Installing: /home/shengbin/camera_ws/install/image_transport/include/image_transport/image_transport/simple_subscriber_plugin.hpp
[20.335s] -- Installing: /home/shengbin/camera_ws/install/image_transport/include/image_transport/image_transport/image_transport.h
[20.335s] -- Installing: /home/shengbin/camera_ws/install/image_transport/include/image_transport/image_transport/raw_subscriber.hpp
[20.335s] -- Installing: /home/shengbin/camera_ws/install/image_transport/include/image_transport/image_transport/exception.h
[20.335s] -- Installing: /home/shengbin/camera_ws/install/image_transport/include/image_transport/image_transport/publisher_plugin.h
[20.336s] -- Installing: /home/shengbin/camera_ws/install/image_transport/include/image_transport/image_transport/single_subscriber_publisher.h
[20.336s] -- Installing: /home/shengbin/camera_ws/install/image_transport/include/image_transport/image_transport/simple_subscriber_plugin.h
[20.336s] -- Installing: /home/shengbin/camera_ws/install/image_transport/include/image_transport/image_transport/raw_publisher.h
[20.336s] -- Installing: /home/shengbin/camera_ws/install/image_transport/include/image_transport/image_transport/subscriber_plugin.hpp
[20.336s] -- Installing: /home/shengbin/camera_ws/install/image_transport/include/image_transport/image_transport/camera_publisher.hpp
[20.336s] -- Installing: /home/shengbin/camera_ws/install/image_transport/include/image_transport/image_transport/subscriber.h
[20.336s] -- Installing: /home/shengbin/camera_ws/install/image_transport/include/image_transport/image_transport/raw_publisher.hpp
[20.336s] -- Installing: /home/shengbin/camera_ws/install/image_transport/include/image_transport/image_transport/single_subscriber_publisher.hpp
[20.337s] -- Installing: /home/shengbin/camera_ws/install/image_transport/include/image_transport/image_transport/publisher_plugin.hpp
[20.337s] -- Installing: /home/shengbin/camera_ws/install/image_transport/include/image_transport/image_transport/exception.hpp
[20.337s] -- Installing: /home/shengbin/camera_ws/install/image_transport/share/ament_index/resource_index/package_run_dependencies/image_transport
[20.337s] -- Installing: /home/shengbin/camera_ws/install/image_transport/share/ament_index/resource_index/parent_prefix_path/image_transport
[20.337s] -- Installing: /home/shengbin/camera_ws/install/image_transport/share/image_transport/environment/ament_prefix_path.sh
[20.337s] -- Installing: /home/shengbin/camera_ws/install/image_transport/share/image_transport/environment/ament_prefix_path.dsv
[20.337s] -- Installing: /home/shengbin/camera_ws/install/image_transport/share/image_transport/environment/path.sh
[20.337s] -- Installing: /home/shengbin/camera_ws/install/image_transport/share/image_transport/environment/path.dsv
[20.337s] -- Installing: /home/shengbin/camera_ws/install/image_transport/share/image_transport/local_setup.bash
[20.337s] -- Installing: /home/shengbin/camera_ws/install/image_transport/share/image_transport/local_setup.sh
[20.337s] -- Installing: /home/shengbin/camera_ws/install/image_transport/share/image_transport/local_setup.zsh
[20.338s] -- Installing: /home/shengbin/camera_ws/install/image_transport/share/image_transport/local_setup.dsv
[20.338s] -- Installing: /home/shengbin/camera_ws/install/image_transport/share/image_transport/package.dsv
[20.338s] -- Installing: /home/shengbin/camera_ws/install/image_transport/share/ament_index/resource_index/packages/image_transport
[20.338s] -- Installing: /home/shengbin/camera_ws/install/image_transport/share/ament_index/resource_index/image_transport__pluginlib__plugin/image_transport
[20.338s] -- Installing: /home/shengbin/camera_ws/install/image_transport/share/image_transport/cmake/export_image_transportExport.cmake
[20.338s] -- Installing: /home/shengbin/camera_ws/install/image_transport/share/image_transport/cmake/export_image_transportExport-noconfig.cmake
[20.338s] -- Installing: /home/shengbin/camera_ws/install/image_transport/share/image_transport/cmake/ament_cmake_export_targets-extras.cmake
[20.338s] -- Installing: /home/shengbin/camera_ws/install/image_transport/share/image_transport/cmake/ament_cmake_export_dependencies-extras.cmake
[20.338s] -- Installing: /home/shengbin/camera_ws/install/image_transport/share/image_transport/cmake/image_transportConfig.cmake
[20.338s] -- Installing: /home/shengbin/camera_ws/install/image_transport/share/image_transport/cmake/image_transportConfig-version.cmake
[20.338s] -- Installing: /home/shengbin/camera_ws/install/image_transport/share/image_transport/package.xml
[20.338s] Invoked command in '/home/shengbin/camera_ws/build/image_transport' returned '0': CMAKE_PREFIX_PATH=${CMAKE_PREFIX_PATH}:/home/shengbin/camera_ws/install/opencv_tests:/home/shengbin/camera_ws/install/camera_calibration:/home/shengbin/camera_ws/install/camera:/opt/ros/humble /usr/bin/cmake --install /home/shengbin/camera_ws/build/image_transport
