[0.081s] Invoking command in '/home/shengbin/camera_ws/build/v4l2_camera': CMAKE_PREFIX_PATH=/home/shengbin/camera_ws/install/camera_info_manager:/home/shengbin/camera_ws/install/image_transport:/home/shengbin/camera_ws/install/cv_bridge:/home/shengbin/camera_ws/install/camera_calibration_parsers:/home/shengbin/camera_ws/install/vision_opencv:/home/shengbin/camera_ws/install/v4l2_camera:/home/shengbin/camera_ws/install/image_pipeline:/home/shengbin/camera_ws/install/stereo_image_proc:/home/shengbin/camera_ws/install/image_proc:/home/shengbin/camera_ws/install/tracetools_image_pipeline:/home/shengbin/camera_ws/install/image_transport_plugins:/home/shengbin/camera_ws/install/theora_image_transport:/home/shengbin/camera_ws/install/ros2_shared:/home/shengbin/camera_ws/install/image_view:/home/shengbin/camera_ws/install/image_rotate:/home/shengbin/camera_ws/install/image_publisher:/home/shengbin/camera_ws/install/image_common:/home/shengbin/camera_ws/install/depth_image_proc:/home/shengbin/camera_ws/install/compressed_image_transport:/home/shengbin/camera_ws/install/compressed_depth_image_transport:/home/shengbin/camera_ws/install/image_geometry:/home/shengbin/camera_ws/install/opencv_tests:/home/shengbin/camera_ws/install/camera_calibration:/home/shengbin/camera_ws/install/camera:/opt/ros/humble LD_LIBRARY_PATH=/home/shengbin/camera_ws/install/camera_info_manager/lib:/home/shengbin/camera_ws/install/image_transport/lib:/home/shengbin/camera_ws/install/cv_bridge/lib:/home/shengbin/camera_ws/install/camera_calibration_parsers/lib:/home/shengbin/camera_ws/install/v4l2_camera/lib:/home/shengbin/camera_ws/install/stereo_image_proc/lib:/home/shengbin/camera_ws/install/image_proc/lib:/home/shengbin/camera_ws/install/tracetools_image_pipeline/lib:/home/shengbin/camera_ws/install/theora_image_transport/lib:/home/shengbin/camera_ws/install/image_view/lib:/home/shengbin/camera_ws/install/image_rotate/lib:/home/shengbin/camera_ws/install/image_publisher/lib:/home/shengbin/camera_ws/install/depth_image_proc/lib:/home/shengbin/camera_ws/install/compressed_image_transport/lib:/home/shengbin/camera_ws/install/compressed_depth_image_transport/lib:/home/shengbin/camera_ws/install/image_geometry/lib:/opt/ros/humble/opt/rviz_ogre_vendor/lib:/opt/ros/humble/lib/x86_64-linux-gnu:/opt/ros/humble/lib /usr/bin/cmake --build /home/shengbin/camera_ws/build/v4l2_camera -- -j16 -l16
[0.115s] -- Found ament_cmake: 1.3.5 (/opt/ros/humble/share/ament_cmake/cmake)
[0.287s] -- Found ament_cmake_ros: 0.10.0 (/opt/ros/humble/share/ament_cmake_ros/cmake)
[0.291s] -- Found rclcpp: 16.0.6 (/opt/ros/humble/share/rclcpp/cmake)
[0.339s] -- Found rosidl_generator_c: 3.1.5 (/opt/ros/humble/share/rosidl_generator_c/cmake)
[0.343s] -- Found rosidl_adapter: 3.1.5 (/opt/ros/humble/share/rosidl_adapter/cmake)
[0.352s] -- Found rosidl_generator_cpp: 3.1.5 (/opt/ros/humble/share/rosidl_generator_cpp/cmake)
[0.369s] -- Using all available rosidl_typesupport_c: rosidl_typesupport_fastrtps_c;rosidl_typesupport_introspection_c
[0.395s] -- Using all available rosidl_typesupport_cpp: rosidl_typesupport_fastrtps_cpp;rosidl_typesupport_introspection_cpp
[0.485s] -- Found rmw_implementation_cmake: 6.1.1 (/opt/ros/humble/share/rmw_implementation_cmake/cmake)
[0.488s] -- Found rmw_cyclonedds_cpp: 1.3.4 (/opt/ros/humble/share/rmw_cyclonedds_cpp/cmake)
[0.534s] -- Using RMW implementation 'rmw_cyclonedds_cpp' as default
[0.773s] -- Found rclcpp_components: 16.0.6 (/opt/ros/humble/share/rclcpp_components/cmake)
[0.860s] -- Found camera_info_manager: 3.1.7 (/home/shengbin/camera_ws/install/camera_info_manager/share/camera_info_manager/cmake)
[1.148s] -- Found cv_bridge: 3.2.1 (/home/shengbin/camera_ws/install/cv_bridge/share/cv_bridge/cmake)
[1.172s] -- Found image_transport: 3.1.7 (/home/shengbin/camera_ws/install/image_transport/share/image_transport/cmake)
[1.238s] -- Found ament_lint_auto: 0.12.8 (/opt/ros/humble/share/ament_lint_auto/cmake)
[1.366s] -- Added test 'cppcheck' to perform static code analysis on C / C++ code
[1.366s] -- Configured cppcheck include dirs: $<BUILD_INTERFACE:/home/shengbin/camera_ws/src/ros2_v4l2_camera/include>
[1.366s] -- Configured cppcheck exclude dirs and/or files: 
[1.370s] -- Added test 'cpplint' to check C / C++ code against the Google style
[1.370s] -- Configured cpplint exclude dirs and/or files: 
[1.372s] -- Added test 'lint_cmake' to check CMake code style
[1.376s] -- Added test 'uncrustify' to check C / C++ code style
[1.376s] -- Configured uncrustify additional arguments: 
[1.377s] -- Added test 'xmllint' to check XML markup files
[1.381s] -- Configuring done
[1.438s] -- Generating done
[1.441s] -- Build files have been written to: /home/shengbin/camera_ws/build/v4l2_camera
[1.508s] [35m[1mConsolidate compiler generated dependencies of target v4l2_camera[0m
[1.543s] [ 12%] [32mBuilding CXX object CMakeFiles/v4l2_camera.dir/src/parameters.cpp.o[0m
[1.552s] [ 25%] [32mBuilding CXX object CMakeFiles/v4l2_camera.dir/src/v4l2_camera.cpp.o[0m
[1.556s] [ 37%] [32mBuilding CXX object CMakeFiles/v4l2_camera.dir/src/v4l2_camera_device.cpp.o[0m
[27.106s] [ 50%] [32m[1mLinking CXX shared library libv4l2_camera.so[0m
[28.335s] [ 50%] Built target v4l2_camera
[28.361s] [35m[1mConsolidate compiler generated dependencies of target v4l2_camera_node[0m
[28.366s] [35m[1mConsolidate compiler generated dependencies of target v4l2_camera_compose_test[0m
[28.400s] [ 62%] [32mBuilding CXX object CMakeFiles/v4l2_camera_node.dir/src/v4l2_camera_node.cpp.o[0m
[28.413s] [ 75%] [32mBuilding CXX object CMakeFiles/v4l2_camera_compose_test.dir/src/v4l2_camera_compose_test.cpp.o[0m
[32.643s] [ 87%] [32m[1mLinking CXX executable v4l2_camera_node[0m
[33.242s] [ 87%] Built target v4l2_camera_node
[37.667s] [100%] [32m[1mLinking CXX executable v4l2_camera_compose_test[0m
[38.334s] [100%] Built target v4l2_camera_compose_test
[38.354s] Invoked command in '/home/shengbin/camera_ws/build/v4l2_camera' returned '0': CMAKE_PREFIX_PATH=/home/shengbin/camera_ws/install/camera_info_manager:/home/shengbin/camera_ws/install/image_transport:/home/shengbin/camera_ws/install/cv_bridge:/home/shengbin/camera_ws/install/camera_calibration_parsers:/home/shengbin/camera_ws/install/vision_opencv:/home/shengbin/camera_ws/install/v4l2_camera:/home/shengbin/camera_ws/install/image_pipeline:/home/shengbin/camera_ws/install/stereo_image_proc:/home/shengbin/camera_ws/install/image_proc:/home/shengbin/camera_ws/install/tracetools_image_pipeline:/home/shengbin/camera_ws/install/image_transport_plugins:/home/shengbin/camera_ws/install/theora_image_transport:/home/shengbin/camera_ws/install/ros2_shared:/home/shengbin/camera_ws/install/image_view:/home/shengbin/camera_ws/install/image_rotate:/home/shengbin/camera_ws/install/image_publisher:/home/shengbin/camera_ws/install/image_common:/home/shengbin/camera_ws/install/depth_image_proc:/home/shengbin/camera_ws/install/compressed_image_transport:/home/shengbin/camera_ws/install/compressed_depth_image_transport:/home/shengbin/camera_ws/install/image_geometry:/home/shengbin/camera_ws/install/opencv_tests:/home/shengbin/camera_ws/install/camera_calibration:/home/shengbin/camera_ws/install/camera:/opt/ros/humble LD_LIBRARY_PATH=/home/shengbin/camera_ws/install/camera_info_manager/lib:/home/shengbin/camera_ws/install/image_transport/lib:/home/shengbin/camera_ws/install/cv_bridge/lib:/home/shengbin/camera_ws/install/camera_calibration_parsers/lib:/home/shengbin/camera_ws/install/v4l2_camera/lib:/home/shengbin/camera_ws/install/stereo_image_proc/lib:/home/shengbin/camera_ws/install/image_proc/lib:/home/shengbin/camera_ws/install/tracetools_image_pipeline/lib:/home/shengbin/camera_ws/install/theora_image_transport/lib:/home/shengbin/camera_ws/install/image_view/lib:/home/shengbin/camera_ws/install/image_rotate/lib:/home/shengbin/camera_ws/install/image_publisher/lib:/home/shengbin/camera_ws/install/depth_image_proc/lib:/home/shengbin/camera_ws/install/compressed_image_transport/lib:/home/shengbin/camera_ws/install/compressed_depth_image_transport/lib:/home/shengbin/camera_ws/install/image_geometry/lib:/opt/ros/humble/opt/rviz_ogre_vendor/lib:/opt/ros/humble/lib/x86_64-linux-gnu:/opt/ros/humble/lib /usr/bin/cmake --build /home/shengbin/camera_ws/build/v4l2_camera -- -j16 -l16
[38.423s] Invoking command in '/home/shengbin/camera_ws/build/v4l2_camera': CMAKE_PREFIX_PATH=/home/shengbin/camera_ws/install/camera_info_manager:/home/shengbin/camera_ws/install/image_transport:/home/shengbin/camera_ws/install/cv_bridge:/home/shengbin/camera_ws/install/camera_calibration_parsers:/home/shengbin/camera_ws/install/vision_opencv:/home/shengbin/camera_ws/install/v4l2_camera:/home/shengbin/camera_ws/install/image_pipeline:/home/shengbin/camera_ws/install/stereo_image_proc:/home/shengbin/camera_ws/install/image_proc:/home/shengbin/camera_ws/install/tracetools_image_pipeline:/home/shengbin/camera_ws/install/image_transport_plugins:/home/shengbin/camera_ws/install/theora_image_transport:/home/shengbin/camera_ws/install/ros2_shared:/home/shengbin/camera_ws/install/image_view:/home/shengbin/camera_ws/install/image_rotate:/home/shengbin/camera_ws/install/image_publisher:/home/shengbin/camera_ws/install/image_common:/home/shengbin/camera_ws/install/depth_image_proc:/home/shengbin/camera_ws/install/compressed_image_transport:/home/shengbin/camera_ws/install/compressed_depth_image_transport:/home/shengbin/camera_ws/install/image_geometry:/home/shengbin/camera_ws/install/opencv_tests:/home/shengbin/camera_ws/install/camera_calibration:/home/shengbin/camera_ws/install/camera:/opt/ros/humble LD_LIBRARY_PATH=/home/shengbin/camera_ws/install/camera_info_manager/lib:/home/shengbin/camera_ws/install/image_transport/lib:/home/shengbin/camera_ws/install/cv_bridge/lib:/home/shengbin/camera_ws/install/camera_calibration_parsers/lib:/home/shengbin/camera_ws/install/v4l2_camera/lib:/home/shengbin/camera_ws/install/stereo_image_proc/lib:/home/shengbin/camera_ws/install/image_proc/lib:/home/shengbin/camera_ws/install/tracetools_image_pipeline/lib:/home/shengbin/camera_ws/install/theora_image_transport/lib:/home/shengbin/camera_ws/install/image_view/lib:/home/shengbin/camera_ws/install/image_rotate/lib:/home/shengbin/camera_ws/install/image_publisher/lib:/home/shengbin/camera_ws/install/depth_image_proc/lib:/home/shengbin/camera_ws/install/compressed_image_transport/lib:/home/shengbin/camera_ws/install/compressed_depth_image_transport/lib:/home/shengbin/camera_ws/install/image_geometry/lib:/opt/ros/humble/opt/rviz_ogre_vendor/lib:/opt/ros/humble/lib/x86_64-linux-gnu:/opt/ros/humble/lib /usr/bin/cmake --install /home/shengbin/camera_ws/build/v4l2_camera
[38.437s] -- Install configuration: ""
[38.437s] -- Up-to-date: /home/shengbin/camera_ws/install/v4l2_camera/include
[38.438s] -- Up-to-date: /home/shengbin/camera_ws/install/v4l2_camera/include/v4l2_camera
[38.438s] -- Installing: /home/shengbin/camera_ws/install/v4l2_camera/include/v4l2_camera/parameters.hpp
[38.438s] -- Installing: /home/shengbin/camera_ws/install/v4l2_camera/include/v4l2_camera/v4l2_camera.hpp
[38.438s] -- Installing: /home/shengbin/camera_ws/install/v4l2_camera/include/v4l2_camera/fourcc.hpp
[38.439s] -- Installing: /home/shengbin/camera_ws/install/v4l2_camera/include/v4l2_camera/image_format.hpp
[38.439s] -- Installing: /home/shengbin/camera_ws/install/v4l2_camera/include/v4l2_camera/pixel_format.hpp
[38.439s] -- Installing: /home/shengbin/camera_ws/install/v4l2_camera/include/v4l2_camera/control.hpp
[38.439s] -- Installing: /home/shengbin/camera_ws/install/v4l2_camera/include/v4l2_camera/visibility_control.h
[38.439s] -- Installing: /home/shengbin/camera_ws/install/v4l2_camera/include/v4l2_camera/v4l2_camera_device.hpp
[38.440s] -- Installing: /home/shengbin/camera_ws/install/v4l2_camera/lib/libv4l2_camera.so
[38.451s] -- Set runtime path of "/home/shengbin/camera_ws/install/v4l2_camera/lib/libv4l2_camera.so" to ""
[38.452s] -- Installing: /home/shengbin/camera_ws/install/v4l2_camera/lib/v4l2_camera/v4l2_camera_node
[38.453s] -- Set runtime path of "/home/shengbin/camera_ws/install/v4l2_camera/lib/v4l2_camera/v4l2_camera_node" to ""
[38.453s] -- Installing: /home/shengbin/camera_ws/install/v4l2_camera/lib/v4l2_camera/v4l2_camera_compose_test
[38.460s] -- Set runtime path of "/home/shengbin/camera_ws/install/v4l2_camera/lib/v4l2_camera/v4l2_camera_compose_test" to ""
[38.461s] -- Up-to-date: /home/shengbin/camera_ws/install/v4l2_camera/share/v4l2_camera/environment/library_path.sh
[38.461s] -- Installing: /home/shengbin/camera_ws/install/v4l2_camera/share/v4l2_camera/environment/library_path.dsv
[38.462s] -- Up-to-date: /home/shengbin/camera_ws/install/v4l2_camera/share/ament_index/resource_index/package_run_dependencies/v4l2_camera
[38.462s] -- Up-to-date: /home/shengbin/camera_ws/install/v4l2_camera/share/ament_index/resource_index/parent_prefix_path/v4l2_camera
[38.462s] -- Up-to-date: /home/shengbin/camera_ws/install/v4l2_camera/share/v4l2_camera/environment/ament_prefix_path.sh
[38.462s] -- Installing: /home/shengbin/camera_ws/install/v4l2_camera/share/v4l2_camera/environment/ament_prefix_path.dsv
[38.462s] -- Up-to-date: /home/shengbin/camera_ws/install/v4l2_camera/share/v4l2_camera/environment/path.sh
[38.462s] -- Installing: /home/shengbin/camera_ws/install/v4l2_camera/share/v4l2_camera/environment/path.dsv
[38.462s] -- Up-to-date: /home/shengbin/camera_ws/install/v4l2_camera/share/v4l2_camera/local_setup.bash
[38.463s] -- Up-to-date: /home/shengbin/camera_ws/install/v4l2_camera/share/v4l2_camera/local_setup.sh
[38.463s] -- Up-to-date: /home/shengbin/camera_ws/install/v4l2_camera/share/v4l2_camera/local_setup.zsh
[38.463s] -- Installing: /home/shengbin/camera_ws/install/v4l2_camera/share/v4l2_camera/local_setup.dsv
[38.463s] -- Installing: /home/shengbin/camera_ws/install/v4l2_camera/share/v4l2_camera/package.dsv
[38.463s] -- Up-to-date: /home/shengbin/camera_ws/install/v4l2_camera/share/ament_index/resource_index/packages/v4l2_camera
[38.463s] -- Up-to-date: /home/shengbin/camera_ws/install/v4l2_camera/share/ament_index/resource_index/rclcpp_components/v4l2_camera
[38.464s] -- Up-to-date: /home/shengbin/camera_ws/install/v4l2_camera/share/v4l2_camera/cmake/export_v4l2_cameraExport.cmake
[38.464s] -- Up-to-date: /home/shengbin/camera_ws/install/v4l2_camera/share/v4l2_camera/cmake/export_v4l2_cameraExport-noconfig.cmake
[38.464s] -- Up-to-date: /home/shengbin/camera_ws/install/v4l2_camera/share/v4l2_camera/cmake/ament_cmake_export_include_directories-extras.cmake
[38.464s] -- Up-to-date: /home/shengbin/camera_ws/install/v4l2_camera/share/v4l2_camera/cmake/ament_cmake_export_targets-extras.cmake
[38.465s] -- Up-to-date: /home/shengbin/camera_ws/install/v4l2_camera/share/v4l2_camera/cmake/ament_cmake_export_libraries-extras.cmake
[38.465s] -- Up-to-date: /home/shengbin/camera_ws/install/v4l2_camera/share/v4l2_camera/cmake/ament_cmake_export_dependencies-extras.cmake
[38.465s] -- Up-to-date: /home/shengbin/camera_ws/install/v4l2_camera/share/v4l2_camera/cmake/v4l2_cameraConfig.cmake
[38.465s] -- Up-to-date: /home/shengbin/camera_ws/install/v4l2_camera/share/v4l2_camera/cmake/v4l2_cameraConfig-version.cmake
[38.465s] -- Installing: /home/shengbin/camera_ws/install/v4l2_camera/share/v4l2_camera/package.xml
[38.468s] Invoked command in '/home/shengbin/camera_ws/build/v4l2_camera' returned '0': CMAKE_PREFIX_PATH=/home/shengbin/camera_ws/install/camera_info_manager:/home/shengbin/camera_ws/install/image_transport:/home/shengbin/camera_ws/install/cv_bridge:/home/shengbin/camera_ws/install/camera_calibration_parsers:/home/shengbin/camera_ws/install/vision_opencv:/home/shengbin/camera_ws/install/v4l2_camera:/home/shengbin/camera_ws/install/image_pipeline:/home/shengbin/camera_ws/install/stereo_image_proc:/home/shengbin/camera_ws/install/image_proc:/home/shengbin/camera_ws/install/tracetools_image_pipeline:/home/shengbin/camera_ws/install/image_transport_plugins:/home/shengbin/camera_ws/install/theora_image_transport:/home/shengbin/camera_ws/install/ros2_shared:/home/shengbin/camera_ws/install/image_view:/home/shengbin/camera_ws/install/image_rotate:/home/shengbin/camera_ws/install/image_publisher:/home/shengbin/camera_ws/install/image_common:/home/shengbin/camera_ws/install/depth_image_proc:/home/shengbin/camera_ws/install/compressed_image_transport:/home/shengbin/camera_ws/install/compressed_depth_image_transport:/home/shengbin/camera_ws/install/image_geometry:/home/shengbin/camera_ws/install/opencv_tests:/home/shengbin/camera_ws/install/camera_calibration:/home/shengbin/camera_ws/install/camera:/opt/ros/humble LD_LIBRARY_PATH=/home/shengbin/camera_ws/install/camera_info_manager/lib:/home/shengbin/camera_ws/install/image_transport/lib:/home/shengbin/camera_ws/install/cv_bridge/lib:/home/shengbin/camera_ws/install/camera_calibration_parsers/lib:/home/shengbin/camera_ws/install/v4l2_camera/lib:/home/shengbin/camera_ws/install/stereo_image_proc/lib:/home/shengbin/camera_ws/install/image_proc/lib:/home/shengbin/camera_ws/install/tracetools_image_pipeline/lib:/home/shengbin/camera_ws/install/theora_image_transport/lib:/home/shengbin/camera_ws/install/image_view/lib:/home/shengbin/camera_ws/install/image_rotate/lib:/home/shengbin/camera_ws/install/image_publisher/lib:/home/shengbin/camera_ws/install/depth_image_proc/lib:/home/shengbin/camera_ws/install/compressed_image_transport/lib:/home/shengbin/camera_ws/install/compressed_depth_image_transport/lib:/home/shengbin/camera_ws/install/image_geometry/lib:/opt/ros/humble/opt/rviz_ogre_vendor/lib:/opt/ros/humble/lib/x86_64-linux-gnu:/opt/ros/humble/lib /usr/bin/cmake --install /home/shengbin/camera_ws/build/v4l2_camera
