[0.274s] Invoking command in '/home/shengbin/camera_ws/build/image_transport': CMAKE_PREFIX_PATH=${CMAKE_PREFIX_PATH}:/home/shengbin/camera_ws/install/opencv_tests:/home/shengbin/camera_ws/install/camera_calibration:/home/shengbin/camera_ws/install/camera:/opt/ros/humble /usr/bin/cmake --build /home/shengbin/camera_ws/build/image_transport -- -j16 -l16
[0.582s] -- Found ament_cmake_ros: 0.10.0 (/opt/ros/humble/share/ament_cmake_ros/cmake)
[0.582s] -- Found message_filters: 4.3.3 (/opt/ros/humble/share/message_filters/cmake)
[0.582s] -- Found rosidl_generator_c: 3.1.5 (/opt/ros/humble/share/rosidl_generator_c/cmake)
[0.582s] -- Found rosidl_adapter: 3.1.5 (/opt/ros/humble/share/rosidl_adapter/cmake)
[0.582s] -- Found rosidl_generator_cpp: 3.1.5 (/opt/ros/humble/share/rosidl_generator_cpp/cmake)
[0.582s] -- Using all available rosidl_typesupport_c: rosidl_typesupport_fastrtps_c;rosidl_typesupport_introspection_c
[0.582s] -- Using all available rosidl_typesupport_cpp: rosidl_typesupport_fastrtps_cpp;rosidl_typesupport_introspection_cpp
[0.616s] -- Found rmw_implementation_cmake: 6.1.1 (/opt/ros/humble/share/rmw_implementation_cmake/cmake)
[0.621s] -- Found rmw_cyclonedds_cpp: 1.3.4 (/opt/ros/humble/share/rmw_cyclonedds_cpp/cmake)
[0.670s] -- Using RMW implementation 'rmw_cyclonedds_cpp' as default
[0.908s] -- Found pluginlib: 5.1.0 (/opt/ros/humble/share/pluginlib/cmake)
[0.924s] -- Found sensor_msgs: 4.2.3 (/opt/ros/humble/share/sensor_msgs/cmake)
[1.035s] -- Found ament_lint_auto: 0.12.8 (/opt/ros/humble/share/ament_lint_auto/cmake)
[1.105s] -- Found gtest sources under '/opt/ros/humble/src/gtest_vendor': C++ tests using 'Google Test' will be built
[1.130s] -- Added test 'copyright' to check source files copyright and LICENSE
[1.132s] -- Added test 'cpplint' to check C / C++ code against the Google style
[1.132s] -- Configured cpplint exclude dirs and/or files: 
[1.133s] -- Added test 'lint_cmake' to check CMake code style
[1.136s] -- Added test 'uncrustify' to check C / C++ code style
[1.136s] -- Configured uncrustify additional arguments: 
[1.137s] -- Added test 'xmllint' to check XML markup files
[1.139s] -- Configuring done
[1.218s] -- Generating done
[1.222s] -- Build files have been written to: /home/shengbin/camera_ws/build/image_transport
[1.268s] [35m[1mConsolidate compiler generated dependencies of target gtest_main[0m
[1.268s] [35m[1mConsolidate compiler generated dependencies of target gtest[0m
[1.270s] [35m[1mConsolidate compiler generated dependencies of target image_transport[0m
[1.291s] [ 13%] Built target gtest_main
[1.291s] [ 13%] Built target gtest
[1.312s] [ 16%] [32mBuilding CXX object CMakeFiles/image_transport.dir/src/camera_common.cpp.o[0m
[1.313s] [ 20%] [32mBuilding CXX object CMakeFiles/image_transport.dir/src/publisher.cpp.o[0m
[1.314s] [ 23%] [32mBuilding CXX object CMakeFiles/image_transport.dir/src/single_subscriber_publisher.cpp.o[0m
[1.318s] [ 26%] [32mBuilding CXX object CMakeFiles/image_transport.dir/src/subscriber.cpp.o[0m
[1.320s] [ 30%] [32mBuilding CXX object CMakeFiles/image_transport.dir/src/camera_subscriber.cpp.o[0m
[1.320s] [ 33%] [32mBuilding CXX object CMakeFiles/image_transport.dir/src/camera_publisher.cpp.o[0m
[1.327s] [ 36%] [32mBuilding CXX object CMakeFiles/image_transport.dir/src/image_transport.cpp.o[0m
[9.986s] [ 40%] [32m[1mLinking CXX shared library libimage_transport.so[0m
[10.458s] [ 40%] Built target image_transport
[10.468s] [35m[1mConsolidate compiler generated dependencies of target list_transports[0m
[10.468s] [35m[1mConsolidate compiler generated dependencies of target image_transport_plugins[0m
[10.469s] [35m[1mConsolidate compiler generated dependencies of target republish[0m
[10.472s] [35m[1mConsolidate compiler generated dependencies of target image_transport-camera_common[0m
[10.474s] [35m[1mConsolidate compiler generated dependencies of target image_transport-message_passing[0m
[10.474s] [35m[1mConsolidate compiler generated dependencies of target image_transport-subscriber[0m
[10.475s] [35m[1mConsolidate compiler generated dependencies of target image_transport-publisher[0m
[10.475s] [35m[1mConsolidate compiler generated dependencies of target image_transport-single_subscriber_publisher[0m
[10.475s] [35m[1mConsolidate compiler generated dependencies of target image_transport-remapping[0m
[10.480s] [ 46%] [32mBuilding CXX object CMakeFiles/republish.dir/src/republish.cpp.o[0m
[10.481s] [ 46%] [32mBuilding CXX object CMakeFiles/image_transport_plugins.dir/src/manifest.cpp.o[0m
[10.481s] [ 50%] [32mBuilding CXX object CMakeFiles/list_transports.dir/src/list_transports.cpp.o[0m
[10.488s] [ 53%] [32mBuilding CXX object CMakeFiles/image_transport-remapping.dir/test/test_remapping.cpp.o[0m
[10.489s] [ 60%] [32mBuilding CXX object CMakeFiles/image_transport-single_subscriber_publisher.dir/test/test_single_subscriber_publisher.cpp.o[0m
[10.489s] [ 60%] [32mBuilding CXX object CMakeFiles/image_transport-camera_common.dir/test/test_camera_common.cpp.o[0m
[10.491s] [ 63%] [32mBuilding CXX object CMakeFiles/image_transport-publisher.dir/test/test_publisher.cpp.o[0m
[10.493s] [ 66%] [32mBuilding CXX object CMakeFiles/image_transport-message_passing.dir/test/test_message_passing.cpp.o[0m
[10.494s] [ 70%] [32mBuilding CXX object CMakeFiles/image_transport-subscriber.dir/test/test_subscriber.cpp.o[0m
[11.397s] [ 73%] [32m[1mLinking CXX executable image_transport-camera_common[0m
[11.742s] [ 73%] Built target image_transport-camera_common
[13.728s] [ 76%] [32m[1mLinking CXX executable image_transport-single_subscriber_publisher[0m
[13.900s] [ 80%] [32m[1mLinking CXX executable image_transport-remapping[0m
[14.025s] [ 80%] Built target image_transport-single_subscriber_publisher
[14.189s] [ 80%] Built target image_transport-remapping
[14.732s] [ 83%] [32m[1mLinking CXX executable list_transports[0m
[14.985s] [ 83%] Built target list_transports
[15.187s] [ 86%] [32m[1mLinking CXX executable republish[0m
[15.289s] [ 90%] [32m[1mLinking CXX executable image_transport-message_passing[0m
[15.372s] [ 93%] [32m[1mLinking CXX executable image_transport-subscriber[0m
[15.453s] [ 93%] Built target republish
[15.598s] [ 96%] [32m[1mLinking CXX executable image_transport-publisher[0m
[15.598s] [ 96%] Built target image_transport-message_passing
[15.689s] [ 96%] Built target image_transport-subscriber
[15.822s] [ 96%] Built target image_transport-publisher
[18.282s] [100%] [32m[1mLinking CXX shared library libimage_transport_plugins.so[0m
[18.580s] [100%] Built target image_transport_plugins
[18.592s] Invoked command in '/home/shengbin/camera_ws/build/image_transport' returned '0': CMAKE_PREFIX_PATH=${CMAKE_PREFIX_PATH}:/home/shengbin/camera_ws/install/opencv_tests:/home/shengbin/camera_ws/install/camera_calibration:/home/shengbin/camera_ws/install/camera:/opt/ros/humble /usr/bin/cmake --build /home/shengbin/camera_ws/build/image_transport -- -j16 -l16
[18.704s] Invoking command in '/home/shengbin/camera_ws/build/image_transport': CMAKE_PREFIX_PATH=${CMAKE_PREFIX_PATH}:/home/shengbin/camera_ws/install/opencv_tests:/home/shengbin/camera_ws/install/camera_calibration:/home/shengbin/camera_ws/install/camera:/opt/ros/humble /usr/bin/cmake --install /home/shengbin/camera_ws/build/image_transport
[18.713s] -- Install configuration: ""
[18.713s] -- Installing: /home/shengbin/camera_ws/install/image_transport/share/image_transport/default_plugins.xml
[18.713s] -- Installing: /home/shengbin/camera_ws/install/image_transport/lib/libimage_transport.so
[18.719s] -- Set runtime path of "/home/shengbin/camera_ws/install/image_transport/lib/libimage_transport.so" to ""
[18.719s] -- Installing: /home/shengbin/camera_ws/install/image_transport/lib/libimage_transport_plugins.so
[18.723s] -- Set runtime path of "/home/shengbin/camera_ws/install/image_transport/lib/libimage_transport_plugins.so" to ""
[18.723s] -- Up-to-date: /home/shengbin/camera_ws/install/image_transport/lib/libimage_transport.so
[18.723s] -- Installing: /home/shengbin/camera_ws/install/image_transport/lib/image_transport/list_transports
[18.724s] -- Set runtime path of "/home/shengbin/camera_ws/install/image_transport/lib/image_transport/list_transports" to ""
[18.725s] -- Installing: /home/shengbin/camera_ws/install/image_transport/lib/image_transport/republish
[18.726s] -- Set runtime path of "/home/shengbin/camera_ws/install/image_transport/lib/image_transport/republish" to ""
[18.726s] -- Up-to-date: /home/shengbin/camera_ws/install/image_transport/include/image_transport
[18.726s] -- Up-to-date: /home/shengbin/camera_ws/install/image_transport/include/image_transport/image_transport
[18.726s] -- Installing: /home/shengbin/camera_ws/install/image_transport/include/image_transport/image_transport/subscriber.hpp
[18.726s] -- Installing: /home/shengbin/camera_ws/install/image_transport/include/image_transport/image_transport/transport_hints.hpp
[18.726s] -- Installing: /home/shengbin/camera_ws/install/image_transport/include/image_transport/image_transport/loader_fwds.h
[18.726s] -- Installing: /home/shengbin/camera_ws/install/image_transport/include/image_transport/image_transport/publisher.h
[18.726s] -- Installing: /home/shengbin/camera_ws/install/image_transport/include/image_transport/image_transport/subscriber_filter.h
[18.726s] -- Installing: /home/shengbin/camera_ws/install/image_transport/include/image_transport/image_transport/camera_subscriber.hpp
[18.726s] -- Installing: /home/shengbin/camera_ws/install/image_transport/include/image_transport/image_transport/transport_hints.h
[18.726s] -- Installing: /home/shengbin/camera_ws/install/image_transport/include/image_transport/image_transport/visibility_control.hpp
[18.726s] -- Installing: /home/shengbin/camera_ws/install/image_transport/include/image_transport/image_transport/publisher.hpp
[18.726s] -- Installing: /home/shengbin/camera_ws/install/image_transport/include/image_transport/image_transport/camera_common.h
[18.726s] -- Installing: /home/shengbin/camera_ws/install/image_transport/include/image_transport/image_transport/simple_publisher_plugin.hpp
[18.726s] -- Installing: /home/shengbin/camera_ws/install/image_transport/include/image_transport/image_transport/subscriber_plugin.h
[18.727s] -- Installing: /home/shengbin/camera_ws/install/image_transport/include/image_transport/image_transport/raw_subscriber.h
[18.727s] -- Installing: /home/shengbin/camera_ws/install/image_transport/include/image_transport/image_transport/camera_publisher.h
[18.727s] -- Installing: /home/shengbin/camera_ws/install/image_transport/include/image_transport/image_transport/image_transport.hpp
[18.727s] -- Installing: /home/shengbin/camera_ws/install/image_transport/include/image_transport/image_transport/camera_subscriber.h
[18.727s] -- Installing: /home/shengbin/camera_ws/install/image_transport/include/image_transport/image_transport/camera_common.hpp
[18.727s] -- Installing: /home/shengbin/camera_ws/install/image_transport/include/image_transport/image_transport/simple_publisher_plugin.h
[18.727s] -- Installing: /home/shengbin/camera_ws/install/image_transport/include/image_transport/image_transport/loader_fwds.hpp
[18.727s] -- Installing: /home/shengbin/camera_ws/install/image_transport/include/image_transport/image_transport/subscriber_filter.hpp
[18.727s] -- Installing: /home/shengbin/camera_ws/install/image_transport/include/image_transport/image_transport/simple_subscriber_plugin.hpp
[18.727s] -- Installing: /home/shengbin/camera_ws/install/image_transport/include/image_transport/image_transport/image_transport.h
[18.727s] -- Installing: /home/shengbin/camera_ws/install/image_transport/include/image_transport/image_transport/raw_subscriber.hpp
[18.727s] -- Installing: /home/shengbin/camera_ws/install/image_transport/include/image_transport/image_transport/exception.h
[18.727s] -- Installing: /home/shengbin/camera_ws/install/image_transport/include/image_transport/image_transport/publisher_plugin.h
[18.727s] -- Installing: /home/shengbin/camera_ws/install/image_transport/include/image_transport/image_transport/single_subscriber_publisher.h
[18.727s] -- Installing: /home/shengbin/camera_ws/install/image_transport/include/image_transport/image_transport/simple_subscriber_plugin.h
[18.727s] -- Installing: /home/shengbin/camera_ws/install/image_transport/include/image_transport/image_transport/raw_publisher.h
[18.727s] -- Installing: /home/shengbin/camera_ws/install/image_transport/include/image_transport/image_transport/subscriber_plugin.hpp
[18.727s] -- Installing: /home/shengbin/camera_ws/install/image_transport/include/image_transport/image_transport/camera_publisher.hpp
[18.727s] -- Installing: /home/shengbin/camera_ws/install/image_transport/include/image_transport/image_transport/subscriber.h
[18.727s] -- Installing: /home/shengbin/camera_ws/install/image_transport/include/image_transport/image_transport/raw_publisher.hpp
[18.727s] -- Installing: /home/shengbin/camera_ws/install/image_transport/include/image_transport/image_transport/single_subscriber_publisher.hpp
[18.727s] -- Installing: /home/shengbin/camera_ws/install/image_transport/include/image_transport/image_transport/publisher_plugin.hpp
[18.727s] -- Installing: /home/shengbin/camera_ws/install/image_transport/include/image_transport/image_transport/exception.hpp
[18.727s] -- Up-to-date: /home/shengbin/camera_ws/install/image_transport/share/ament_index/resource_index/package_run_dependencies/image_transport
[18.727s] -- Up-to-date: /home/shengbin/camera_ws/install/image_transport/share/ament_index/resource_index/parent_prefix_path/image_transport
[18.727s] -- Up-to-date: /home/shengbin/camera_ws/install/image_transport/share/image_transport/environment/ament_prefix_path.sh
[18.728s] -- Installing: /home/shengbin/camera_ws/install/image_transport/share/image_transport/environment/ament_prefix_path.dsv
[18.728s] -- Up-to-date: /home/shengbin/camera_ws/install/image_transport/share/image_transport/environment/path.sh
[18.728s] -- Installing: /home/shengbin/camera_ws/install/image_transport/share/image_transport/environment/path.dsv
[18.728s] -- Up-to-date: /home/shengbin/camera_ws/install/image_transport/share/image_transport/local_setup.bash
[18.728s] -- Up-to-date: /home/shengbin/camera_ws/install/image_transport/share/image_transport/local_setup.sh
[18.728s] -- Up-to-date: /home/shengbin/camera_ws/install/image_transport/share/image_transport/local_setup.zsh
[18.728s] -- Installing: /home/shengbin/camera_ws/install/image_transport/share/image_transport/local_setup.dsv
[18.728s] -- Installing: /home/shengbin/camera_ws/install/image_transport/share/image_transport/package.dsv
[18.728s] -- Up-to-date: /home/shengbin/camera_ws/install/image_transport/share/ament_index/resource_index/packages/image_transport
[18.728s] -- Up-to-date: /home/shengbin/camera_ws/install/image_transport/share/ament_index/resource_index/image_transport__pluginlib__plugin/image_transport
[18.728s] -- Up-to-date: /home/shengbin/camera_ws/install/image_transport/share/image_transport/cmake/export_image_transportExport.cmake
[18.728s] -- Up-to-date: /home/shengbin/camera_ws/install/image_transport/share/image_transport/cmake/export_image_transportExport-noconfig.cmake
[18.728s] -- Up-to-date: /home/shengbin/camera_ws/install/image_transport/share/image_transport/cmake/ament_cmake_export_targets-extras.cmake
[18.728s] -- Up-to-date: /home/shengbin/camera_ws/install/image_transport/share/image_transport/cmake/ament_cmake_export_dependencies-extras.cmake
[18.728s] -- Up-to-date: /home/shengbin/camera_ws/install/image_transport/share/image_transport/cmake/image_transportConfig.cmake
[18.728s] -- Up-to-date: /home/shengbin/camera_ws/install/image_transport/share/image_transport/cmake/image_transportConfig-version.cmake
[18.728s] -- Installing: /home/shengbin/camera_ws/install/image_transport/share/image_transport/package.xml
[18.729s] Invoked command in '/home/shengbin/camera_ws/build/image_transport' returned '0': CMAKE_PREFIX_PATH=${CMAKE_PREFIX_PATH}:/home/shengbin/camera_ws/install/opencv_tests:/home/shengbin/camera_ws/install/camera_calibration:/home/shengbin/camera_ws/install/camera:/opt/ros/humble /usr/bin/cmake --install /home/shengbin/camera_ws/build/image_transport
