-- Found ament_cmake: 1.3.5 (/opt/ros/humble/share/ament_cmake/cmake)
-- Found ament_lint_auto: 0.12.8 (/opt/ros/humble/share/ament_lint_auto/cmake)
-- Added test 'lint_cmake' to check CMake code style
-- Added test 'xmllint' to check XML markup files
-- Configuring done
-- Generating done
-- Build files have been written to: /home/shengbin/camera_ws/build/image_pipeline
-- Install configuration: ""
-- Up-to-date: /home/shengbin/camera_ws/install/image_pipeline/share/ament_index/resource_index/package_run_dependencies/image_pipeline
-- Up-to-date: /home/shengbin/camera_ws/install/image_pipeline/share/ament_index/resource_index/parent_prefix_path/image_pipeline
-- Up-to-date: /home/shengbin/camera_ws/install/image_pipeline/share/image_pipeline/environment/ament_prefix_path.sh
-- Installing: /home/shengbin/camera_ws/install/image_pipeline/share/image_pipeline/environment/ament_prefix_path.dsv
-- Up-to-date: /home/shengbin/camera_ws/install/image_pipeline/share/image_pipeline/environment/path.sh
-- Installing: /home/shengbin/camera_ws/install/image_pipeline/share/image_pipeline/environment/path.dsv
-- Up-to-date: /home/shengbin/camera_ws/install/image_pipeline/share/image_pipeline/local_setup.bash
-- Up-to-date: /home/shengbin/camera_ws/install/image_pipeline/share/image_pipeline/local_setup.sh
-- Up-to-date: /home/shengbin/camera_ws/install/image_pipeline/share/image_pipeline/local_setup.zsh
-- Installing: /home/shengbin/camera_ws/install/image_pipeline/share/image_pipeline/local_setup.dsv
-- Installing: /home/shengbin/camera_ws/install/image_pipeline/share/image_pipeline/package.dsv
-- Up-to-date: /home/shengbin/camera_ws/install/image_pipeline/share/ament_index/resource_index/packages/image_pipeline
-- Up-to-date: /home/shengbin/camera_ws/install/image_pipeline/share/image_pipeline/cmake/image_pipelineConfig.cmake
-- Up-to-date: /home/shengbin/camera_ws/install/image_pipeline/share/image_pipeline/cmake/image_pipelineConfig-version.cmake
-- Installing: /home/shengbin/camera_ws/install/image_pipeline/share/image_pipeline/package.xml
