[0.063s] Invoking command in '/home/shengbin/camera_ws/build/v4l2_camera': CMAKE_PREFIX_PATH=/home/shengbin/camera_ws/install/camera_info_manager:/home/shengbin/camera_ws/install/image_transport:/home/shengbin/camera_ws/install/cv_bridge:/home/shengbin/camera_ws/install/camera_calibration_parsers:/home/shengbin/camera_ws/install/vision_opencv:/home/shengbin/camera_ws/install/v4l2_camera:/home/shengbin/camera_ws/install/image_pipeline:/home/shengbin/camera_ws/install/stereo_image_proc:/home/shengbin/camera_ws/install/image_proc:/home/shengbin/camera_ws/install/tracetools_image_pipeline:/home/shengbin/camera_ws/install/image_transport_plugins:/home/shengbin/camera_ws/install/theora_image_transport:/home/shengbin/camera_ws/install/ros2_shared:/home/shengbin/camera_ws/install/image_view:/home/shengbin/camera_ws/install/image_rotate:/home/shengbin/camera_ws/install/image_publisher:/home/shengbin/camera_ws/install/image_common:/home/shengbin/camera_ws/install/depth_image_proc:/home/shengbin/camera_ws/install/compressed_image_transport:/home/shengbin/camera_ws/install/compressed_depth_image_transport:/home/shengbin/camera_ws/install/image_geometry:/home/shengbin/camera_ws/install/opencv_tests:/home/shengbin/camera_ws/install/camera_calibration:/home/shengbin/camera_ws/install/camera:/opt/ros/humble LD_LIBRARY_PATH=/home/shengbin/camera_ws/install/camera_info_manager/lib:/home/shengbin/camera_ws/install/image_transport/lib:/home/shengbin/camera_ws/install/cv_bridge/lib:/home/shengbin/camera_ws/install/camera_calibration_parsers/lib:/home/shengbin/camera_ws/install/v4l2_camera/lib:/home/shengbin/camera_ws/install/stereo_image_proc/lib:/home/shengbin/camera_ws/install/image_proc/lib:/home/shengbin/camera_ws/install/tracetools_image_pipeline/lib:/home/shengbin/camera_ws/install/theora_image_transport/lib:/home/shengbin/camera_ws/install/image_view/lib:/home/shengbin/camera_ws/install/image_rotate/lib:/home/shengbin/camera_ws/install/image_publisher/lib:/home/shengbin/camera_ws/install/depth_image_proc/lib:/home/shengbin/camera_ws/install/compressed_image_transport/lib:/home/shengbin/camera_ws/install/compressed_depth_image_transport/lib:/home/shengbin/camera_ws/install/image_geometry/lib:/opt/ros/humble/opt/rviz_ogre_vendor/lib:/opt/ros/humble/lib/x86_64-linux-gnu:/opt/ros/humble/lib /usr/bin/cmake /home/shengbin/camera_ws/src/ros2_v4l2_camera -DCMAKE_INSTALL_PREFIX=/home/shengbin/camera_ws/install/v4l2_camera
[0.121s] -- The C compiler identification is GNU 11.4.0
[0.188s] -- The CXX compiler identification is GNU 11.4.0
[0.195s] -- Detecting C compiler ABI info
[0.260s] -- Detecting C compiler ABI info - done
[0.273s] -- Check for working C compiler: /usr/bin/cc - skipped
[0.274s] -- Detecting C compile features
[0.274s] -- Detecting C compile features - done
[0.279s] -- Detecting CXX compiler ABI info
[0.396s] -- Detecting CXX compiler ABI info - done
[0.409s] -- Check for working CXX compiler: /usr/bin/c++ - skipped
[0.409s] -- Detecting CXX compile features
[0.410s] -- Detecting CXX compile features - done
[0.414s] -- Found ament_cmake: 1.3.5 (/opt/ros/humble/share/ament_cmake/cmake)
[0.632s] -- Found Python3: /usr/bin/python3.10 (found version "3.10.12") found components: Interpreter 
[0.742s] -- Found ament_cmake_ros: 0.10.0 (/opt/ros/humble/share/ament_cmake_ros/cmake)
[0.757s] -- Found rclcpp: 16.0.6 (/opt/ros/humble/share/rclcpp/cmake)
[0.832s] -- Found rosidl_generator_c: 3.1.5 (/opt/ros/humble/share/rosidl_generator_c/cmake)
[0.841s] -- Found rosidl_adapter: 3.1.5 (/opt/ros/humble/share/rosidl_adapter/cmake)
[0.856s] -- Found rosidl_generator_cpp: 3.1.5 (/opt/ros/humble/share/rosidl_generator_cpp/cmake)
[0.879s] -- Using all available rosidl_typesupport_c: rosidl_typesupport_fastrtps_c;rosidl_typesupport_introspection_c
[0.912s] -- Using all available rosidl_typesupport_cpp: rosidl_typesupport_fastrtps_cpp;rosidl_typesupport_introspection_cpp
[1.037s] -- Found rmw_implementation_cmake: 6.1.1 (/opt/ros/humble/share/rmw_implementation_cmake/cmake)
[1.043s] -- Found rmw_cyclonedds_cpp: 1.3.4 (/opt/ros/humble/share/rmw_cyclonedds_cpp/cmake)
[1.106s] -- Using RMW implementation 'rmw_cyclonedds_cpp' as default
[1.123s] -- Looking for pthread.h
[1.233s] -- Looking for pthread.h - found
[1.233s] -- Performing Test CMAKE_HAVE_LIBC_PTHREAD
[1.334s] -- Performing Test CMAKE_HAVE_LIBC_PTHREAD - Success
[1.335s] -- Found Threads: TRUE  
[1.530s] -- Found rclcpp_components: 16.0.6 (/opt/ros/humble/share/rclcpp_components/cmake)
[1.591s] -- Found camera_info_manager: 3.1.7 (/home/shengbin/camera_ws/install/camera_info_manager/share/camera_info_manager/cmake)
[1.759s] -- Found cv_bridge: 3.2.1 (/home/shengbin/camera_ws/install/cv_bridge/share/cv_bridge/cmake)
[1.774s] -- Found image_transport: 3.1.7 (/home/shengbin/camera_ws/install/image_transport/share/image_transport/cmake)
[1.818s] -- Found ament_lint_auto: 0.12.8 (/opt/ros/humble/share/ament_lint_auto/cmake)
[1.925s] -- Added test 'cppcheck' to perform static code analysis on C / C++ code
[1.926s] -- Configured cppcheck include dirs: $<BUILD_INTERFACE:/home/shengbin/camera_ws/src/ros2_v4l2_camera/include>
[1.926s] -- Configured cppcheck exclude dirs and/or files: 
[1.930s] -- Added test 'cpplint' to check C / C++ code against the Google style
[1.931s] -- Configured cpplint exclude dirs and/or files: 
[1.933s] -- Added test 'lint_cmake' to check CMake code style
[1.938s] -- Added test 'uncrustify' to check C / C++ code style
[1.938s] -- Configured uncrustify additional arguments: 
[1.940s] -- Added test 'xmllint' to check XML markup files
[1.946s] -- Configuring done
[1.966s] -- Generating done
[1.967s] -- Build files have been written to: /home/shengbin/camera_ws/build/v4l2_camera
[1.978s] Invoked command in '/home/shengbin/camera_ws/build/v4l2_camera' returned '0': CMAKE_PREFIX_PATH=/home/shengbin/camera_ws/install/camera_info_manager:/home/shengbin/camera_ws/install/image_transport:/home/shengbin/camera_ws/install/cv_bridge:/home/shengbin/camera_ws/install/camera_calibration_parsers:/home/shengbin/camera_ws/install/vision_opencv:/home/shengbin/camera_ws/install/v4l2_camera:/home/shengbin/camera_ws/install/image_pipeline:/home/shengbin/camera_ws/install/stereo_image_proc:/home/shengbin/camera_ws/install/image_proc:/home/shengbin/camera_ws/install/tracetools_image_pipeline:/home/shengbin/camera_ws/install/image_transport_plugins:/home/shengbin/camera_ws/install/theora_image_transport:/home/shengbin/camera_ws/install/ros2_shared:/home/shengbin/camera_ws/install/image_view:/home/shengbin/camera_ws/install/image_rotate:/home/shengbin/camera_ws/install/image_publisher:/home/shengbin/camera_ws/install/image_common:/home/shengbin/camera_ws/install/depth_image_proc:/home/shengbin/camera_ws/install/compressed_image_transport:/home/shengbin/camera_ws/install/compressed_depth_image_transport:/home/shengbin/camera_ws/install/image_geometry:/home/shengbin/camera_ws/install/opencv_tests:/home/shengbin/camera_ws/install/camera_calibration:/home/shengbin/camera_ws/install/camera:/opt/ros/humble LD_LIBRARY_PATH=/home/shengbin/camera_ws/install/camera_info_manager/lib:/home/shengbin/camera_ws/install/image_transport/lib:/home/shengbin/camera_ws/install/cv_bridge/lib:/home/shengbin/camera_ws/install/camera_calibration_parsers/lib:/home/shengbin/camera_ws/install/v4l2_camera/lib:/home/shengbin/camera_ws/install/stereo_image_proc/lib:/home/shengbin/camera_ws/install/image_proc/lib:/home/shengbin/camera_ws/install/tracetools_image_pipeline/lib:/home/shengbin/camera_ws/install/theora_image_transport/lib:/home/shengbin/camera_ws/install/image_view/lib:/home/shengbin/camera_ws/install/image_rotate/lib:/home/shengbin/camera_ws/install/image_publisher/lib:/home/shengbin/camera_ws/install/depth_image_proc/lib:/home/shengbin/camera_ws/install/compressed_image_transport/lib:/home/shengbin/camera_ws/install/compressed_depth_image_transport/lib:/home/shengbin/camera_ws/install/image_geometry/lib:/opt/ros/humble/opt/rviz_ogre_vendor/lib:/opt/ros/humble/lib/x86_64-linux-gnu:/opt/ros/humble/lib /usr/bin/cmake /home/shengbin/camera_ws/src/ros2_v4l2_camera -DCMAKE_INSTALL_PREFIX=/home/shengbin/camera_ws/install/v4l2_camera
[1.979s] Invoking command in '/home/shengbin/camera_ws/build/v4l2_camera': CMAKE_PREFIX_PATH=/home/shengbin/camera_ws/install/camera_info_manager:/home/shengbin/camera_ws/install/image_transport:/home/shengbin/camera_ws/install/cv_bridge:/home/shengbin/camera_ws/install/camera_calibration_parsers:/home/shengbin/camera_ws/install/vision_opencv:/home/shengbin/camera_ws/install/v4l2_camera:/home/shengbin/camera_ws/install/image_pipeline:/home/shengbin/camera_ws/install/stereo_image_proc:/home/shengbin/camera_ws/install/image_proc:/home/shengbin/camera_ws/install/tracetools_image_pipeline:/home/shengbin/camera_ws/install/image_transport_plugins:/home/shengbin/camera_ws/install/theora_image_transport:/home/shengbin/camera_ws/install/ros2_shared:/home/shengbin/camera_ws/install/image_view:/home/shengbin/camera_ws/install/image_rotate:/home/shengbin/camera_ws/install/image_publisher:/home/shengbin/camera_ws/install/image_common:/home/shengbin/camera_ws/install/depth_image_proc:/home/shengbin/camera_ws/install/compressed_image_transport:/home/shengbin/camera_ws/install/compressed_depth_image_transport:/home/shengbin/camera_ws/install/image_geometry:/home/shengbin/camera_ws/install/opencv_tests:/home/shengbin/camera_ws/install/camera_calibration:/home/shengbin/camera_ws/install/camera:/opt/ros/humble LD_LIBRARY_PATH=/home/shengbin/camera_ws/install/camera_info_manager/lib:/home/shengbin/camera_ws/install/image_transport/lib:/home/shengbin/camera_ws/install/cv_bridge/lib:/home/shengbin/camera_ws/install/camera_calibration_parsers/lib:/home/shengbin/camera_ws/install/v4l2_camera/lib:/home/shengbin/camera_ws/install/stereo_image_proc/lib:/home/shengbin/camera_ws/install/image_proc/lib:/home/shengbin/camera_ws/install/tracetools_image_pipeline/lib:/home/shengbin/camera_ws/install/theora_image_transport/lib:/home/shengbin/camera_ws/install/image_view/lib:/home/shengbin/camera_ws/install/image_rotate/lib:/home/shengbin/camera_ws/install/image_publisher/lib:/home/shengbin/camera_ws/install/depth_image_proc/lib:/home/shengbin/camera_ws/install/compressed_image_transport/lib:/home/shengbin/camera_ws/install/compressed_depth_image_transport/lib:/home/shengbin/camera_ws/install/image_geometry/lib:/opt/ros/humble/opt/rviz_ogre_vendor/lib:/opt/ros/humble/lib/x86_64-linux-gnu:/opt/ros/humble/lib /usr/bin/cmake --build /home/shengbin/camera_ws/build/v4l2_camera -- -j16 -l16
[2.030s] [ 12%] [32mBuilding CXX object CMakeFiles/v4l2_camera.dir/src/parameters.cpp.o[0m
[2.034s] [ 37%] [32mBuilding CXX object CMakeFiles/v4l2_camera.dir/src/v4l2_camera.cpp.o[0m
[2.034s] [ 37%] [32mBuilding CXX object CMakeFiles/v4l2_camera.dir/src/v4l2_camera_device.cpp.o[0m
[29.587s] [ 50%] [32m[1mLinking CXX shared library libv4l2_camera.so[0m
[31.700s] [ 50%] Built target v4l2_camera
[31.980s] [ 62%] [32mBuilding CXX object CMakeFiles/v4l2_camera_compose_test.dir/src/v4l2_camera_compose_test.cpp.o[0m
[32.058s] [ 75%] [32mBuilding CXX object CMakeFiles/v4l2_camera_node.dir/src/v4l2_camera_node.cpp.o[0m
[37.561s] [ 87%] [32m[1mLinking CXX executable v4l2_camera_node[0m
[40.499s] [ 87%] Built target v4l2_camera_node
[54.106s] [100%] [32m[1mLinking CXX executable v4l2_camera_compose_test[0m
[54.662s] [100%] Built target v4l2_camera_compose_test
[54.720s] Invoked command in '/home/shengbin/camera_ws/build/v4l2_camera' returned '0': CMAKE_PREFIX_PATH=/home/shengbin/camera_ws/install/camera_info_manager:/home/shengbin/camera_ws/install/image_transport:/home/shengbin/camera_ws/install/cv_bridge:/home/shengbin/camera_ws/install/camera_calibration_parsers:/home/shengbin/camera_ws/install/vision_opencv:/home/shengbin/camera_ws/install/v4l2_camera:/home/shengbin/camera_ws/install/image_pipeline:/home/shengbin/camera_ws/install/stereo_image_proc:/home/shengbin/camera_ws/install/image_proc:/home/shengbin/camera_ws/install/tracetools_image_pipeline:/home/shengbin/camera_ws/install/image_transport_plugins:/home/shengbin/camera_ws/install/theora_image_transport:/home/shengbin/camera_ws/install/ros2_shared:/home/shengbin/camera_ws/install/image_view:/home/shengbin/camera_ws/install/image_rotate:/home/shengbin/camera_ws/install/image_publisher:/home/shengbin/camera_ws/install/image_common:/home/shengbin/camera_ws/install/depth_image_proc:/home/shengbin/camera_ws/install/compressed_image_transport:/home/shengbin/camera_ws/install/compressed_depth_image_transport:/home/shengbin/camera_ws/install/image_geometry:/home/shengbin/camera_ws/install/opencv_tests:/home/shengbin/camera_ws/install/camera_calibration:/home/shengbin/camera_ws/install/camera:/opt/ros/humble LD_LIBRARY_PATH=/home/shengbin/camera_ws/install/camera_info_manager/lib:/home/shengbin/camera_ws/install/image_transport/lib:/home/shengbin/camera_ws/install/cv_bridge/lib:/home/shengbin/camera_ws/install/camera_calibration_parsers/lib:/home/shengbin/camera_ws/install/v4l2_camera/lib:/home/shengbin/camera_ws/install/stereo_image_proc/lib:/home/shengbin/camera_ws/install/image_proc/lib:/home/shengbin/camera_ws/install/tracetools_image_pipeline/lib:/home/shengbin/camera_ws/install/theora_image_transport/lib:/home/shengbin/camera_ws/install/image_view/lib:/home/shengbin/camera_ws/install/image_rotate/lib:/home/shengbin/camera_ws/install/image_publisher/lib:/home/shengbin/camera_ws/install/depth_image_proc/lib:/home/shengbin/camera_ws/install/compressed_image_transport/lib:/home/shengbin/camera_ws/install/compressed_depth_image_transport/lib:/home/shengbin/camera_ws/install/image_geometry/lib:/opt/ros/humble/opt/rviz_ogre_vendor/lib:/opt/ros/humble/lib/x86_64-linux-gnu:/opt/ros/humble/lib /usr/bin/cmake --build /home/shengbin/camera_ws/build/v4l2_camera -- -j16 -l16
[54.748s] Invoking command in '/home/shengbin/camera_ws/build/v4l2_camera': CMAKE_PREFIX_PATH=/home/shengbin/camera_ws/install/camera_info_manager:/home/shengbin/camera_ws/install/image_transport:/home/shengbin/camera_ws/install/cv_bridge:/home/shengbin/camera_ws/install/camera_calibration_parsers:/home/shengbin/camera_ws/install/vision_opencv:/home/shengbin/camera_ws/install/v4l2_camera:/home/shengbin/camera_ws/install/image_pipeline:/home/shengbin/camera_ws/install/stereo_image_proc:/home/shengbin/camera_ws/install/image_proc:/home/shengbin/camera_ws/install/tracetools_image_pipeline:/home/shengbin/camera_ws/install/image_transport_plugins:/home/shengbin/camera_ws/install/theora_image_transport:/home/shengbin/camera_ws/install/ros2_shared:/home/shengbin/camera_ws/install/image_view:/home/shengbin/camera_ws/install/image_rotate:/home/shengbin/camera_ws/install/image_publisher:/home/shengbin/camera_ws/install/image_common:/home/shengbin/camera_ws/install/depth_image_proc:/home/shengbin/camera_ws/install/compressed_image_transport:/home/shengbin/camera_ws/install/compressed_depth_image_transport:/home/shengbin/camera_ws/install/image_geometry:/home/shengbin/camera_ws/install/opencv_tests:/home/shengbin/camera_ws/install/camera_calibration:/home/shengbin/camera_ws/install/camera:/opt/ros/humble LD_LIBRARY_PATH=/home/shengbin/camera_ws/install/camera_info_manager/lib:/home/shengbin/camera_ws/install/image_transport/lib:/home/shengbin/camera_ws/install/cv_bridge/lib:/home/shengbin/camera_ws/install/camera_calibration_parsers/lib:/home/shengbin/camera_ws/install/v4l2_camera/lib:/home/shengbin/camera_ws/install/stereo_image_proc/lib:/home/shengbin/camera_ws/install/image_proc/lib:/home/shengbin/camera_ws/install/tracetools_image_pipeline/lib:/home/shengbin/camera_ws/install/theora_image_transport/lib:/home/shengbin/camera_ws/install/image_view/lib:/home/shengbin/camera_ws/install/image_rotate/lib:/home/shengbin/camera_ws/install/image_publisher/lib:/home/shengbin/camera_ws/install/depth_image_proc/lib:/home/shengbin/camera_ws/install/compressed_image_transport/lib:/home/shengbin/camera_ws/install/compressed_depth_image_transport/lib:/home/shengbin/camera_ws/install/image_geometry/lib:/opt/ros/humble/opt/rviz_ogre_vendor/lib:/opt/ros/humble/lib/x86_64-linux-gnu:/opt/ros/humble/lib /usr/bin/cmake --install /home/shengbin/camera_ws/build/v4l2_camera
[54.771s] -- Install configuration: ""
[54.772s] -- Installing: /home/shengbin/camera_ws/install/v4l2_camera/include
[54.772s] -- Installing: /home/shengbin/camera_ws/install/v4l2_camera/include/v4l2_camera
[54.772s] -- Installing: /home/shengbin/camera_ws/install/v4l2_camera/include/v4l2_camera/parameters.hpp
[54.772s] -- Installing: /home/shengbin/camera_ws/install/v4l2_camera/include/v4l2_camera/v4l2_camera.hpp
[54.772s] -- Installing: /home/shengbin/camera_ws/install/v4l2_camera/include/v4l2_camera/fourcc.hpp
[54.772s] -- Installing: /home/shengbin/camera_ws/install/v4l2_camera/include/v4l2_camera/image_format.hpp
[54.772s] -- Installing: /home/shengbin/camera_ws/install/v4l2_camera/include/v4l2_camera/pixel_format.hpp
[54.773s] -- Installing: /home/shengbin/camera_ws/install/v4l2_camera/include/v4l2_camera/control.hpp
[54.773s] -- Installing: /home/shengbin/camera_ws/install/v4l2_camera/include/v4l2_camera/visibility_control.h
[54.773s] -- Installing: /home/shengbin/camera_ws/install/v4l2_camera/include/v4l2_camera/v4l2_camera_device.hpp
[54.773s] -- Installing: /home/shengbin/camera_ws/install/v4l2_camera/lib/libv4l2_camera.so
[54.777s] -- Set runtime path of "/home/shengbin/camera_ws/install/v4l2_camera/lib/libv4l2_camera.so" to ""
[54.777s] -- Installing: /home/shengbin/camera_ws/install/v4l2_camera/lib/v4l2_camera/v4l2_camera_node
[54.777s] -- Set runtime path of "/home/shengbin/camera_ws/install/v4l2_camera/lib/v4l2_camera/v4l2_camera_node" to ""
[54.777s] -- Installing: /home/shengbin/camera_ws/install/v4l2_camera/lib/v4l2_camera/v4l2_camera_compose_test
[54.780s] -- Set runtime path of "/home/shengbin/camera_ws/install/v4l2_camera/lib/v4l2_camera/v4l2_camera_compose_test" to ""
[54.780s] -- Installing: /home/shengbin/camera_ws/install/v4l2_camera/share/v4l2_camera/environment/library_path.sh
[54.780s] -- Installing: /home/shengbin/camera_ws/install/v4l2_camera/share/v4l2_camera/environment/library_path.dsv
[54.781s] -- Installing: /home/shengbin/camera_ws/install/v4l2_camera/share/ament_index/resource_index/package_run_dependencies/v4l2_camera
[54.781s] -- Installing: /home/shengbin/camera_ws/install/v4l2_camera/share/ament_index/resource_index/parent_prefix_path/v4l2_camera
[54.782s] -- Installing: /home/shengbin/camera_ws/install/v4l2_camera/share/v4l2_camera/environment/ament_prefix_path.sh
[54.782s] -- Installing: /home/shengbin/camera_ws/install/v4l2_camera/share/v4l2_camera/environment/ament_prefix_path.dsv
[54.782s] -- Installing: /home/shengbin/camera_ws/install/v4l2_camera/share/v4l2_camera/environment/path.sh
[54.782s] -- Installing: /home/shengbin/camera_ws/install/v4l2_camera/share/v4l2_camera/environment/path.dsv
[54.782s] -- Installing: /home/shengbin/camera_ws/install/v4l2_camera/share/v4l2_camera/local_setup.bash
[54.782s] -- Installing: /home/shengbin/camera_ws/install/v4l2_camera/share/v4l2_camera/local_setup.sh
[54.782s] -- Installing: /home/shengbin/camera_ws/install/v4l2_camera/share/v4l2_camera/local_setup.zsh
[54.783s] -- Installing: /home/shengbin/camera_ws/install/v4l2_camera/share/v4l2_camera/local_setup.dsv
[54.783s] -- Installing: /home/shengbin/camera_ws/install/v4l2_camera/share/v4l2_camera/package.dsv
[54.783s] -- Installing: /home/shengbin/camera_ws/install/v4l2_camera/share/ament_index/resource_index/packages/v4l2_camera
[54.783s] -- Installing: /home/shengbin/camera_ws/install/v4l2_camera/share/ament_index/resource_index/rclcpp_components/v4l2_camera
[54.783s] -- Installing: /home/shengbin/camera_ws/install/v4l2_camera/share/v4l2_camera/cmake/export_v4l2_cameraExport.cmake
[54.783s] -- Installing: /home/shengbin/camera_ws/install/v4l2_camera/share/v4l2_camera/cmake/export_v4l2_cameraExport-noconfig.cmake
[54.784s] -- Installing: /home/shengbin/camera_ws/install/v4l2_camera/share/v4l2_camera/cmake/ament_cmake_export_include_directories-extras.cmake
[54.784s] -- Installing: /home/shengbin/camera_ws/install/v4l2_camera/share/v4l2_camera/cmake/ament_cmake_export_targets-extras.cmake
[54.784s] -- Installing: /home/shengbin/camera_ws/install/v4l2_camera/share/v4l2_camera/cmake/ament_cmake_export_libraries-extras.cmake
[54.785s] -- Installing: /home/shengbin/camera_ws/install/v4l2_camera/share/v4l2_camera/cmake/ament_cmake_export_dependencies-extras.cmake
[54.785s] -- Installing: /home/shengbin/camera_ws/install/v4l2_camera/share/v4l2_camera/cmake/v4l2_cameraConfig.cmake
[54.785s] -- Installing: /home/shengbin/camera_ws/install/v4l2_camera/share/v4l2_camera/cmake/v4l2_cameraConfig-version.cmake
[54.785s] -- Installing: /home/shengbin/camera_ws/install/v4l2_camera/share/v4l2_camera/package.xml
[54.787s] Invoked command in '/home/shengbin/camera_ws/build/v4l2_camera' returned '0': CMAKE_PREFIX_PATH=/home/shengbin/camera_ws/install/camera_info_manager:/home/shengbin/camera_ws/install/image_transport:/home/shengbin/camera_ws/install/cv_bridge:/home/shengbin/camera_ws/install/camera_calibration_parsers:/home/shengbin/camera_ws/install/vision_opencv:/home/shengbin/camera_ws/install/v4l2_camera:/home/shengbin/camera_ws/install/image_pipeline:/home/shengbin/camera_ws/install/stereo_image_proc:/home/shengbin/camera_ws/install/image_proc:/home/shengbin/camera_ws/install/tracetools_image_pipeline:/home/shengbin/camera_ws/install/image_transport_plugins:/home/shengbin/camera_ws/install/theora_image_transport:/home/shengbin/camera_ws/install/ros2_shared:/home/shengbin/camera_ws/install/image_view:/home/shengbin/camera_ws/install/image_rotate:/home/shengbin/camera_ws/install/image_publisher:/home/shengbin/camera_ws/install/image_common:/home/shengbin/camera_ws/install/depth_image_proc:/home/shengbin/camera_ws/install/compressed_image_transport:/home/shengbin/camera_ws/install/compressed_depth_image_transport:/home/shengbin/camera_ws/install/image_geometry:/home/shengbin/camera_ws/install/opencv_tests:/home/shengbin/camera_ws/install/camera_calibration:/home/shengbin/camera_ws/install/camera:/opt/ros/humble LD_LIBRARY_PATH=/home/shengbin/camera_ws/install/camera_info_manager/lib:/home/shengbin/camera_ws/install/image_transport/lib:/home/shengbin/camera_ws/install/cv_bridge/lib:/home/shengbin/camera_ws/install/camera_calibration_parsers/lib:/home/shengbin/camera_ws/install/v4l2_camera/lib:/home/shengbin/camera_ws/install/stereo_image_proc/lib:/home/shengbin/camera_ws/install/image_proc/lib:/home/shengbin/camera_ws/install/tracetools_image_pipeline/lib:/home/shengbin/camera_ws/install/theora_image_transport/lib:/home/shengbin/camera_ws/install/image_view/lib:/home/shengbin/camera_ws/install/image_rotate/lib:/home/shengbin/camera_ws/install/image_publisher/lib:/home/shengbin/camera_ws/install/depth_image_proc/lib:/home/shengbin/camera_ws/install/compressed_image_transport/lib:/home/shengbin/camera_ws/install/compressed_depth_image_transport/lib:/home/shengbin/camera_ws/install/image_geometry/lib:/opt/ros/humble/opt/rviz_ogre_vendor/lib:/opt/ros/humble/lib/x86_64-linux-gnu:/opt/ros/humble/lib /usr/bin/cmake --install /home/shengbin/camera_ws/build/v4l2_camera
