[0.425s] Invoking command in '/home/shengbin/camera_ws/build/image_proc': CMAKE_PREFIX_PATH=/home/shengbin/camera_ws/install/tracetools_image_pipeline:/home/shengbin/camera_ws/install/image_transport:/home/shengbin/camera_ws/install/image_geometry:/home/shengbin/camera_ws/install/cv_bridge:/home/shengbin/camera_ws/install/vision_opencv:/home/shengbin/camera_ws/install/v4l2_camera:/home/shengbin/camera_ws/install/image_pipeline:/home/shengbin/camera_ws/install/stereo_image_proc:/home/shengbin/camera_ws/install/image_proc:/home/shengbin/camera_ws/install/image_transport_plugins:/home/shengbin/camera_ws/install/theora_image_transport:/home/shengbin/camera_ws/install/ros2_shared:/home/shengbin/camera_ws/install/image_view:/home/shengbin/camera_ws/install/image_rotate:/home/shengbin/camera_ws/install/image_publisher:/home/shengbin/camera_ws/install/image_common:/home/shengbin/camera_ws/install/depth_image_proc:/home/shengbin/camera_ws/install/compressed_image_transport:/home/shengbin/camera_ws/install/compressed_depth_image_transport:/home/shengbin/camera_ws/install/camera_info_manager:/home/shengbin/camera_ws/install/camera_calibration_parsers:/home/shengbin/camera_ws/install/opencv_tests:/home/shengbin/camera_ws/install/camera_calibration:/home/shengbin/camera_ws/install/camera:/opt/ros/humble LD_LIBRARY_PATH=/home/shengbin/camera_ws/install/tracetools_image_pipeline/lib:/home/shengbin/camera_ws/install/image_transport/lib:/home/shengbin/camera_ws/install/image_geometry/lib:/home/shengbin/camera_ws/install/cv_bridge/lib:/home/shengbin/camera_ws/install/v4l2_camera/lib:/home/shengbin/camera_ws/install/stereo_image_proc/lib:/home/shengbin/camera_ws/install/image_proc/lib:/home/shengbin/camera_ws/install/theora_image_transport/lib:/home/shengbin/camera_ws/install/image_view/lib:/home/shengbin/camera_ws/install/image_rotate/lib:/home/shengbin/camera_ws/install/image_publisher/lib:/home/shengbin/camera_ws/install/depth_image_proc/lib:/home/shengbin/camera_ws/install/compressed_image_transport/lib:/home/shengbin/camera_ws/install/compressed_depth_image_transport/lib:/home/shengbin/camera_ws/install/camera_info_manager/lib:/home/shengbin/camera_ws/install/camera_calibration_parsers/lib:/opt/ros/humble/opt/rviz_ogre_vendor/lib:/opt/ros/humble/lib/x86_64-linux-gnu:/opt/ros/humble/lib /usr/bin/cmake /home/shengbin/camera_ws/src/image_pipeline/image_proc -DCMAKE_INSTALL_PREFIX=/home/shengbin/camera_ws/install/image_proc
[0.484s] -- The C compiler identification is GNU 11.4.0
[0.534s] -- The CXX compiler identification is GNU 11.4.0
[0.545s] -- Detecting C compiler ABI info
[0.623s] -- Detecting C compiler ABI info - done
[0.636s] -- Check for working C compiler: /usr/bin/cc - skipped
[0.636s] -- Detecting C compile features
[0.637s] -- Detecting C compile features - done
[0.642s] -- Detecting CXX compiler ABI info
[0.744s] -- Detecting CXX compiler ABI info - done
[0.756s] -- Check for working CXX compiler: /usr/bin/c++ - skipped
[0.757s] -- Detecting CXX compile features
[0.757s] -- Detecting CXX compile features - done
[0.762s] -- Found ament_cmake_auto: 1.3.5 (/opt/ros/humble/share/ament_cmake_auto/cmake)
[1.022s] -- Found Python3: /usr/bin/python3.10 (found version "3.10.12") found components: Interpreter 
[1.239s] -- Found rosidl_generator_c: 3.1.5 (/opt/ros/humble/share/rosidl_generator_c/cmake)
[1.244s] -- Found rosidl_adapter: 3.1.5 (/opt/ros/humble/share/rosidl_adapter/cmake)
[1.252s] -- Found rosidl_generator_cpp: 3.1.5 (/opt/ros/humble/share/rosidl_generator_cpp/cmake)
[1.266s] -- Using all available rosidl_typesupport_c: rosidl_typesupport_fastrtps_c;rosidl_typesupport_introspection_c
[1.286s] -- Using all available rosidl_typesupport_cpp: rosidl_typesupport_fastrtps_cpp;rosidl_typesupport_introspection_cpp
[1.587s] -- Found rmw_implementation_cmake: 6.1.1 (/opt/ros/humble/share/rmw_implementation_cmake/cmake)
[1.593s] -- Found rmw_cyclonedds_cpp: 1.3.4 (/opt/ros/humble/share/rmw_cyclonedds_cpp/cmake)
[1.630s] -- Using RMW implementation 'rmw_cyclonedds_cpp' as default
[1.641s] -- Looking for pthread.h
[1.708s] -- Looking for pthread.h - found
[1.709s] -- Performing Test CMAKE_HAVE_LIBC_PTHREAD
[1.774s] -- Performing Test CMAKE_HAVE_LIBC_PTHREAD - Success
[1.775s] -- Found Threads: TRUE  
[2.027s] -- Found OpenCV: /usr (found version "4.5.4") 
[2.057s] -- Found ament_lint_auto: 0.12.8 (/opt/ros/humble/share/ament_lint_auto/cmake)
[2.080s] -- Added test 'copyright' to check source files copyright and LICENSE
[2.082s] -- Added test 'cppcheck' to perform static code analysis on C / C++ code
[2.082s] -- Configured cppcheck include dirs: /home/shengbin/camera_ws/src/image_pipeline/image_proc/include
[2.082s] -- Configured cppcheck exclude dirs and/or files: 
[2.084s] -- Added test 'cpplint' to check C / C++ code against the Google style
[2.084s] -- Configured cpplint exclude dirs and/or files: 
[2.085s] -- Added test 'flake8' to check Python code syntax and style conventions
[2.085s] -- Added test 'lint_cmake' to check CMake code style
[2.086s] -- Added test 'pep257' to check Python code against some of the docstring style conventions in PEP 257
[2.088s] -- Added test 'uncrustify' to check C / C++ code style
[2.088s] -- Configured uncrustify additional arguments: 
[2.088s] -- Added test 'xmllint' to check XML markup files
[2.091s] -- Configuring done
[2.144s] -- Generating done
[2.145s] -- Build files have been written to: /home/shengbin/camera_ws/build/image_proc
[2.155s] Invoked command in '/home/shengbin/camera_ws/build/image_proc' returned '0': CMAKE_PREFIX_PATH=/home/shengbin/camera_ws/install/tracetools_image_pipeline:/home/shengbin/camera_ws/install/image_transport:/home/shengbin/camera_ws/install/image_geometry:/home/shengbin/camera_ws/install/cv_bridge:/home/shengbin/camera_ws/install/vision_opencv:/home/shengbin/camera_ws/install/v4l2_camera:/home/shengbin/camera_ws/install/image_pipeline:/home/shengbin/camera_ws/install/stereo_image_proc:/home/shengbin/camera_ws/install/image_proc:/home/shengbin/camera_ws/install/image_transport_plugins:/home/shengbin/camera_ws/install/theora_image_transport:/home/shengbin/camera_ws/install/ros2_shared:/home/shengbin/camera_ws/install/image_view:/home/shengbin/camera_ws/install/image_rotate:/home/shengbin/camera_ws/install/image_publisher:/home/shengbin/camera_ws/install/image_common:/home/shengbin/camera_ws/install/depth_image_proc:/home/shengbin/camera_ws/install/compressed_image_transport:/home/shengbin/camera_ws/install/compressed_depth_image_transport:/home/shengbin/camera_ws/install/camera_info_manager:/home/shengbin/camera_ws/install/camera_calibration_parsers:/home/shengbin/camera_ws/install/opencv_tests:/home/shengbin/camera_ws/install/camera_calibration:/home/shengbin/camera_ws/install/camera:/opt/ros/humble LD_LIBRARY_PATH=/home/shengbin/camera_ws/install/tracetools_image_pipeline/lib:/home/shengbin/camera_ws/install/image_transport/lib:/home/shengbin/camera_ws/install/image_geometry/lib:/home/shengbin/camera_ws/install/cv_bridge/lib:/home/shengbin/camera_ws/install/v4l2_camera/lib:/home/shengbin/camera_ws/install/stereo_image_proc/lib:/home/shengbin/camera_ws/install/image_proc/lib:/home/shengbin/camera_ws/install/theora_image_transport/lib:/home/shengbin/camera_ws/install/image_view/lib:/home/shengbin/camera_ws/install/image_rotate/lib:/home/shengbin/camera_ws/install/image_publisher/lib:/home/shengbin/camera_ws/install/depth_image_proc/lib:/home/shengbin/camera_ws/install/compressed_image_transport/lib:/home/shengbin/camera_ws/install/compressed_depth_image_transport/lib:/home/shengbin/camera_ws/install/camera_info_manager/lib:/home/shengbin/camera_ws/install/camera_calibration_parsers/lib:/opt/ros/humble/opt/rviz_ogre_vendor/lib:/opt/ros/humble/lib/x86_64-linux-gnu:/opt/ros/humble/lib /usr/bin/cmake /home/shengbin/camera_ws/src/image_pipeline/image_proc -DCMAKE_INSTALL_PREFIX=/home/shengbin/camera_ws/install/image_proc
[2.157s] Invoking command in '/home/shengbin/camera_ws/build/image_proc': CMAKE_PREFIX_PATH=/home/shengbin/camera_ws/install/tracetools_image_pipeline:/home/shengbin/camera_ws/install/image_transport:/home/shengbin/camera_ws/install/image_geometry:/home/shengbin/camera_ws/install/cv_bridge:/home/shengbin/camera_ws/install/vision_opencv:/home/shengbin/camera_ws/install/v4l2_camera:/home/shengbin/camera_ws/install/image_pipeline:/home/shengbin/camera_ws/install/stereo_image_proc:/home/shengbin/camera_ws/install/image_proc:/home/shengbin/camera_ws/install/image_transport_plugins:/home/shengbin/camera_ws/install/theora_image_transport:/home/shengbin/camera_ws/install/ros2_shared:/home/shengbin/camera_ws/install/image_view:/home/shengbin/camera_ws/install/image_rotate:/home/shengbin/camera_ws/install/image_publisher:/home/shengbin/camera_ws/install/image_common:/home/shengbin/camera_ws/install/depth_image_proc:/home/shengbin/camera_ws/install/compressed_image_transport:/home/shengbin/camera_ws/install/compressed_depth_image_transport:/home/shengbin/camera_ws/install/camera_info_manager:/home/shengbin/camera_ws/install/camera_calibration_parsers:/home/shengbin/camera_ws/install/opencv_tests:/home/shengbin/camera_ws/install/camera_calibration:/home/shengbin/camera_ws/install/camera:/opt/ros/humble LD_LIBRARY_PATH=/home/shengbin/camera_ws/install/tracetools_image_pipeline/lib:/home/shengbin/camera_ws/install/image_transport/lib:/home/shengbin/camera_ws/install/image_geometry/lib:/home/shengbin/camera_ws/install/cv_bridge/lib:/home/shengbin/camera_ws/install/v4l2_camera/lib:/home/shengbin/camera_ws/install/stereo_image_proc/lib:/home/shengbin/camera_ws/install/image_proc/lib:/home/shengbin/camera_ws/install/theora_image_transport/lib:/home/shengbin/camera_ws/install/image_view/lib:/home/shengbin/camera_ws/install/image_rotate/lib:/home/shengbin/camera_ws/install/image_publisher/lib:/home/shengbin/camera_ws/install/depth_image_proc/lib:/home/shengbin/camera_ws/install/compressed_image_transport/lib:/home/shengbin/camera_ws/install/compressed_depth_image_transport/lib:/home/shengbin/camera_ws/install/camera_info_manager/lib:/home/shengbin/camera_ws/install/camera_calibration_parsers/lib:/opt/ros/humble/opt/rviz_ogre_vendor/lib:/opt/ros/humble/lib/x86_64-linux-gnu:/opt/ros/humble/lib /usr/bin/cmake --build /home/shengbin/camera_ws/build/image_proc -- -j16 -l16
[2.222s] [  6%] [32mBuilding CXX object CMakeFiles/image_proc.dir/src/image_proc/processor.cpp.o[0m
[4.202s] [ 13%] [32m[1mLinking CXX shared library libimage_proc.so[0m
[4.589s] [ 13%] Built target image_proc
[4.733s] [ 20%] [32mBuilding CXX object CMakeFiles/rectify.dir/src/rectify.cpp.o[0m
[20.810s] [ 26%] [32m[1mLinking CXX shared library librectify.so[0m
[24.495s] [ 26%] Built target rectify
[24.827s] [ 33%] [32mBuilding CXX object CMakeFiles/debayer.dir/src/edge_aware.cpp.o[0m
[24.850s] [ 40%] [32mBuilding CXX object CMakeFiles/debayer.dir/src/debayer.cpp.o[0m
[35.674s] [ 46%] [32m[1mLinking CXX shared library libdebayer.so[0m
[36.298s] [ 46%] Built target debayer
[36.377s] [ 53%] [32mBuilding CXX object CMakeFiles/resize.dir/src/resize.cpp.o[0m
[44.421s] [ 60%] [32m[1mLinking CXX shared library libresize.so[0m
[46.375s] [ 60%] Built target resize
[46.418s] [ 66%] [32mBuilding CXX object CMakeFiles/crop_decimate.dir/src/crop_decimate.cpp.o[0m
[51.058s] [ 73%] [32m[1mLinking CXX shared library libcrop_decimate.so[0m
[51.509s] [ 73%] Built target crop_decimate
[51.554s] [ 80%] [32mBuilding CXX object CMakeFiles/crop_non_zero.dir/src/crop_non_zero.cpp.o[0m
[54.492s] [ 86%] [32m[1mLinking CXX shared library libcrop_non_zero.so[0m
[54.742s] [ 86%] Built target crop_non_zero
[54.770s] [ 93%] [32mBuilding CXX object CMakeFiles/image_proc_exe.dir/src/image_proc.cpp.o[0m
[57.026s] [100%] [32m[1mLinking CXX executable image_proc[0m
[57.392s] [100%] Built target image_proc_exe
[57.432s] Invoked command in '/home/shengbin/camera_ws/build/image_proc' returned '0': CMAKE_PREFIX_PATH=/home/shengbin/camera_ws/install/tracetools_image_pipeline:/home/shengbin/camera_ws/install/image_transport:/home/shengbin/camera_ws/install/image_geometry:/home/shengbin/camera_ws/install/cv_bridge:/home/shengbin/camera_ws/install/vision_opencv:/home/shengbin/camera_ws/install/v4l2_camera:/home/shengbin/camera_ws/install/image_pipeline:/home/shengbin/camera_ws/install/stereo_image_proc:/home/shengbin/camera_ws/install/image_proc:/home/shengbin/camera_ws/install/image_transport_plugins:/home/shengbin/camera_ws/install/theora_image_transport:/home/shengbin/camera_ws/install/ros2_shared:/home/shengbin/camera_ws/install/image_view:/home/shengbin/camera_ws/install/image_rotate:/home/shengbin/camera_ws/install/image_publisher:/home/shengbin/camera_ws/install/image_common:/home/shengbin/camera_ws/install/depth_image_proc:/home/shengbin/camera_ws/install/compressed_image_transport:/home/shengbin/camera_ws/install/compressed_depth_image_transport:/home/shengbin/camera_ws/install/camera_info_manager:/home/shengbin/camera_ws/install/camera_calibration_parsers:/home/shengbin/camera_ws/install/opencv_tests:/home/shengbin/camera_ws/install/camera_calibration:/home/shengbin/camera_ws/install/camera:/opt/ros/humble LD_LIBRARY_PATH=/home/shengbin/camera_ws/install/tracetools_image_pipeline/lib:/home/shengbin/camera_ws/install/image_transport/lib:/home/shengbin/camera_ws/install/image_geometry/lib:/home/shengbin/camera_ws/install/cv_bridge/lib:/home/shengbin/camera_ws/install/v4l2_camera/lib:/home/shengbin/camera_ws/install/stereo_image_proc/lib:/home/shengbin/camera_ws/install/image_proc/lib:/home/shengbin/camera_ws/install/theora_image_transport/lib:/home/shengbin/camera_ws/install/image_view/lib:/home/shengbin/camera_ws/install/image_rotate/lib:/home/shengbin/camera_ws/install/image_publisher/lib:/home/shengbin/camera_ws/install/depth_image_proc/lib:/home/shengbin/camera_ws/install/compressed_image_transport/lib:/home/shengbin/camera_ws/install/compressed_depth_image_transport/lib:/home/shengbin/camera_ws/install/camera_info_manager/lib:/home/shengbin/camera_ws/install/camera_calibration_parsers/lib:/opt/ros/humble/opt/rviz_ogre_vendor/lib:/opt/ros/humble/lib/x86_64-linux-gnu:/opt/ros/humble/lib /usr/bin/cmake --build /home/shengbin/camera_ws/build/image_proc -- -j16 -l16
[57.516s] Invoking command in '/home/shengbin/camera_ws/build/image_proc': CMAKE_PREFIX_PATH=/home/shengbin/camera_ws/install/tracetools_image_pipeline:/home/shengbin/camera_ws/install/image_transport:/home/shengbin/camera_ws/install/image_geometry:/home/shengbin/camera_ws/install/cv_bridge:/home/shengbin/camera_ws/install/vision_opencv:/home/shengbin/camera_ws/install/v4l2_camera:/home/shengbin/camera_ws/install/image_pipeline:/home/shengbin/camera_ws/install/stereo_image_proc:/home/shengbin/camera_ws/install/image_proc:/home/shengbin/camera_ws/install/image_transport_plugins:/home/shengbin/camera_ws/install/theora_image_transport:/home/shengbin/camera_ws/install/ros2_shared:/home/shengbin/camera_ws/install/image_view:/home/shengbin/camera_ws/install/image_rotate:/home/shengbin/camera_ws/install/image_publisher:/home/shengbin/camera_ws/install/image_common:/home/shengbin/camera_ws/install/depth_image_proc:/home/shengbin/camera_ws/install/compressed_image_transport:/home/shengbin/camera_ws/install/compressed_depth_image_transport:/home/shengbin/camera_ws/install/camera_info_manager:/home/shengbin/camera_ws/install/camera_calibration_parsers:/home/shengbin/camera_ws/install/opencv_tests:/home/shengbin/camera_ws/install/camera_calibration:/home/shengbin/camera_ws/install/camera:/opt/ros/humble LD_LIBRARY_PATH=/home/shengbin/camera_ws/install/tracetools_image_pipeline/lib:/home/shengbin/camera_ws/install/image_transport/lib:/home/shengbin/camera_ws/install/image_geometry/lib:/home/shengbin/camera_ws/install/cv_bridge/lib:/home/shengbin/camera_ws/install/v4l2_camera/lib:/home/shengbin/camera_ws/install/stereo_image_proc/lib:/home/shengbin/camera_ws/install/image_proc/lib:/home/shengbin/camera_ws/install/theora_image_transport/lib:/home/shengbin/camera_ws/install/image_view/lib:/home/shengbin/camera_ws/install/image_rotate/lib:/home/shengbin/camera_ws/install/image_publisher/lib:/home/shengbin/camera_ws/install/depth_image_proc/lib:/home/shengbin/camera_ws/install/compressed_image_transport/lib:/home/shengbin/camera_ws/install/compressed_depth_image_transport/lib:/home/shengbin/camera_ws/install/camera_info_manager/lib:/home/shengbin/camera_ws/install/camera_calibration_parsers/lib:/opt/ros/humble/opt/rviz_ogre_vendor/lib:/opt/ros/humble/lib/x86_64-linux-gnu:/opt/ros/humble/lib /usr/bin/cmake --install /home/shengbin/camera_ws/build/image_proc
[57.541s] -- Install configuration: ""
[57.542s] -- Installing: /home/shengbin/camera_ws/install/image_proc/bin/image_proc
[57.543s] -- Set runtime path of "/home/shengbin/camera_ws/install/image_proc/bin/image_proc" to ""
[57.543s] -- Installing: /home/shengbin/camera_ws/install/image_proc/include
[57.543s] -- Installing: /home/shengbin/camera_ws/install/image_proc/include/image_proc
[57.543s] -- Installing: /home/shengbin/camera_ws/install/image_proc/include/image_proc/crop_non_zero.hpp
[57.543s] -- Installing: /home/shengbin/camera_ws/install/image_proc/include/image_proc/resize.hpp
[57.544s] -- Installing: /home/shengbin/camera_ws/install/image_proc/include/image_proc/processor.hpp
[57.544s] -- Installing: /home/shengbin/camera_ws/install/image_proc/include/image_proc/debayer.hpp
[57.544s] -- Installing: /home/shengbin/camera_ws/install/image_proc/include/image_proc/rectify.hpp
[57.544s] -- Installing: /home/shengbin/camera_ws/install/image_proc/include/image_proc/edge_aware.hpp
[57.544s] -- Installing: /home/shengbin/camera_ws/install/image_proc/include/image_proc/crop_decimate.hpp
[57.544s] -- Installing: /home/shengbin/camera_ws/install/image_proc/include/image_proc/utils.hpp
[57.544s] -- Installing: /home/shengbin/camera_ws/install/image_proc/share/image_proc/environment/library_path.sh
[57.544s] -- Installing: /home/shengbin/camera_ws/install/image_proc/share/image_proc/environment/library_path.dsv
[57.544s] -- Installing: /home/shengbin/camera_ws/install/image_proc/lib/libimage_proc.so
[57.545s] -- Set runtime path of "/home/shengbin/camera_ws/install/image_proc/lib/libimage_proc.so" to ""
[57.545s] -- Installing: /home/shengbin/camera_ws/install/image_proc/lib/librectify.so
[57.545s] -- Set runtime path of "/home/shengbin/camera_ws/install/image_proc/lib/librectify.so" to ""
[57.545s] -- Installing: /home/shengbin/camera_ws/install/image_proc/lib/libdebayer.so
[57.546s] -- Set runtime path of "/home/shengbin/camera_ws/install/image_proc/lib/libdebayer.so" to ""
[57.546s] -- Installing: /home/shengbin/camera_ws/install/image_proc/lib/libresize.so
[57.548s] -- Set runtime path of "/home/shengbin/camera_ws/install/image_proc/lib/libresize.so" to ""
[57.548s] -- Installing: /home/shengbin/camera_ws/install/image_proc/lib/libcrop_decimate.so
[57.549s] -- Set runtime path of "/home/shengbin/camera_ws/install/image_proc/lib/libcrop_decimate.so" to ""
[57.549s] -- Installing: /home/shengbin/camera_ws/install/image_proc/lib/libcrop_non_zero.so
[57.550s] -- Set runtime path of "/home/shengbin/camera_ws/install/image_proc/lib/libcrop_non_zero.so" to ""
[57.550s] -- Installing: /home/shengbin/camera_ws/install/image_proc/lib/image_proc/image_proc
[57.550s] -- Set runtime path of "/home/shengbin/camera_ws/install/image_proc/lib/image_proc/image_proc" to ""
[57.550s] -- Installing: /home/shengbin/camera_ws/install/image_proc/share/image_proc/launch
[57.550s] -- Installing: /home/shengbin/camera_ws/install/image_proc/share/image_proc/launch/image_proc.launch.py
[57.552s] -- Installing: /home/shengbin/camera_ws/install/image_proc/share/ament_index/resource_index/package_run_dependencies/image_proc
[57.552s] -- Installing: /home/shengbin/camera_ws/install/image_proc/share/ament_index/resource_index/parent_prefix_path/image_proc
[57.552s] -- Installing: /home/shengbin/camera_ws/install/image_proc/share/image_proc/environment/ament_prefix_path.sh
[57.552s] -- Installing: /home/shengbin/camera_ws/install/image_proc/share/image_proc/environment/ament_prefix_path.dsv
[57.552s] -- Installing: /home/shengbin/camera_ws/install/image_proc/share/image_proc/environment/path.sh
[57.553s] -- Installing: /home/shengbin/camera_ws/install/image_proc/share/image_proc/environment/path.dsv
[57.554s] -- Installing: /home/shengbin/camera_ws/install/image_proc/share/image_proc/local_setup.bash
[57.554s] -- Installing: /home/shengbin/camera_ws/install/image_proc/share/image_proc/local_setup.sh
[57.554s] -- Installing: /home/shengbin/camera_ws/install/image_proc/share/image_proc/local_setup.zsh
[57.554s] -- Installing: /home/shengbin/camera_ws/install/image_proc/share/image_proc/local_setup.dsv
[57.555s] -- Installing: /home/shengbin/camera_ws/install/image_proc/share/image_proc/package.dsv
[57.555s] -- Installing: /home/shengbin/camera_ws/install/image_proc/share/ament_index/resource_index/packages/image_proc
[57.555s] -- Installing: /home/shengbin/camera_ws/install/image_proc/share/ament_index/resource_index/rclcpp_components/image_proc
[57.556s] -- Installing: /home/shengbin/camera_ws/install/image_proc/share/image_proc/cmake/ament_cmake_export_dependencies-extras.cmake
[57.556s] -- Installing: /home/shengbin/camera_ws/install/image_proc/share/image_proc/cmake/ament_cmake_export_include_directories-extras.cmake
[57.556s] -- Installing: /home/shengbin/camera_ws/install/image_proc/share/image_proc/cmake/ament_cmake_export_libraries-extras.cmake
[57.556s] -- Installing: /home/shengbin/camera_ws/install/image_proc/share/image_proc/cmake/image_procConfig.cmake
[57.556s] -- Installing: /home/shengbin/camera_ws/install/image_proc/share/image_proc/cmake/image_procConfig-version.cmake
[57.557s] -- Installing: /home/shengbin/camera_ws/install/image_proc/share/image_proc/package.xml
[57.560s] Invoked command in '/home/shengbin/camera_ws/build/image_proc' returned '0': CMAKE_PREFIX_PATH=/home/shengbin/camera_ws/install/tracetools_image_pipeline:/home/shengbin/camera_ws/install/image_transport:/home/shengbin/camera_ws/install/image_geometry:/home/shengbin/camera_ws/install/cv_bridge:/home/shengbin/camera_ws/install/vision_opencv:/home/shengbin/camera_ws/install/v4l2_camera:/home/shengbin/camera_ws/install/image_pipeline:/home/shengbin/camera_ws/install/stereo_image_proc:/home/shengbin/camera_ws/install/image_proc:/home/shengbin/camera_ws/install/image_transport_plugins:/home/shengbin/camera_ws/install/theora_image_transport:/home/shengbin/camera_ws/install/ros2_shared:/home/shengbin/camera_ws/install/image_view:/home/shengbin/camera_ws/install/image_rotate:/home/shengbin/camera_ws/install/image_publisher:/home/shengbin/camera_ws/install/image_common:/home/shengbin/camera_ws/install/depth_image_proc:/home/shengbin/camera_ws/install/compressed_image_transport:/home/shengbin/camera_ws/install/compressed_depth_image_transport:/home/shengbin/camera_ws/install/camera_info_manager:/home/shengbin/camera_ws/install/camera_calibration_parsers:/home/shengbin/camera_ws/install/opencv_tests:/home/shengbin/camera_ws/install/camera_calibration:/home/shengbin/camera_ws/install/camera:/opt/ros/humble LD_LIBRARY_PATH=/home/shengbin/camera_ws/install/tracetools_image_pipeline/lib:/home/shengbin/camera_ws/install/image_transport/lib:/home/shengbin/camera_ws/install/image_geometry/lib:/home/shengbin/camera_ws/install/cv_bridge/lib:/home/shengbin/camera_ws/install/v4l2_camera/lib:/home/shengbin/camera_ws/install/stereo_image_proc/lib:/home/shengbin/camera_ws/install/image_proc/lib:/home/shengbin/camera_ws/install/theora_image_transport/lib:/home/shengbin/camera_ws/install/image_view/lib:/home/shengbin/camera_ws/install/image_rotate/lib:/home/shengbin/camera_ws/install/image_publisher/lib:/home/shengbin/camera_ws/install/depth_image_proc/lib:/home/shengbin/camera_ws/install/compressed_image_transport/lib:/home/shengbin/camera_ws/install/compressed_depth_image_transport/lib:/home/shengbin/camera_ws/install/camera_info_manager/lib:/home/shengbin/camera_ws/install/camera_calibration_parsers/lib:/opt/ros/humble/opt/rviz_ogre_vendor/lib:/opt/ros/humble/lib/x86_64-linux-gnu:/opt/ros/humble/lib /usr/bin/cmake --install /home/shengbin/camera_ws/build/image_proc
