[0.159s] Invoking command in '/home/shengbin/camera_ws/build/tracetools_image_pipeline': CMAKE_PREFIX_PATH=${CMAKE_PREFIX_PATH}:/home/shengbin/camera_ws/install/opencv_tests:/home/shengbin/camera_ws/install/camera_calibration:/home/shengbin/camera_ws/install/camera:/opt/ros/humble /usr/bin/cmake --build /home/shengbin/camera_ws/build/tracetools_image_pipeline -- -j16 -l16
[0.483s] -- Found ament_cmake_ros: 0.10.0 (/opt/ros/humble/share/ament_cmake_ros/cmake)
[0.483s] -- Found ament_lint_auto: 0.12.8 (/opt/ros/humble/share/ament_lint_auto/cmake)
[0.483s] -- Added test 'copyright' to check source files copyright and LICENSE
[0.483s] -- Added test 'cppcheck' to perform static code analysis on C / C++ code
[0.484s] -- Configured cppcheck include dirs: /usr/include/x86_64-linux-gnu
[0.484s] -- Configured cppcheck exclude dirs and/or files: 
[0.484s] -- Added test 'cpplint' to check C / C++ code against the Google style
[0.484s] -- Configured cpplint exclude dirs and/or files: 
[0.484s] -- Added test 'lint_cmake' to check CMake code style
[0.484s] -- Added test 'uncrustify' to check C / C++ code style
[0.484s] -- Configured uncrustify additional arguments: 
[0.484s] -- Added test 'xmllint' to check XML markup files
[0.484s] -- Configuring done
[0.485s] -- Generating done
[0.485s] -- Build files have been written to: /home/shengbin/camera_ws/build/tracetools_image_pipeline
[0.485s] [35m[1mConsolidate compiler generated dependencies of target tracetools_image_pipeline[0m
[0.487s] [0mLTTng found: tracing enabled[0m
[0.501s] [ 33%] [32mBuilding C object CMakeFiles/tracetools_image_pipeline.dir/src/tracetools.c.o[0m
[0.501s] [ 33%] [32mBuilding CXX object CMakeFiles/tracetools_image_pipeline.dir/src/utils.cpp.o[0m
[0.507s] [ 50%] [32mBuilding C object CMakeFiles/tracetools_image_pipeline.dir/src/tp_call.c.o[0m
[0.685s] [ 66%] [32m[1mLinking CXX shared library libtracetools_image_pipeline.so[0m
[0.791s] [ 66%] Built target tracetools_image_pipeline
[0.806s] [35m[1mConsolidate compiler generated dependencies of target status[0m
[0.822s] [ 83%] [32mBuilding C object CMakeFiles/status.dir/src/status.c.o[0m
[0.860s] [100%] [32m[1mLinking C executable status[0m
[0.956s] [100%] Built target status
[0.973s] Invoked command in '/home/shengbin/camera_ws/build/tracetools_image_pipeline' returned '0': CMAKE_PREFIX_PATH=${CMAKE_PREFIX_PATH}:/home/shengbin/camera_ws/install/opencv_tests:/home/shengbin/camera_ws/install/camera_calibration:/home/shengbin/camera_ws/install/camera:/opt/ros/humble /usr/bin/cmake --build /home/shengbin/camera_ws/build/tracetools_image_pipeline -- -j16 -l16
[1.031s] Invoking command in '/home/shengbin/camera_ws/build/tracetools_image_pipeline': CMAKE_PREFIX_PATH=${CMAKE_PREFIX_PATH}:/home/shengbin/camera_ws/install/opencv_tests:/home/shengbin/camera_ws/install/camera_calibration:/home/shengbin/camera_ws/install/camera:/opt/ros/humble /usr/bin/cmake --install /home/shengbin/camera_ws/build/tracetools_image_pipeline
[1.043s] -- Install configuration: ""
[1.043s] -- Up-to-date: /home/shengbin/camera_ws/install/tracetools_image_pipeline/share/tracetools_image_pipeline/environment/library_path.sh
[1.044s] -- Installing: /home/shengbin/camera_ws/install/tracetools_image_pipeline/share/tracetools_image_pipeline/environment/library_path.dsv
[1.044s] -- Installing: /home/shengbin/camera_ws/install/tracetools_image_pipeline/lib/tracetools_image_pipeline/status
[1.044s] -- Set runtime path of "/home/shengbin/camera_ws/install/tracetools_image_pipeline/lib/tracetools_image_pipeline/status" to ""
[1.044s] -- Up-to-date: /home/shengbin/camera_ws/install/tracetools_image_pipeline/include
[1.044s] -- Up-to-date: /home/shengbin/camera_ws/install/tracetools_image_pipeline/include/tracetools_image_pipeline
[1.045s] -- Up-to-date: /home/shengbin/camera_ws/install/tracetools_image_pipeline/include/tracetools_image_pipeline/tracetools.h
[1.045s] -- Up-to-date: /home/shengbin/camera_ws/install/tracetools_image_pipeline/include/tracetools_image_pipeline/visibility_control.hpp
[1.045s] -- Up-to-date: /home/shengbin/camera_ws/install/tracetools_image_pipeline/include/tracetools_image_pipeline/tp_call.h
[1.045s] -- Up-to-date: /home/shengbin/camera_ws/install/tracetools_image_pipeline/include/tracetools_image_pipeline/utils.hpp
[1.045s] -- Up-to-date: /home/shengbin/camera_ws/install/tracetools_image_pipeline/include/tracetools_image_pipeline/config.h
[1.045s] -- Installing: /home/shengbin/camera_ws/install/tracetools_image_pipeline/lib/libtracetools_image_pipeline.so
[1.045s] -- Up-to-date: /home/shengbin/camera_ws/install/tracetools_image_pipeline/share/ament_index/resource_index/package_run_dependencies/tracetools_image_pipeline
[1.045s] -- Up-to-date: /home/shengbin/camera_ws/install/tracetools_image_pipeline/share/ament_index/resource_index/parent_prefix_path/tracetools_image_pipeline
[1.046s] -- Up-to-date: /home/shengbin/camera_ws/install/tracetools_image_pipeline/share/tracetools_image_pipeline/environment/ament_prefix_path.sh
[1.046s] -- Installing: /home/shengbin/camera_ws/install/tracetools_image_pipeline/share/tracetools_image_pipeline/environment/ament_prefix_path.dsv
[1.046s] -- Up-to-date: /home/shengbin/camera_ws/install/tracetools_image_pipeline/share/tracetools_image_pipeline/environment/path.sh
[1.046s] -- Installing: /home/shengbin/camera_ws/install/tracetools_image_pipeline/share/tracetools_image_pipeline/environment/path.dsv
[1.046s] -- Up-to-date: /home/shengbin/camera_ws/install/tracetools_image_pipeline/share/tracetools_image_pipeline/local_setup.bash
[1.046s] -- Up-to-date: /home/shengbin/camera_ws/install/tracetools_image_pipeline/share/tracetools_image_pipeline/local_setup.sh
[1.046s] -- Up-to-date: /home/shengbin/camera_ws/install/tracetools_image_pipeline/share/tracetools_image_pipeline/local_setup.zsh
[1.046s] -- Installing: /home/shengbin/camera_ws/install/tracetools_image_pipeline/share/tracetools_image_pipeline/local_setup.dsv
[1.046s] -- Installing: /home/shengbin/camera_ws/install/tracetools_image_pipeline/share/tracetools_image_pipeline/package.dsv
[1.047s] -- Up-to-date: /home/shengbin/camera_ws/install/tracetools_image_pipeline/share/ament_index/resource_index/packages/tracetools_image_pipeline
[1.047s] -- Up-to-date: /home/shengbin/camera_ws/install/tracetools_image_pipeline/share/tracetools_image_pipeline/cmake/tracetools_image_pipeline_exportExport.cmake
[1.047s] -- Up-to-date: /home/shengbin/camera_ws/install/tracetools_image_pipeline/share/tracetools_image_pipeline/cmake/tracetools_image_pipeline_exportExport-noconfig.cmake
[1.047s] -- Up-to-date: /home/shengbin/camera_ws/install/tracetools_image_pipeline/share/tracetools_image_pipeline/cmake/ament_cmake_export_targets-extras.cmake
[1.047s] -- Up-to-date: /home/shengbin/camera_ws/install/tracetools_image_pipeline/share/tracetools_image_pipeline/cmake/ament_cmake_export_include_directories-extras.cmake
[1.047s] -- Up-to-date: /home/shengbin/camera_ws/install/tracetools_image_pipeline/share/tracetools_image_pipeline/cmake/ament_cmake_export_libraries-extras.cmake
[1.047s] -- Up-to-date: /home/shengbin/camera_ws/install/tracetools_image_pipeline/share/tracetools_image_pipeline/cmake/ament_cmake_export_link_flags-extras.cmake
[1.047s] -- Up-to-date: /home/shengbin/camera_ws/install/tracetools_image_pipeline/share/tracetools_image_pipeline/cmake/tracetools_image_pipelineConfig.cmake
[1.047s] -- Up-to-date: /home/shengbin/camera_ws/install/tracetools_image_pipeline/share/tracetools_image_pipeline/cmake/tracetools_image_pipelineConfig-version.cmake
[1.047s] -- Installing: /home/shengbin/camera_ws/install/tracetools_image_pipeline/share/tracetools_image_pipeline/package.xml
[1.049s] Invoked command in '/home/shengbin/camera_ws/build/tracetools_image_pipeline' returned '0': CMAKE_PREFIX_PATH=${CMAKE_PREFIX_PATH}:/home/shengbin/camera_ws/install/opencv_tests:/home/shengbin/camera_ws/install/camera_calibration:/home/shengbin/camera_ws/install/camera:/opt/ros/humble /usr/bin/cmake --install /home/shengbin/camera_ws/build/tracetools_image_pipeline
