[0.398s] Invoking command in '/home/shengbin/camera_ws/build/ros2_shared': CMAKE_PREFIX_PATH=${CMAKE_PREFIX_PATH}:/home/shengbin/camera_ws/install/opencv_tests:/home/shengbin/camera_ws/install/camera_calibration:/home/shengbin/camera_ws/install/camera:/opt/ros/humble /usr/bin/cmake --build /home/shengbin/camera_ws/build/ros2_shared -- -j16 -l16
[0.438s] -- Found ament_cmake: 1.3.5 (/opt/ros/humble/share/ament_cmake/cmake)
[0.675s] -- Found rclcpp: 16.0.6 (/opt/ros/humble/share/rclcpp/cmake)
[0.718s] -- Found rosidl_generator_c: 3.1.5 (/opt/ros/humble/share/rosidl_generator_c/cmake)
[0.721s] -- Found rosidl_adapter: 3.1.5 (/opt/ros/humble/share/rosidl_adapter/cmake)
[0.729s] -- Found rosidl_generator_cpp: 3.1.5 (/opt/ros/humble/share/rosidl_generator_cpp/cmake)
[0.746s] -- Using all available rosidl_typesupport_c: rosidl_typesupport_fastrtps_c;rosidl_typesupport_introspection_c
[0.769s] -- Using all available rosidl_typesupport_cpp: rosidl_typesupport_fastrtps_cpp;rosidl_typesupport_introspection_cpp
[0.861s] -- Found rmw_implementation_cmake: 6.1.1 (/opt/ros/humble/share/rmw_implementation_cmake/cmake)
[0.864s] -- Found rmw_cyclonedds_cpp: 1.3.4 (/opt/ros/humble/share/rmw_cyclonedds_cpp/cmake)
[0.913s] -- Using RMW implementation 'rmw_cyclonedds_cpp' as default
[1.419s] -- Configuring done
[1.425s] -- Generating done
[1.428s] -- Build files have been written to: /home/shengbin/camera_ws/build/ros2_shared
[1.564s] Invoked command in '/home/shengbin/camera_ws/build/ros2_shared' returned '0': CMAKE_PREFIX_PATH=${CMAKE_PREFIX_PATH}:/home/shengbin/camera_ws/install/opencv_tests:/home/shengbin/camera_ws/install/camera_calibration:/home/shengbin/camera_ws/install/camera:/opt/ros/humble /usr/bin/cmake --build /home/shengbin/camera_ws/build/ros2_shared -- -j16 -l16
[1.603s] Invoking command in '/home/shengbin/camera_ws/build/ros2_shared': CMAKE_PREFIX_PATH=${CMAKE_PREFIX_PATH}:/home/shengbin/camera_ws/install/opencv_tests:/home/shengbin/camera_ws/install/camera_calibration:/home/shengbin/camera_ws/install/camera:/opt/ros/humble /usr/bin/cmake --install /home/shengbin/camera_ws/build/ros2_shared
[1.620s] -- Install configuration: ""
[1.621s] -- Up-to-date: /home/shengbin/camera_ws/install/ros2_shared/include
[1.621s] -- Up-to-date: /home/shengbin/camera_ws/install/ros2_shared/include/ros2_shared
[1.621s] -- Installing: /home/shengbin/camera_ws/install/ros2_shared/include/ros2_shared/param_macros.hpp
[1.621s] -- Installing: /home/shengbin/camera_ws/install/ros2_shared/include/ros2_shared/string_printf.hpp
[1.621s] -- Installing: /home/shengbin/camera_ws/install/ros2_shared/include/ros2_shared/context_macros.hpp
[1.621s] -- Up-to-date: /home/shengbin/camera_ws/install/ros2_shared/share/ament_index/resource_index/package_run_dependencies/ros2_shared
[1.621s] -- Up-to-date: /home/shengbin/camera_ws/install/ros2_shared/share/ament_index/resource_index/parent_prefix_path/ros2_shared
[1.621s] -- Up-to-date: /home/shengbin/camera_ws/install/ros2_shared/share/ros2_shared/environment/ament_prefix_path.sh
[1.622s] -- Installing: /home/shengbin/camera_ws/install/ros2_shared/share/ros2_shared/environment/ament_prefix_path.dsv
[1.622s] -- Up-to-date: /home/shengbin/camera_ws/install/ros2_shared/share/ros2_shared/environment/path.sh
[1.622s] -- Installing: /home/shengbin/camera_ws/install/ros2_shared/share/ros2_shared/environment/path.dsv
[1.622s] -- Up-to-date: /home/shengbin/camera_ws/install/ros2_shared/share/ros2_shared/local_setup.bash
[1.622s] -- Up-to-date: /home/shengbin/camera_ws/install/ros2_shared/share/ros2_shared/local_setup.sh
[1.622s] -- Up-to-date: /home/shengbin/camera_ws/install/ros2_shared/share/ros2_shared/local_setup.zsh
[1.622s] -- Installing: /home/shengbin/camera_ws/install/ros2_shared/share/ros2_shared/local_setup.dsv
[1.622s] -- Installing: /home/shengbin/camera_ws/install/ros2_shared/share/ros2_shared/package.dsv
[1.622s] -- Up-to-date: /home/shengbin/camera_ws/install/ros2_shared/share/ament_index/resource_index/packages/ros2_shared
[1.623s] -- Up-to-date: /home/shengbin/camera_ws/install/ros2_shared/share/ros2_shared/cmake/ros2_shared_targetsExport.cmake
[1.623s] -- Up-to-date: /home/shengbin/camera_ws/install/ros2_shared/share/ros2_shared/cmake/ament_cmake_export_targets-extras.cmake
[1.624s] -- Up-to-date: /home/shengbin/camera_ws/install/ros2_shared/share/ros2_shared/cmake/ament_cmake_export_dependencies-extras.cmake
[1.624s] -- Up-to-date: /home/shengbin/camera_ws/install/ros2_shared/share/ros2_shared/cmake/ros2_sharedConfig.cmake
[1.624s] -- Up-to-date: /home/shengbin/camera_ws/install/ros2_shared/share/ros2_shared/cmake/ros2_sharedConfig-version.cmake
[1.624s] -- Installing: /home/shengbin/camera_ws/install/ros2_shared/share/ros2_shared/package.xml
[1.627s] Invoked command in '/home/shengbin/camera_ws/build/ros2_shared' returned '0': CMAKE_PREFIX_PATH=${CMAKE_PREFIX_PATH}:/home/shengbin/camera_ws/install/opencv_tests:/home/shengbin/camera_ws/install/camera_calibration:/home/shengbin/camera_ws/install/camera:/opt/ros/humble /usr/bin/cmake --install /home/shengbin/camera_ws/build/ros2_shared
