[0.236s] Invoking command in '/home/shengbin/camera_ws/build/camera_calibration_parsers': CMAKE_PREFIX_PATH=${CMAKE_PREFIX_PATH}:/home/shengbin/camera_ws/install/opencv_tests:/home/shengbin/camera_ws/install/camera_calibration:/home/shengbin/camera_ws/install/camera:/opt/ros/humble /usr/bin/cmake --build /home/shengbin/camera_ws/build/camera_calibration_parsers -- -j16 -l16
[0.549s] -- Found ament_cmake_ros: 0.10.0 (/opt/ros/humble/share/ament_cmake_ros/cmake)
[0.549s] -- Found rclcpp: 16.0.6 (/opt/ros/humble/share/rclcpp/cmake)
[0.549s] -- Found rosidl_generator_c: 3.1.5 (/opt/ros/humble/share/rosidl_generator_c/cmake)
[0.549s] -- Found rosidl_adapter: 3.1.5 (/opt/ros/humble/share/rosidl_adapter/cmake)
[0.550s] -- Found rosidl_generator_cpp: 3.1.5 (/opt/ros/humble/share/rosidl_generator_cpp/cmake)
[0.550s] -- Using all available rosidl_typesupport_c: rosidl_typesupport_fastrtps_c;rosidl_typesupport_introspection_c
[0.550s] -- Using all available rosidl_typesupport_cpp: rosidl_typesupport_fastrtps_cpp;rosidl_typesupport_introspection_cpp
[0.606s] -- Found rmw_implementation_cmake: 6.1.1 (/opt/ros/humble/share/rmw_implementation_cmake/cmake)
[0.608s] -- Found rmw_cyclonedds_cpp: 1.3.4 (/opt/ros/humble/share/rmw_cyclonedds_cpp/cmake)
[0.636s] -- Using RMW implementation 'rmw_cyclonedds_cpp' as default
[0.863s] -- Found sensor_msgs: 4.2.3 (/opt/ros/humble/share/sensor_msgs/cmake)
[0.973s] -- Found yaml_cpp_vendor: 8.0.2 (/opt/ros/humble/share/yaml_cpp_vendor/cmake)
[0.976s] -- Found ament_cmake_cppcheck: 0.12.8 (/opt/ros/humble/share/ament_cmake_cppcheck/cmake)
[0.977s] -- Found ament_cmake_cpplint: 0.12.8 (/opt/ros/humble/share/ament_cmake_cpplint/cmake)
[0.977s] -- Found ament_cmake_lint_cmake: 0.12.8 (/opt/ros/humble/share/ament_cmake_lint_cmake/cmake)
[0.978s] -- Found ament_cmake_uncrustify: 0.12.8 (/opt/ros/humble/share/ament_cmake_uncrustify/cmake)
[0.980s] -- Found gtest sources under '/opt/ros/humble/src/gtest_vendor': C++ tests using 'Google Test' will be built
[1.096s] -- Configuring done
[1.136s] -- Generating done
[1.138s] -- Build files have been written to: /home/shengbin/camera_ws/build/camera_calibration_parsers
[1.185s] [35m[1mConsolidate compiler generated dependencies of target gtest_main[0m
[1.185s] [35m[1mConsolidate compiler generated dependencies of target gtest[0m
[1.186s] [35m[1mConsolidate compiler generated dependencies of target camera_calibration_parsers[0m
[1.199s] [ 14%] Built target gtest_main
[1.207s] [ 28%] Built target gtest
[1.211s] [ 35%] [32mBuilding CXX object CMakeFiles/camera_calibration_parsers.dir/src/parse_ini.cpp.o[0m
[1.215s] [ 42%] [32mBuilding CXX object CMakeFiles/camera_calibration_parsers.dir/src/parse.cpp.o[0m
[1.216s] [ 50%] [32mBuilding CXX object CMakeFiles/camera_calibration_parsers.dir/src/parse_yml.cpp.o[0m
[4.755s] [ 57%] [32m[1mLinking CXX shared library libcamera_calibration_parsers.so[0m
[4.858s] [ 57%] Built target camera_calibration_parsers
[4.868s] [35m[1mConsolidate compiler generated dependencies of target convert[0m
[4.875s] [35m[1mConsolidate compiler generated dependencies of target camera_calibration_parsers-parse_yml[0m
[4.875s] [35m[1mConsolidate compiler generated dependencies of target camera_calibration_parsers-parse_ini[0m
[4.880s] [ 64%] [32mBuilding CXX object CMakeFiles/convert.dir/src/convert.cpp.o[0m
[4.894s] [ 78%] [32mBuilding CXX object CMakeFiles/camera_calibration_parsers-parse_yml.dir/test/test_parse_yml.cpp.o[0m
[4.895s] [ 78%] [32mBuilding CXX object CMakeFiles/camera_calibration_parsers-parse_ini.dir/test/test_parse_ini.cpp.o[0m
[5.466s] [ 85%] [32m[1mLinking CXX executable convert[0m
[5.636s] [ 85%] Built target convert
[5.703s] [ 92%] [32m[1mLinking CXX executable camera_calibration_parsers-parse_yml[0m
[5.841s] [ 92%] Built target camera_calibration_parsers-parse_yml
[5.846s] [100%] [32m[1mLinking CXX executable camera_calibration_parsers-parse_ini[0m
[5.969s] [100%] Built target camera_calibration_parsers-parse_ini
[5.980s] Invoked command in '/home/shengbin/camera_ws/build/camera_calibration_parsers' returned '0': CMAKE_PREFIX_PATH=${CMAKE_PREFIX_PATH}:/home/shengbin/camera_ws/install/opencv_tests:/home/shengbin/camera_ws/install/camera_calibration:/home/shengbin/camera_ws/install/camera:/opt/ros/humble /usr/bin/cmake --build /home/shengbin/camera_ws/build/camera_calibration_parsers -- -j16 -l16
[6.012s] Invoking command in '/home/shengbin/camera_ws/build/camera_calibration_parsers': CMAKE_PREFIX_PATH=${CMAKE_PREFIX_PATH}:/home/shengbin/camera_ws/install/opencv_tests:/home/shengbin/camera_ws/install/camera_calibration:/home/shengbin/camera_ws/install/camera:/opt/ros/humble /usr/bin/cmake --install /home/shengbin/camera_ws/build/camera_calibration_parsers
[6.019s] -- Install configuration: ""
[6.020s] -- Installing: /home/shengbin/camera_ws/install/camera_calibration_parsers/lib/libcamera_calibration_parsers.so
[6.021s] -- Set runtime path of "/home/shengbin/camera_ws/install/camera_calibration_parsers/lib/libcamera_calibration_parsers.so" to ""
[6.022s] -- Installing: /home/shengbin/camera_ws/install/camera_calibration_parsers/lib/camera_calibration_parsers/convert
[6.022s] -- Set runtime path of "/home/shengbin/camera_ws/install/camera_calibration_parsers/lib/camera_calibration_parsers/convert" to ""
[6.022s] -- Up-to-date: /home/shengbin/camera_ws/install/camera_calibration_parsers/include/camera_calibration_parsers
[6.022s] -- Up-to-date: /home/shengbin/camera_ws/install/camera_calibration_parsers/include/camera_calibration_parsers/camera_calibration_parsers
[6.022s] -- Installing: /home/shengbin/camera_ws/install/camera_calibration_parsers/include/camera_calibration_parsers/camera_calibration_parsers/parse_yml.hpp
[6.022s] -- Installing: /home/shengbin/camera_ws/install/camera_calibration_parsers/include/camera_calibration_parsers/camera_calibration_parsers/parse_ini.h
[6.022s] -- Installing: /home/shengbin/camera_ws/install/camera_calibration_parsers/include/camera_calibration_parsers/camera_calibration_parsers/visibility_control.hpp
[6.022s] -- Installing: /home/shengbin/camera_ws/install/camera_calibration_parsers/include/camera_calibration_parsers/camera_calibration_parsers/parse.hpp
[6.022s] -- Installing: /home/shengbin/camera_ws/install/camera_calibration_parsers/include/camera_calibration_parsers/camera_calibration_parsers/parse_yml.h
[6.023s] -- Installing: /home/shengbin/camera_ws/install/camera_calibration_parsers/include/camera_calibration_parsers/camera_calibration_parsers/parse.h
[6.023s] -- Installing: /home/shengbin/camera_ws/install/camera_calibration_parsers/include/camera_calibration_parsers/camera_calibration_parsers/parse_ini.hpp
[6.023s] -- Up-to-date: /home/shengbin/camera_ws/install/camera_calibration_parsers/share/ament_index/resource_index/package_run_dependencies/camera_calibration_parsers
[6.023s] -- Up-to-date: /home/shengbin/camera_ws/install/camera_calibration_parsers/share/ament_index/resource_index/parent_prefix_path/camera_calibration_parsers
[6.023s] -- Up-to-date: /home/shengbin/camera_ws/install/camera_calibration_parsers/share/camera_calibration_parsers/environment/ament_prefix_path.sh
[6.023s] -- Installing: /home/shengbin/camera_ws/install/camera_calibration_parsers/share/camera_calibration_parsers/environment/ament_prefix_path.dsv
[6.023s] -- Up-to-date: /home/shengbin/camera_ws/install/camera_calibration_parsers/share/camera_calibration_parsers/environment/path.sh
[6.023s] -- Installing: /home/shengbin/camera_ws/install/camera_calibration_parsers/share/camera_calibration_parsers/environment/path.dsv
[6.023s] -- Up-to-date: /home/shengbin/camera_ws/install/camera_calibration_parsers/share/camera_calibration_parsers/local_setup.bash
[6.023s] -- Up-to-date: /home/shengbin/camera_ws/install/camera_calibration_parsers/share/camera_calibration_parsers/local_setup.sh
[6.023s] -- Up-to-date: /home/shengbin/camera_ws/install/camera_calibration_parsers/share/camera_calibration_parsers/local_setup.zsh
[6.023s] -- Installing: /home/shengbin/camera_ws/install/camera_calibration_parsers/share/camera_calibration_parsers/local_setup.dsv
[6.024s] -- Installing: /home/shengbin/camera_ws/install/camera_calibration_parsers/share/camera_calibration_parsers/package.dsv
[6.024s] -- Up-to-date: /home/shengbin/camera_ws/install/camera_calibration_parsers/share/ament_index/resource_index/packages/camera_calibration_parsers
[6.024s] -- Up-to-date: /home/shengbin/camera_ws/install/camera_calibration_parsers/share/camera_calibration_parsers/cmake/export_camera_calibration_parsersExport.cmake
[6.024s] -- Up-to-date: /home/shengbin/camera_ws/install/camera_calibration_parsers/share/camera_calibration_parsers/cmake/export_camera_calibration_parsersExport-noconfig.cmake
[6.024s] -- Up-to-date: /home/shengbin/camera_ws/install/camera_calibration_parsers/share/camera_calibration_parsers/cmake/ament_cmake_export_targets-extras.cmake
[6.024s] -- Up-to-date: /home/shengbin/camera_ws/install/camera_calibration_parsers/share/camera_calibration_parsers/cmake/ament_cmake_export_dependencies-extras.cmake
[6.024s] -- Up-to-date: /home/shengbin/camera_ws/install/camera_calibration_parsers/share/camera_calibration_parsers/cmake/camera_calibration_parsersConfig.cmake
[6.025s] -- Up-to-date: /home/shengbin/camera_ws/install/camera_calibration_parsers/share/camera_calibration_parsers/cmake/camera_calibration_parsersConfig-version.cmake
[6.025s] -- Installing: /home/shengbin/camera_ws/install/camera_calibration_parsers/share/camera_calibration_parsers/package.xml
[6.025s] Invoked command in '/home/shengbin/camera_ws/build/camera_calibration_parsers' returned '0': CMAKE_PREFIX_PATH=${CMAKE_PREFIX_PATH}:/home/shengbin/camera_ws/install/opencv_tests:/home/shengbin/camera_ws/install/camera_calibration:/home/shengbin/camera_ws/install/camera:/opt/ros/humble /usr/bin/cmake --install /home/shengbin/camera_ws/build/camera_calibration_parsers
