-- Found ament_cmake: 1.3.5 (/opt/ros/humble/share/ament_cmake/cmake)
-- Configuring done
-- Generating done
-- Build files have been written to: /home/shengbin/camera_ws/build/image_transport_plugins
-- Install configuration: ""
-- Up-to-date: /home/shengbin/camera_ws/install/image_transport_plugins/share/ament_index/resource_index/package_run_dependencies/image_transport_plugins
-- Up-to-date: /home/shengbin/camera_ws/install/image_transport_plugins/share/ament_index/resource_index/parent_prefix_path/image_transport_plugins
-- Up-to-date: /home/shengbin/camera_ws/install/image_transport_plugins/share/image_transport_plugins/environment/ament_prefix_path.sh
-- Installing: /home/shengbin/camera_ws/install/image_transport_plugins/share/image_transport_plugins/environment/ament_prefix_path.dsv
-- Up-to-date: /home/shengbin/camera_ws/install/image_transport_plugins/share/image_transport_plugins/environment/path.sh
-- Installing: /home/shengbin/camera_ws/install/image_transport_plugins/share/image_transport_plugins/environment/path.dsv
-- Up-to-date: /home/shengbin/camera_ws/install/image_transport_plugins/share/image_transport_plugins/local_setup.bash
-- Up-to-date: /home/shengbin/camera_ws/install/image_transport_plugins/share/image_transport_plugins/local_setup.sh
-- Up-to-date: /home/shengbin/camera_ws/install/image_transport_plugins/share/image_transport_plugins/local_setup.zsh
-- Installing: /home/shengbin/camera_ws/install/image_transport_plugins/share/image_transport_plugins/local_setup.dsv
-- Installing: /home/shengbin/camera_ws/install/image_transport_plugins/share/image_transport_plugins/package.dsv
-- Up-to-date: /home/shengbin/camera_ws/install/image_transport_plugins/share/ament_index/resource_index/packages/image_transport_plugins
-- Up-to-date: /home/shengbin/camera_ws/install/image_transport_plugins/share/image_transport_plugins/cmake/image_transport_pluginsConfig.cmake
-- Up-to-date: /home/shengbin/camera_ws/install/image_transport_plugins/share/image_transport_plugins/cmake/image_transport_pluginsConfig-version.cmake
-- Installing: /home/shengbin/camera_ws/install/image_transport_plugins/share/image_transport_plugins/package.xml
