[0.222s] Invoking command in '/home/shengbin/camera_ws/build/camera_calibration_parsers': CMAKE_PREFIX_PATH=${CMAKE_PREFIX_PATH}:/home/shengbin/camera_ws/install/opencv_tests:/home/shengbin/camera_ws/install/camera_calibration:/home/shengbin/camera_ws/install/camera:/opt/ros/humble /usr/bin/cmake /home/shengbin/camera_ws/src/image_common/camera_calibration_parsers -DCMAKE_INSTALL_PREFIX=/home/shengbin/camera_ws/install/camera_calibration_parsers
[0.506s] -- The C compiler identification is GNU 11.4.0
[0.506s] -- The CXX compiler identification is GNU 11.4.0
[0.506s] -- Detecting C compiler ABI info
[0.507s] -- Detecting C compiler ABI info - done
[0.507s] -- Check for working C compiler: /usr/bin/cc - skipped
[0.507s] -- Detecting C compile features
[0.507s] -- Detecting C compile features - done
[0.507s] -- Detecting CXX compiler ABI info
[0.507s] -- Detecting CXX compiler ABI info - done
[0.507s] -- Check for working CXX compiler: /usr/bin/c++ - skipped
[0.507s] -- Detecting CXX compile features
[0.507s] -- Detecting CXX compile features - done
[0.507s] -- Found ament_cmake_ros: 0.10.0 (/opt/ros/humble/share/ament_cmake_ros/cmake)
[0.623s] -- Found Python3: /usr/bin/python3.10 (found version "3.10.12") found components: Interpreter 
[0.743s] -- Found rclcpp: 16.0.6 (/opt/ros/humble/share/rclcpp/cmake)
[0.781s] -- Found rosidl_generator_c: 3.1.5 (/opt/ros/humble/share/rosidl_generator_c/cmake)
[0.785s] -- Found rosidl_adapter: 3.1.5 (/opt/ros/humble/share/rosidl_adapter/cmake)
[0.792s] -- Found rosidl_generator_cpp: 3.1.5 (/opt/ros/humble/share/rosidl_generator_cpp/cmake)
[0.804s] -- Using all available rosidl_typesupport_c: rosidl_typesupport_fastrtps_c;rosidl_typesupport_introspection_c
[0.821s] -- Using all available rosidl_typesupport_cpp: rosidl_typesupport_fastrtps_cpp;rosidl_typesupport_introspection_cpp
[0.882s] -- Found rmw_implementation_cmake: 6.1.1 (/opt/ros/humble/share/rmw_implementation_cmake/cmake)
[0.884s] -- Found rmw_cyclonedds_cpp: 1.3.4 (/opt/ros/humble/share/rmw_cyclonedds_cpp/cmake)
[0.911s] -- Using RMW implementation 'rmw_cyclonedds_cpp' as default
[0.919s] -- Looking for pthread.h
[0.980s] -- Looking for pthread.h - found
[0.980s] -- Performing Test CMAKE_HAVE_LIBC_PTHREAD
[1.143s] -- Performing Test CMAKE_HAVE_LIBC_PTHREAD - Success
[1.144s] -- Found Threads: TRUE  
[1.328s] -- Found sensor_msgs: 4.2.3 (/opt/ros/humble/share/sensor_msgs/cmake)
[1.455s] -- Found yaml_cpp_vendor: 8.0.2 (/opt/ros/humble/share/yaml_cpp_vendor/cmake)
[1.458s] -- Found ament_cmake_cppcheck: 0.12.8 (/opt/ros/humble/share/ament_cmake_cppcheck/cmake)
[1.460s] -- Found ament_cmake_cpplint: 0.12.8 (/opt/ros/humble/share/ament_cmake_cpplint/cmake)
[1.461s] -- Found ament_cmake_lint_cmake: 0.12.8 (/opt/ros/humble/share/ament_cmake_lint_cmake/cmake)
[1.462s] -- Found ament_cmake_uncrustify: 0.12.8 (/opt/ros/humble/share/ament_cmake_uncrustify/cmake)
[1.466s] -- Found gtest sources under '/opt/ros/humble/src/gtest_vendor': C++ tests using 'Google Test' will be built
[1.530s] -- Configuring done
[1.564s] -- Generating done
[1.567s] -- Build files have been written to: /home/shengbin/camera_ws/build/camera_calibration_parsers
[1.648s] Invoked command in '/home/shengbin/camera_ws/build/camera_calibration_parsers' returned '0': CMAKE_PREFIX_PATH=${CMAKE_PREFIX_PATH}:/home/shengbin/camera_ws/install/opencv_tests:/home/shengbin/camera_ws/install/camera_calibration:/home/shengbin/camera_ws/install/camera:/opt/ros/humble /usr/bin/cmake /home/shengbin/camera_ws/src/image_common/camera_calibration_parsers -DCMAKE_INSTALL_PREFIX=/home/shengbin/camera_ws/install/camera_calibration_parsers
[1.649s] Invoking command in '/home/shengbin/camera_ws/build/camera_calibration_parsers': CMAKE_PREFIX_PATH=${CMAKE_PREFIX_PATH}:/home/shengbin/camera_ws/install/opencv_tests:/home/shengbin/camera_ws/install/camera_calibration:/home/shengbin/camera_ws/install/camera:/opt/ros/humble /usr/bin/cmake --build /home/shengbin/camera_ws/build/camera_calibration_parsers -- -j16 -l16
[1.727s] [ 14%] [32mBuilding CXX object gtest/CMakeFiles/gtest.dir/src/gtest-all.cc.o[0m
[1.727s] [ 14%] [32mBuilding CXX object CMakeFiles/camera_calibration_parsers.dir/src/parse.cpp.o[0m
[1.728s] [ 21%] [32mBuilding CXX object CMakeFiles/camera_calibration_parsers.dir/src/parse_ini.cpp.o[0m
[1.728s] [ 28%] [32mBuilding CXX object gtest/CMakeFiles/gtest_main.dir/src/gtest_main.cc.o[0m
[1.728s] [ 35%] [32mBuilding CXX object CMakeFiles/camera_calibration_parsers.dir/src/parse_yml.cpp.o[0m
[3.101s] [ 42%] [32m[1mLinking CXX static library libgtest_main.a[0m
[3.239s] [ 42%] Built target gtest_main
[5.474s] [ 50%] [32m[1mLinking CXX static library libgtest.a[0m
[5.561s] [ 50%] Built target gtest
[6.556s] [ 57%] [32m[1mLinking CXX shared library libcamera_calibration_parsers.so[0m
[6.665s] [ 57%] Built target camera_calibration_parsers
[6.684s] [ 64%] [32mBuilding CXX object CMakeFiles/camera_calibration_parsers-parse_yml.dir/test/test_parse_yml.cpp.o[0m
[6.694s] [ 78%] [32mBuilding CXX object CMakeFiles/camera_calibration_parsers-parse_ini.dir/test/test_parse_ini.cpp.o[0m
[6.694s] [ 78%] [32mBuilding CXX object CMakeFiles/convert.dir/src/convert.cpp.o[0m
[7.439s] [ 85%] [32m[1mLinking CXX executable camera_calibration_parsers-parse_yml[0m
[7.591s] [ 85%] Built target camera_calibration_parsers-parse_yml
[7.657s] [ 92%] [32m[1mLinking CXX executable camera_calibration_parsers-parse_ini[0m
[7.804s] [100%] [32m[1mLinking CXX executable convert[0m
[7.810s] [100%] Built target camera_calibration_parsers-parse_ini
[7.920s] [100%] Built target convert
[7.976s] Invoked command in '/home/shengbin/camera_ws/build/camera_calibration_parsers' returned '0': CMAKE_PREFIX_PATH=${CMAKE_PREFIX_PATH}:/home/shengbin/camera_ws/install/opencv_tests:/home/shengbin/camera_ws/install/camera_calibration:/home/shengbin/camera_ws/install/camera:/opt/ros/humble /usr/bin/cmake --build /home/shengbin/camera_ws/build/camera_calibration_parsers -- -j16 -l16
[8.184s] Invoking command in '/home/shengbin/camera_ws/build/camera_calibration_parsers': CMAKE_PREFIX_PATH=${CMAKE_PREFIX_PATH}:/home/shengbin/camera_ws/install/opencv_tests:/home/shengbin/camera_ws/install/camera_calibration:/home/shengbin/camera_ws/install/camera:/opt/ros/humble /usr/bin/cmake --install /home/shengbin/camera_ws/build/camera_calibration_parsers
[8.190s] -- Install configuration: ""
[8.190s] -- Installing: /home/shengbin/camera_ws/install/camera_calibration_parsers/lib/libcamera_calibration_parsers.so
[8.191s] -- Set runtime path of "/home/shengbin/camera_ws/install/camera_calibration_parsers/lib/libcamera_calibration_parsers.so" to ""
[8.191s] -- Installing: /home/shengbin/camera_ws/install/camera_calibration_parsers/lib/camera_calibration_parsers/convert
[8.191s] -- Set runtime path of "/home/shengbin/camera_ws/install/camera_calibration_parsers/lib/camera_calibration_parsers/convert" to ""
[8.191s] -- Installing: /home/shengbin/camera_ws/install/camera_calibration_parsers/include/camera_calibration_parsers
[8.191s] -- Installing: /home/shengbin/camera_ws/install/camera_calibration_parsers/include/camera_calibration_parsers/camera_calibration_parsers
[8.192s] -- Installing: /home/shengbin/camera_ws/install/camera_calibration_parsers/include/camera_calibration_parsers/camera_calibration_parsers/parse_yml.hpp
[8.192s] -- Installing: /home/shengbin/camera_ws/install/camera_calibration_parsers/include/camera_calibration_parsers/camera_calibration_parsers/parse_ini.h
[8.192s] -- Installing: /home/shengbin/camera_ws/install/camera_calibration_parsers/include/camera_calibration_parsers/camera_calibration_parsers/visibility_control.hpp
[8.192s] -- Installing: /home/shengbin/camera_ws/install/camera_calibration_parsers/include/camera_calibration_parsers/camera_calibration_parsers/parse.hpp
[8.192s] -- Installing: /home/shengbin/camera_ws/install/camera_calibration_parsers/include/camera_calibration_parsers/camera_calibration_parsers/parse_yml.h
[8.192s] -- Installing: /home/shengbin/camera_ws/install/camera_calibration_parsers/include/camera_calibration_parsers/camera_calibration_parsers/parse.h
[8.192s] -- Installing: /home/shengbin/camera_ws/install/camera_calibration_parsers/include/camera_calibration_parsers/camera_calibration_parsers/parse_ini.hpp
[8.192s] -- Installing: /home/shengbin/camera_ws/install/camera_calibration_parsers/share/ament_index/resource_index/package_run_dependencies/camera_calibration_parsers
[8.192s] -- Installing: /home/shengbin/camera_ws/install/camera_calibration_parsers/share/ament_index/resource_index/parent_prefix_path/camera_calibration_parsers
[8.192s] -- Installing: /home/shengbin/camera_ws/install/camera_calibration_parsers/share/camera_calibration_parsers/environment/ament_prefix_path.sh
[8.193s] -- Installing: /home/shengbin/camera_ws/install/camera_calibration_parsers/share/camera_calibration_parsers/environment/ament_prefix_path.dsv
[8.193s] -- Installing: /home/shengbin/camera_ws/install/camera_calibration_parsers/share/camera_calibration_parsers/environment/path.sh
[8.193s] -- Installing: /home/shengbin/camera_ws/install/camera_calibration_parsers/share/camera_calibration_parsers/environment/path.dsv
[8.193s] -- Installing: /home/shengbin/camera_ws/install/camera_calibration_parsers/share/camera_calibration_parsers/local_setup.bash
[8.193s] -- Installing: /home/shengbin/camera_ws/install/camera_calibration_parsers/share/camera_calibration_parsers/local_setup.sh
[8.193s] -- Installing: /home/shengbin/camera_ws/install/camera_calibration_parsers/share/camera_calibration_parsers/local_setup.zsh
[8.193s] -- Installing: /home/shengbin/camera_ws/install/camera_calibration_parsers/share/camera_calibration_parsers/local_setup.dsv
[8.193s] -- Installing: /home/shengbin/camera_ws/install/camera_calibration_parsers/share/camera_calibration_parsers/package.dsv
[8.193s] -- Installing: /home/shengbin/camera_ws/install/camera_calibration_parsers/share/ament_index/resource_index/packages/camera_calibration_parsers
[8.193s] -- Installing: /home/shengbin/camera_ws/install/camera_calibration_parsers/share/camera_calibration_parsers/cmake/export_camera_calibration_parsersExport.cmake
[8.193s] -- Installing: /home/shengbin/camera_ws/install/camera_calibration_parsers/share/camera_calibration_parsers/cmake/export_camera_calibration_parsersExport-noconfig.cmake
[8.193s] -- Installing: /home/shengbin/camera_ws/install/camera_calibration_parsers/share/camera_calibration_parsers/cmake/ament_cmake_export_targets-extras.cmake
[8.194s] -- Installing: /home/shengbin/camera_ws/install/camera_calibration_parsers/share/camera_calibration_parsers/cmake/ament_cmake_export_dependencies-extras.cmake
[8.194s] -- Installing: /home/shengbin/camera_ws/install/camera_calibration_parsers/share/camera_calibration_parsers/cmake/camera_calibration_parsersConfig.cmake
[8.194s] -- Installing: /home/shengbin/camera_ws/install/camera_calibration_parsers/share/camera_calibration_parsers/cmake/camera_calibration_parsersConfig-version.cmake
[8.194s] -- Installing: /home/shengbin/camera_ws/install/camera_calibration_parsers/share/camera_calibration_parsers/package.xml
[8.195s] Invoked command in '/home/shengbin/camera_ws/build/camera_calibration_parsers' returned '0': CMAKE_PREFIX_PATH=${CMAKE_PREFIX_PATH}:/home/shengbin/camera_ws/install/opencv_tests:/home/shengbin/camera_ws/install/camera_calibration:/home/shengbin/camera_ws/install/camera:/opt/ros/humble /usr/bin/cmake --install /home/shengbin/camera_ws/build/camera_calibration_parsers
