[0.356s] Invoking command in '/home/shengbin/camera_ws/build/ros2_shared': CMAKE_PREFIX_PATH=${CMAKE_PREFIX_PATH}:/home/shengbin/camera_ws/install/opencv_tests:/home/shengbin/camera_ws/install/camera_calibration:/home/shengbin/camera_ws/install/camera:/opt/ros/humble /usr/bin/cmake --build /home/shengbin/camera_ws/build/ros2_shared -- -j16 -l16
[0.605s] Invoked command in '/home/shengbin/camera_ws/build/ros2_shared' returned '0': CMAKE_PREFIX_PATH=${CMAKE_PREFIX_PATH}:/home/shengbin/camera_ws/install/opencv_tests:/home/shengbin/camera_ws/install/camera_calibration:/home/shengbin/camera_ws/install/camera:/opt/ros/humble /usr/bin/cmake --build /home/shengbin/camera_ws/build/ros2_shared -- -j16 -l16
[0.971s] Invoking command in '/home/shengbin/camera_ws/build/ros2_shared': CMAKE_PREFIX_PATH=${CMAKE_PREFIX_PATH}:/home/shengbin/camera_ws/install/opencv_tests:/home/shengbin/camera_ws/install/camera_calibration:/home/shengbin/camera_ws/install/camera:/opt/ros/humble /usr/bin/cmake --install /home/shengbin/camera_ws/build/ros2_shared
[1.025s] -- Install configuration: ""
[1.026s] -- Up-to-date: /home/shengbin/camera_ws/install/ros2_shared/include
[1.026s] -- Up-to-date: /home/shengbin/camera_ws/install/ros2_shared/include/ros2_shared
[1.026s] -- Up-to-date: /home/shengbin/camera_ws/install/ros2_shared/include/ros2_shared/param_macros.hpp
[1.027s] -- Up-to-date: /home/shengbin/camera_ws/install/ros2_shared/include/ros2_shared/string_printf.hpp
[1.027s] -- Up-to-date: /home/shengbin/camera_ws/install/ros2_shared/include/ros2_shared/context_macros.hpp
[1.027s] -- Up-to-date: /home/shengbin/camera_ws/install/ros2_shared/share/ament_index/resource_index/package_run_dependencies/ros2_shared
[1.028s] -- Up-to-date: /home/shengbin/camera_ws/install/ros2_shared/share/ament_index/resource_index/parent_prefix_path/ros2_shared
[1.028s] -- Up-to-date: /home/shengbin/camera_ws/install/ros2_shared/share/ros2_shared/environment/ament_prefix_path.sh
[1.029s] -- Up-to-date: /home/shengbin/camera_ws/install/ros2_shared/share/ros2_shared/environment/ament_prefix_path.dsv
[1.029s] -- Up-to-date: /home/shengbin/camera_ws/install/ros2_shared/share/ros2_shared/environment/path.sh
[1.030s] -- Up-to-date: /home/shengbin/camera_ws/install/ros2_shared/share/ros2_shared/environment/path.dsv
[1.031s] -- Up-to-date: /home/shengbin/camera_ws/install/ros2_shared/share/ros2_shared/local_setup.bash
[1.031s] -- Up-to-date: /home/shengbin/camera_ws/install/ros2_shared/share/ros2_shared/local_setup.sh
[1.031s] -- Up-to-date: /home/shengbin/camera_ws/install/ros2_shared/share/ros2_shared/local_setup.zsh
[1.032s] -- Up-to-date: /home/shengbin/camera_ws/install/ros2_shared/share/ros2_shared/local_setup.dsv
[1.032s] -- Installing: /home/shengbin/camera_ws/install/ros2_shared/share/ros2_shared/package.dsv
[1.033s] -- Up-to-date: /home/shengbin/camera_ws/install/ros2_shared/share/ament_index/resource_index/packages/ros2_shared
[1.033s] -- Up-to-date: /home/shengbin/camera_ws/install/ros2_shared/share/ros2_shared/cmake/ros2_shared_targetsExport.cmake
[1.033s] -- Up-to-date: /home/shengbin/camera_ws/install/ros2_shared/share/ros2_shared/cmake/ament_cmake_export_targets-extras.cmake
[1.034s] -- Up-to-date: /home/shengbin/camera_ws/install/ros2_shared/share/ros2_shared/cmake/ament_cmake_export_dependencies-extras.cmake
[1.034s] -- Up-to-date: /home/shengbin/camera_ws/install/ros2_shared/share/ros2_shared/cmake/ros2_sharedConfig.cmake
[1.035s] -- Up-to-date: /home/shengbin/camera_ws/install/ros2_shared/share/ros2_shared/cmake/ros2_sharedConfig-version.cmake
[1.035s] -- Up-to-date: /home/shengbin/camera_ws/install/ros2_shared/share/ros2_shared/package.xml
[1.871s] Invoked command in '/home/shengbin/camera_ws/build/ros2_shared' returned '0': CMAKE_PREFIX_PATH=${CMAKE_PREFIX_PATH}:/home/shengbin/camera_ws/install/opencv_tests:/home/shengbin/camera_ws/install/camera_calibration:/home/shengbin/camera_ws/install/camera:/opt/ros/humble /usr/bin/cmake --install /home/shengbin/camera_ws/build/ros2_shared
