-- Found ament_cmake: 1.3.5 (/opt/ros/humble/share/ament_cmake/cmake)
-- Found ament_lint_auto: 0.12.8 (/opt/ros/humble/share/ament_lint_auto/cmake)
-- Added test 'copyright' to check source files copyright and LICENSE
-- Added test 'lint_cmake' to check CMake code style
-- Added test 'xmllint' to check XML markup files
-- Configuring done
-- Generating done
-- Build files have been written to: /home/shengbin/camera_ws/build/image_common
-- Install configuration: ""
-- Up-to-date: /home/shengbin/camera_ws/install/image_common/share/ament_index/resource_index/package_run_dependencies/image_common
-- Up-to-date: /home/shengbin/camera_ws/install/image_common/share/ament_index/resource_index/parent_prefix_path/image_common
-- Up-to-date: /home/shengbin/camera_ws/install/image_common/share/image_common/environment/ament_prefix_path.sh
-- Installing: /home/shengbin/camera_ws/install/image_common/share/image_common/environment/ament_prefix_path.dsv
-- Up-to-date: /home/shengbin/camera_ws/install/image_common/share/image_common/environment/path.sh
-- Installing: /home/shengbin/camera_ws/install/image_common/share/image_common/environment/path.dsv
-- Up-to-date: /home/shengbin/camera_ws/install/image_common/share/image_common/local_setup.bash
-- Up-to-date: /home/shengbin/camera_ws/install/image_common/share/image_common/local_setup.sh
-- Up-to-date: /home/shengbin/camera_ws/install/image_common/share/image_common/local_setup.zsh
-- Installing: /home/shengbin/camera_ws/install/image_common/share/image_common/local_setup.dsv
-- Installing: /home/shengbin/camera_ws/install/image_common/share/image_common/package.dsv
-- Up-to-date: /home/shengbin/camera_ws/install/image_common/share/ament_index/resource_index/packages/image_common
-- Up-to-date: /home/shengbin/camera_ws/install/image_common/share/image_common/cmake/image_commonConfig.cmake
-- Up-to-date: /home/shengbin/camera_ws/install/image_common/share/image_common/cmake/image_commonConfig-version.cmake
-- Installing: /home/shengbin/camera_ws/install/image_common/share/image_common/package.xml
