[0.183s] Invoking command in '/home/shengbin/camera_ws/build/image_geometry': CMAKE_PREFIX_PATH=${CMAKE_PREFIX_PATH}:/home/shengbin/camera_ws/install/opencv_tests:/home/shengbin/camera_ws/install/camera_calibration:/home/shengbin/camera_ws/install/camera:/opt/ros/humble /usr/bin/cmake /home/shengbin/camera_ws/src/vision_opencv/image_geometry -DCMAKE_INSTALL_PREFIX=/home/shengbin/camera_ws/install/image_geometry
[0.461s] -- The C compiler identification is GNU 11.4.0
[0.461s] -- The CXX compiler identification is GNU 11.4.0
[0.461s] -- Detecting C compiler ABI info
[0.461s] -- Detecting C compiler ABI info - done
[0.462s] -- Check for working C compiler: /usr/bin/cc - skipped
[0.462s] -- Detecting C compile features
[0.462s] -- Detecting C compile features - done
[0.462s] -- Detecting CXX compiler ABI info
[0.462s] -- Detecting CXX compiler ABI info - done
[0.462s] -- Check for working CXX compiler: /usr/bin/c++ - skipped
[0.462s] -- Detecting CXX compile features
[0.462s] -- Detecting CXX compile features - done
[0.462s] -- Found ament_cmake_python: 1.3.5 (/opt/ros/humble/share/ament_cmake_python/cmake)
[0.463s] -- Found ament_cmake_ros: 0.10.0 (/opt/ros/humble/share/ament_cmake_ros/cmake)
[0.627s] -- Found Python3: /usr/bin/python3.10 (found version "3.10.12") found components: Interpreter 
[0.821s] -- Found OpenCV: /usr (found version "4.5.4") found components: calib3d core highgui imgproc 
[0.823s] -- Found sensor_msgs: 4.2.3 (/opt/ros/humble/share/sensor_msgs/cmake)
[0.866s] -- Found rosidl_generator_c: 3.1.5 (/opt/ros/humble/share/rosidl_generator_c/cmake)
[0.870s] -- Found rosidl_adapter: 3.1.5 (/opt/ros/humble/share/rosidl_adapter/cmake)
[0.877s] -- Found rosidl_generator_cpp: 3.1.5 (/opt/ros/humble/share/rosidl_generator_cpp/cmake)
[0.888s] -- Using all available rosidl_typesupport_c: rosidl_typesupport_fastrtps_c;rosidl_typesupport_introspection_c
[0.906s] -- Using all available rosidl_typesupport_cpp: rosidl_typesupport_fastrtps_cpp;rosidl_typesupport_introspection_cpp
[1.151s] -- Found gtest sources under '/opt/ros/humble/src/gtest_vendor': C++ tests using 'Google Test' will be built
[1.153s] -- Looking for pthread.h
[1.214s] -- Looking for pthread.h - found
[1.223s] -- Performing Test CMAKE_HAVE_LIBC_PTHREAD
[1.340s] -- Performing Test CMAKE_HAVE_LIBC_PTHREAD - Success
[1.341s] -- Found Threads: TRUE  
[1.402s] -- Configuring done
[1.420s] -- Generating done
[1.422s] -- Build files have been written to: /home/shengbin/camera_ws/build/image_geometry
[1.434s] Invoked command in '/home/shengbin/camera_ws/build/image_geometry' returned '0': CMAKE_PREFIX_PATH=${CMAKE_PREFIX_PATH}:/home/shengbin/camera_ws/install/opencv_tests:/home/shengbin/camera_ws/install/camera_calibration:/home/shengbin/camera_ws/install/camera:/opt/ros/humble /usr/bin/cmake /home/shengbin/camera_ws/src/vision_opencv/image_geometry -DCMAKE_INSTALL_PREFIX=/home/shengbin/camera_ws/install/image_geometry
[1.435s] Invoking command in '/home/shengbin/camera_ws/build/image_geometry': CMAKE_PREFIX_PATH=${CMAKE_PREFIX_PATH}:/home/shengbin/camera_ws/install/opencv_tests:/home/shengbin/camera_ws/install/camera_calibration:/home/shengbin/camera_ws/install/camera:/opt/ros/humble /usr/bin/cmake --build /home/shengbin/camera_ws/build/image_geometry -- -j16 -l16
[1.483s] [ 11%] [32mBuilding CXX object CMakeFiles/image_geometry.dir/src/pinhole_camera_model.cpp.o[0m
[1.487s] [ 22%] [32mBuilding CXX object CMakeFiles/image_geometry.dir/src/stereo_camera_model.cpp.o[0m
[1.488s] [ 33%] [32mBuilding CXX object gtest/CMakeFiles/gtest_main.dir/src/gtest_main.cc.o[0m
[1.490s] [ 44%] [32mBuilding CXX object gtest/CMakeFiles/gtest.dir/src/gtest-all.cc.o[0m
[1.500s] [ 44%] Built target ament_cmake_python_copy_image_geometry
[1.856s] running egg_info
[1.857s] creating image_geometry.egg-info
[1.857s] writing image_geometry.egg-info/PKG-INFO
[1.857s] writing dependency_links to image_geometry.egg-info/dependency_links.txt
[1.858s] writing top-level names to image_geometry.egg-info/top_level.txt
[1.858s] writing manifest file 'image_geometry.egg-info/SOURCES.txt'
[1.860s] reading manifest file 'image_geometry.egg-info/SOURCES.txt'
[1.861s] writing manifest file 'image_geometry.egg-info/SOURCES.txt'
[1.893s] [ 44%] Built target ament_cmake_python_build_image_geometry_egg
[3.030s] [ 55%] [32m[1mLinking CXX shared library libimage_geometry.so[0m
[3.063s] [ 66%] [32m[1mLinking CXX static library libgtest_main.a[0m
[3.253s] [ 66%] Built target gtest_main
[3.325s] [ 66%] Built target image_geometry
[5.962s] [ 77%] [32m[1mLinking CXX static library libgtest.a[0m
[6.061s] [ 77%] Built target gtest
[6.095s] [ 88%] [32mBuilding CXX object CMakeFiles/image_geometry-utest.dir/test/utest.cpp.o[0m
[7.504s] [100%] [32m[1mLinking CXX executable image_geometry-utest[0m
[7.701s] [100%] Built target image_geometry-utest
[7.713s] Invoked command in '/home/shengbin/camera_ws/build/image_geometry' returned '0': CMAKE_PREFIX_PATH=${CMAKE_PREFIX_PATH}:/home/shengbin/camera_ws/install/opencv_tests:/home/shengbin/camera_ws/install/camera_calibration:/home/shengbin/camera_ws/install/camera:/opt/ros/humble /usr/bin/cmake --build /home/shengbin/camera_ws/build/image_geometry -- -j16 -l16
[7.764s] Invoking command in '/home/shengbin/camera_ws/build/image_geometry': CMAKE_PREFIX_PATH=${CMAKE_PREFIX_PATH}:/home/shengbin/camera_ws/install/opencv_tests:/home/shengbin/camera_ws/install/camera_calibration:/home/shengbin/camera_ws/install/camera:/opt/ros/humble /usr/bin/cmake --install /home/shengbin/camera_ws/build/image_geometry
[7.769s] -- Install configuration: ""
[7.769s] -- Installing: /home/shengbin/camera_ws/install/image_geometry/share/image_geometry/environment/pythonpath.sh
[7.770s] -- Installing: /home/shengbin/camera_ws/install/image_geometry/share/image_geometry/environment/pythonpath.dsv
[7.770s] -- Installing: /home/shengbin/camera_ws/install/image_geometry/local/lib/python3.10/dist-packages/image_geometry-3.2.1-py3.10.egg-info
[7.770s] -- Installing: /home/shengbin/camera_ws/install/image_geometry/local/lib/python3.10/dist-packages/image_geometry-3.2.1-py3.10.egg-info/dependency_links.txt
[7.770s] -- Installing: /home/shengbin/camera_ws/install/image_geometry/local/lib/python3.10/dist-packages/image_geometry-3.2.1-py3.10.egg-info/SOURCES.txt
[7.770s] -- Installing: /home/shengbin/camera_ws/install/image_geometry/local/lib/python3.10/dist-packages/image_geometry-3.2.1-py3.10.egg-info/PKG-INFO
[7.771s] -- Installing: /home/shengbin/camera_ws/install/image_geometry/local/lib/python3.10/dist-packages/image_geometry-3.2.1-py3.10.egg-info/top_level.txt
[7.771s] -- Installing: /home/shengbin/camera_ws/install/image_geometry/local/lib/python3.10/dist-packages/image_geometry
[7.771s] -- Installing: /home/shengbin/camera_ws/install/image_geometry/local/lib/python3.10/dist-packages/image_geometry/__init__.py
[7.771s] -- Installing: /home/shengbin/camera_ws/install/image_geometry/local/lib/python3.10/dist-packages/image_geometry/cameramodels.py
[7.802s] Listing '/home/shengbin/camera_ws/install/image_geometry/local/lib/python3.10/dist-packages/image_geometry'...
[7.802s] Compiling '/home/shengbin/camera_ws/install/image_geometry/local/lib/python3.10/dist-packages/image_geometry/__init__.py'...
[7.802s] Compiling '/home/shengbin/camera_ws/install/image_geometry/local/lib/python3.10/dist-packages/image_geometry/cameramodels.py'...
[7.806s] -- Installing: /home/shengbin/camera_ws/install/image_geometry/include/image_geometry
[7.807s] -- Installing: /home/shengbin/camera_ws/install/image_geometry/include/image_geometry/image_geometry
[7.807s] -- Installing: /home/shengbin/camera_ws/install/image_geometry/include/image_geometry/image_geometry/stereo_camera_model.h
[7.807s] -- Installing: /home/shengbin/camera_ws/install/image_geometry/include/image_geometry/image_geometry/visibility_control.hpp
[7.807s] -- Installing: /home/shengbin/camera_ws/install/image_geometry/include/image_geometry/image_geometry/pinhole_camera_model.h
[7.807s] -- Installing: /home/shengbin/camera_ws/install/image_geometry/lib/libimage_geometry.so
[7.808s] -- Set runtime path of "/home/shengbin/camera_ws/install/image_geometry/lib/libimage_geometry.so" to ""
[7.808s] -- Installing: /home/shengbin/camera_ws/install/image_geometry/share/ament_index/resource_index/package_run_dependencies/image_geometry
[7.808s] -- Installing: /home/shengbin/camera_ws/install/image_geometry/share/ament_index/resource_index/parent_prefix_path/image_geometry
[7.808s] -- Installing: /home/shengbin/camera_ws/install/image_geometry/share/image_geometry/environment/ament_prefix_path.sh
[7.808s] -- Installing: /home/shengbin/camera_ws/install/image_geometry/share/image_geometry/environment/ament_prefix_path.dsv
[7.809s] -- Installing: /home/shengbin/camera_ws/install/image_geometry/share/image_geometry/environment/path.sh
[7.809s] -- Installing: /home/shengbin/camera_ws/install/image_geometry/share/image_geometry/environment/path.dsv
[7.809s] -- Installing: /home/shengbin/camera_ws/install/image_geometry/share/image_geometry/local_setup.bash
[7.809s] -- Installing: /home/shengbin/camera_ws/install/image_geometry/share/image_geometry/local_setup.sh
[7.809s] -- Installing: /home/shengbin/camera_ws/install/image_geometry/share/image_geometry/local_setup.zsh
[7.809s] -- Installing: /home/shengbin/camera_ws/install/image_geometry/share/image_geometry/local_setup.dsv
[7.809s] -- Installing: /home/shengbin/camera_ws/install/image_geometry/share/image_geometry/package.dsv
[7.809s] -- Installing: /home/shengbin/camera_ws/install/image_geometry/share/ament_index/resource_index/packages/image_geometry
[7.810s] -- Installing: /home/shengbin/camera_ws/install/image_geometry/share/image_geometry/cmake/export_image_geometryExport.cmake
[7.810s] -- Installing: /home/shengbin/camera_ws/install/image_geometry/share/image_geometry/cmake/export_image_geometryExport-noconfig.cmake
[7.810s] -- Installing: /home/shengbin/camera_ws/install/image_geometry/share/image_geometry/cmake/ament_cmake_export_targets-extras.cmake
[7.810s] -- Installing: /home/shengbin/camera_ws/install/image_geometry/share/image_geometry/cmake/ament_cmake_export_dependencies-extras.cmake
[7.810s] -- Installing: /home/shengbin/camera_ws/install/image_geometry/share/image_geometry/cmake/image_geometryConfig.cmake
[7.811s] -- Installing: /home/shengbin/camera_ws/install/image_geometry/share/image_geometry/cmake/image_geometryConfig-version.cmake
[7.811s] -- Installing: /home/shengbin/camera_ws/install/image_geometry/share/image_geometry/package.xml
[7.814s] Invoked command in '/home/shengbin/camera_ws/build/image_geometry' returned '0': CMAKE_PREFIX_PATH=${CMAKE_PREFIX_PATH}:/home/shengbin/camera_ws/install/opencv_tests:/home/shengbin/camera_ws/install/camera_calibration:/home/shengbin/camera_ws/install/camera:/opt/ros/humble /usr/bin/cmake --install /home/shengbin/camera_ws/build/image_geometry
