[0.161s] Invoking command in '/home/shengbin/camera_ws/build/image_publisher': CMAKE_PREFIX_PATH=/home/shengbin/camera_ws/install/camera_info_manager:/home/shengbin/camera_ws/install/image_transport:/home/shengbin/camera_ws/install/cv_bridge:/home/shengbin/camera_ws/install/camera_calibration_parsers:/home/shengbin/camera_ws/install/vision_opencv:/home/shengbin/camera_ws/install/v4l2_camera:/home/shengbin/camera_ws/install/image_pipeline:/home/shengbin/camera_ws/install/stereo_image_proc:/home/shengbin/camera_ws/install/image_proc:/home/shengbin/camera_ws/install/tracetools_image_pipeline:/home/shengbin/camera_ws/install/image_transport_plugins:/home/shengbin/camera_ws/install/theora_image_transport:/home/shengbin/camera_ws/install/ros2_shared:/home/shengbin/camera_ws/install/image_view:/home/shengbin/camera_ws/install/image_rotate:/home/shengbin/camera_ws/install/image_publisher:/home/shengbin/camera_ws/install/image_common:/home/shengbin/camera_ws/install/depth_image_proc:/home/shengbin/camera_ws/install/compressed_image_transport:/home/shengbin/camera_ws/install/compressed_depth_image_transport:/home/shengbin/camera_ws/install/image_geometry:/home/shengbin/camera_ws/install/opencv_tests:/home/shengbin/camera_ws/install/camera_calibration:/home/shengbin/camera_ws/install/camera:/opt/ros/humble LD_LIBRARY_PATH=/home/shengbin/camera_ws/install/camera_info_manager/lib:/home/shengbin/camera_ws/install/image_transport/lib:/home/shengbin/camera_ws/install/cv_bridge/lib:/home/shengbin/camera_ws/install/camera_calibration_parsers/lib:/home/shengbin/camera_ws/install/v4l2_camera/lib:/home/shengbin/camera_ws/install/stereo_image_proc/lib:/home/shengbin/camera_ws/install/image_proc/lib:/home/shengbin/camera_ws/install/tracetools_image_pipeline/lib:/home/shengbin/camera_ws/install/theora_image_transport/lib:/home/shengbin/camera_ws/install/image_view/lib:/home/shengbin/camera_ws/install/image_rotate/lib:/home/shengbin/camera_ws/install/image_publisher/lib:/home/shengbin/camera_ws/install/depth_image_proc/lib:/home/shengbin/camera_ws/install/compressed_image_transport/lib:/home/shengbin/camera_ws/install/compressed_depth_image_transport/lib:/home/shengbin/camera_ws/install/image_geometry/lib:/opt/ros/humble/opt/rviz_ogre_vendor/lib:/opt/ros/humble/lib/x86_64-linux-gnu:/opt/ros/humble/lib /usr/bin/cmake --build /home/shengbin/camera_ws/build/image_publisher -- -j16 -l16
[0.177s] -- Found ament_cmake_auto: 1.3.5 (/opt/ros/humble/share/ament_cmake_auto/cmake)
[0.483s] -- Found rosidl_generator_c: 3.1.5 (/opt/ros/humble/share/rosidl_generator_c/cmake)
[0.488s] -- Found rosidl_adapter: 3.1.5 (/opt/ros/humble/share/rosidl_adapter/cmake)
[0.497s] -- Found rosidl_generator_cpp: 3.1.5 (/opt/ros/humble/share/rosidl_generator_cpp/cmake)
[0.516s] -- Using all available rosidl_typesupport_c: rosidl_typesupport_fastrtps_c;rosidl_typesupport_introspection_c
[0.539s] -- Using all available rosidl_typesupport_cpp: rosidl_typesupport_fastrtps_cpp;rosidl_typesupport_introspection_cpp
[0.630s] -- Found rmw_implementation_cmake: 6.1.1 (/opt/ros/humble/share/rmw_implementation_cmake/cmake)
[0.633s] -- Found rmw_cyclonedds_cpp: 1.3.4 (/opt/ros/humble/share/rmw_cyclonedds_cpp/cmake)
[0.678s] -- Using RMW implementation 'rmw_cyclonedds_cpp' as default
[1.176s] -- opencv version 4.5.4
[1.184s] -- Found ament_lint_auto: 0.12.8 (/opt/ros/humble/share/ament_lint_auto/cmake)
[1.193s] -- Added test 'copyright' to check source files copyright and LICENSE
[1.194s] -- Added test 'cppcheck' to perform static code analysis on C / C++ code
[1.194s] -- Configured cppcheck include dirs: /home/shengbin/camera_ws/src/image_pipeline/image_publisher/include
[1.194s] -- Configured cppcheck exclude dirs and/or files: 
[1.195s] -- Added test 'cpplint' to check C / C++ code against the Google style
[1.195s] -- Configured cpplint exclude dirs and/or files: 
[1.195s] -- Added test 'flake8' to check Python code syntax and style conventions
[1.196s] -- Added test 'lint_cmake' to check CMake code style
[1.196s] -- Added test 'pep257' to check Python code against some of the docstring style conventions in PEP 257
[1.197s] -- Added test 'uncrustify' to check C / C++ code style
[1.197s] -- Configured uncrustify additional arguments: 
[1.197s] -- Added test 'xmllint' to check XML markup files
[1.200s] -- Configuring done
[1.239s] -- Generating done
[1.242s] -- Build files have been written to: /home/shengbin/camera_ws/build/image_publisher
[1.281s] [35m[1mConsolidate compiler generated dependencies of target image_publisher[0m
[1.307s] [ 25%] [32mBuilding CXX object CMakeFiles/image_publisher.dir/src/image_publisher.cpp.o[0m
[17.839s] [ 50%] [32m[1mLinking CXX shared library libimage_publisher.so[0m
[20.262s] [ 50%] Built target image_publisher
[20.289s] [35m[1mConsolidate compiler generated dependencies of target image_publisher_node[0m
[20.366s] [ 75%] [32mBuilding CXX object CMakeFiles/image_publisher_node.dir/src/image_publisher_node.cpp.o[0m
[28.108s] [100%] [32m[1mLinking CXX executable image_publisher_node[0m
[29.975s] [100%] Built target image_publisher_node
[30.020s] Invoked command in '/home/shengbin/camera_ws/build/image_publisher' returned '0': CMAKE_PREFIX_PATH=/home/shengbin/camera_ws/install/camera_info_manager:/home/shengbin/camera_ws/install/image_transport:/home/shengbin/camera_ws/install/cv_bridge:/home/shengbin/camera_ws/install/camera_calibration_parsers:/home/shengbin/camera_ws/install/vision_opencv:/home/shengbin/camera_ws/install/v4l2_camera:/home/shengbin/camera_ws/install/image_pipeline:/home/shengbin/camera_ws/install/stereo_image_proc:/home/shengbin/camera_ws/install/image_proc:/home/shengbin/camera_ws/install/tracetools_image_pipeline:/home/shengbin/camera_ws/install/image_transport_plugins:/home/shengbin/camera_ws/install/theora_image_transport:/home/shengbin/camera_ws/install/ros2_shared:/home/shengbin/camera_ws/install/image_view:/home/shengbin/camera_ws/install/image_rotate:/home/shengbin/camera_ws/install/image_publisher:/home/shengbin/camera_ws/install/image_common:/home/shengbin/camera_ws/install/depth_image_proc:/home/shengbin/camera_ws/install/compressed_image_transport:/home/shengbin/camera_ws/install/compressed_depth_image_transport:/home/shengbin/camera_ws/install/image_geometry:/home/shengbin/camera_ws/install/opencv_tests:/home/shengbin/camera_ws/install/camera_calibration:/home/shengbin/camera_ws/install/camera:/opt/ros/humble LD_LIBRARY_PATH=/home/shengbin/camera_ws/install/camera_info_manager/lib:/home/shengbin/camera_ws/install/image_transport/lib:/home/shengbin/camera_ws/install/cv_bridge/lib:/home/shengbin/camera_ws/install/camera_calibration_parsers/lib:/home/shengbin/camera_ws/install/v4l2_camera/lib:/home/shengbin/camera_ws/install/stereo_image_proc/lib:/home/shengbin/camera_ws/install/image_proc/lib:/home/shengbin/camera_ws/install/tracetools_image_pipeline/lib:/home/shengbin/camera_ws/install/theora_image_transport/lib:/home/shengbin/camera_ws/install/image_view/lib:/home/shengbin/camera_ws/install/image_rotate/lib:/home/shengbin/camera_ws/install/image_publisher/lib:/home/shengbin/camera_ws/install/depth_image_proc/lib:/home/shengbin/camera_ws/install/compressed_image_transport/lib:/home/shengbin/camera_ws/install/compressed_depth_image_transport/lib:/home/shengbin/camera_ws/install/image_geometry/lib:/opt/ros/humble/opt/rviz_ogre_vendor/lib:/opt/ros/humble/lib/x86_64-linux-gnu:/opt/ros/humble/lib /usr/bin/cmake --build /home/shengbin/camera_ws/build/image_publisher -- -j16 -l16
[30.079s] Invoking command in '/home/shengbin/camera_ws/build/image_publisher': CMAKE_PREFIX_PATH=/home/shengbin/camera_ws/install/camera_info_manager:/home/shengbin/camera_ws/install/image_transport:/home/shengbin/camera_ws/install/cv_bridge:/home/shengbin/camera_ws/install/camera_calibration_parsers:/home/shengbin/camera_ws/install/vision_opencv:/home/shengbin/camera_ws/install/v4l2_camera:/home/shengbin/camera_ws/install/image_pipeline:/home/shengbin/camera_ws/install/stereo_image_proc:/home/shengbin/camera_ws/install/image_proc:/home/shengbin/camera_ws/install/tracetools_image_pipeline:/home/shengbin/camera_ws/install/image_transport_plugins:/home/shengbin/camera_ws/install/theora_image_transport:/home/shengbin/camera_ws/install/ros2_shared:/home/shengbin/camera_ws/install/image_view:/home/shengbin/camera_ws/install/image_rotate:/home/shengbin/camera_ws/install/image_publisher:/home/shengbin/camera_ws/install/image_common:/home/shengbin/camera_ws/install/depth_image_proc:/home/shengbin/camera_ws/install/compressed_image_transport:/home/shengbin/camera_ws/install/compressed_depth_image_transport:/home/shengbin/camera_ws/install/image_geometry:/home/shengbin/camera_ws/install/opencv_tests:/home/shengbin/camera_ws/install/camera_calibration:/home/shengbin/camera_ws/install/camera:/opt/ros/humble LD_LIBRARY_PATH=/home/shengbin/camera_ws/install/camera_info_manager/lib:/home/shengbin/camera_ws/install/image_transport/lib:/home/shengbin/camera_ws/install/cv_bridge/lib:/home/shengbin/camera_ws/install/camera_calibration_parsers/lib:/home/shengbin/camera_ws/install/v4l2_camera/lib:/home/shengbin/camera_ws/install/stereo_image_proc/lib:/home/shengbin/camera_ws/install/image_proc/lib:/home/shengbin/camera_ws/install/tracetools_image_pipeline/lib:/home/shengbin/camera_ws/install/theora_image_transport/lib:/home/shengbin/camera_ws/install/image_view/lib:/home/shengbin/camera_ws/install/image_rotate/lib:/home/shengbin/camera_ws/install/image_publisher/lib:/home/shengbin/camera_ws/install/depth_image_proc/lib:/home/shengbin/camera_ws/install/compressed_image_transport/lib:/home/shengbin/camera_ws/install/compressed_depth_image_transport/lib:/home/shengbin/camera_ws/install/image_geometry/lib:/opt/ros/humble/opt/rviz_ogre_vendor/lib:/opt/ros/humble/lib/x86_64-linux-gnu:/opt/ros/humble/lib /usr/bin/cmake --install /home/shengbin/camera_ws/build/image_publisher
[30.093s] -- Install configuration: ""
[30.093s] -- Up-to-date: /home/shengbin/camera_ws/install/image_publisher/include
[30.093s] -- Up-to-date: /home/shengbin/camera_ws/install/image_publisher/include/image_publisher
[30.094s] -- Installing: /home/shengbin/camera_ws/install/image_publisher/include/image_publisher/visibility.h
[30.094s] -- Installing: /home/shengbin/camera_ws/install/image_publisher/include/image_publisher/image_publisher.hpp
[30.094s] -- Up-to-date: /home/shengbin/camera_ws/install/image_publisher/share/image_publisher/environment/library_path.sh
[30.094s] -- Installing: /home/shengbin/camera_ws/install/image_publisher/share/image_publisher/environment/library_path.dsv
[30.095s] -- Installing: /home/shengbin/camera_ws/install/image_publisher/lib/libimage_publisher.so
[30.097s] -- Set runtime path of "/home/shengbin/camera_ws/install/image_publisher/lib/libimage_publisher.so" to ""
[30.097s] -- Installing: /home/shengbin/camera_ws/install/image_publisher/lib/image_publisher/image_publisher_node
[30.098s] -- Set runtime path of "/home/shengbin/camera_ws/install/image_publisher/lib/image_publisher/image_publisher_node" to ""
[30.098s] -- Up-to-date: /home/shengbin/camera_ws/install/image_publisher/share/image_publisher/launch
[30.098s] -- Installing: /home/shengbin/camera_ws/install/image_publisher/share/image_publisher/launch/image_publisher_stereo.launch.py
[30.099s] -- Installing: /home/shengbin/camera_ws/install/image_publisher/share/image_publisher/launch/image_publisher_file.launch.py
[30.099s] -- Installing: /home/shengbin/camera_ws/install/image_publisher/share/image_publisher/launch/splash.png
[30.100s] -- Installing: /home/shengbin/camera_ws/install/image_publisher/share/image_publisher/launch/image_publisher_mono.launch.py
[30.101s] -- Up-to-date: /home/shengbin/camera_ws/install/image_publisher/share/ament_index/resource_index/package_run_dependencies/image_publisher
[30.101s] -- Up-to-date: /home/shengbin/camera_ws/install/image_publisher/share/ament_index/resource_index/parent_prefix_path/image_publisher
[30.102s] -- Up-to-date: /home/shengbin/camera_ws/install/image_publisher/share/image_publisher/environment/ament_prefix_path.sh
[30.102s] -- Installing: /home/shengbin/camera_ws/install/image_publisher/share/image_publisher/environment/ament_prefix_path.dsv
[30.102s] -- Up-to-date: /home/shengbin/camera_ws/install/image_publisher/share/image_publisher/environment/path.sh
[30.103s] -- Installing: /home/shengbin/camera_ws/install/image_publisher/share/image_publisher/environment/path.dsv
[30.103s] -- Up-to-date: /home/shengbin/camera_ws/install/image_publisher/share/image_publisher/local_setup.bash
[30.103s] -- Up-to-date: /home/shengbin/camera_ws/install/image_publisher/share/image_publisher/local_setup.sh
[30.103s] -- Up-to-date: /home/shengbin/camera_ws/install/image_publisher/share/image_publisher/local_setup.zsh
[30.103s] -- Installing: /home/shengbin/camera_ws/install/image_publisher/share/image_publisher/local_setup.dsv
[30.103s] -- Installing: /home/shengbin/camera_ws/install/image_publisher/share/image_publisher/package.dsv
[30.103s] -- Up-to-date: /home/shengbin/camera_ws/install/image_publisher/share/ament_index/resource_index/packages/image_publisher
[30.103s] -- Up-to-date: /home/shengbin/camera_ws/install/image_publisher/share/ament_index/resource_index/rclcpp_components/image_publisher
[30.103s] -- Up-to-date: /home/shengbin/camera_ws/install/image_publisher/share/image_publisher/cmake/ament_cmake_export_dependencies-extras.cmake
[30.104s] -- Up-to-date: /home/shengbin/camera_ws/install/image_publisher/share/image_publisher/cmake/ament_cmake_export_include_directories-extras.cmake
[30.104s] -- Up-to-date: /home/shengbin/camera_ws/install/image_publisher/share/image_publisher/cmake/ament_cmake_export_libraries-extras.cmake
[30.104s] -- Up-to-date: /home/shengbin/camera_ws/install/image_publisher/share/image_publisher/cmake/image_publisherConfig.cmake
[30.104s] -- Up-to-date: /home/shengbin/camera_ws/install/image_publisher/share/image_publisher/cmake/image_publisherConfig-version.cmake
[30.104s] -- Installing: /home/shengbin/camera_ws/install/image_publisher/share/image_publisher/package.xml
[30.107s] Invoked command in '/home/shengbin/camera_ws/build/image_publisher' returned '0': CMAKE_PREFIX_PATH=/home/shengbin/camera_ws/install/camera_info_manager:/home/shengbin/camera_ws/install/image_transport:/home/shengbin/camera_ws/install/cv_bridge:/home/shengbin/camera_ws/install/camera_calibration_parsers:/home/shengbin/camera_ws/install/vision_opencv:/home/shengbin/camera_ws/install/v4l2_camera:/home/shengbin/camera_ws/install/image_pipeline:/home/shengbin/camera_ws/install/stereo_image_proc:/home/shengbin/camera_ws/install/image_proc:/home/shengbin/camera_ws/install/tracetools_image_pipeline:/home/shengbin/camera_ws/install/image_transport_plugins:/home/shengbin/camera_ws/install/theora_image_transport:/home/shengbin/camera_ws/install/ros2_shared:/home/shengbin/camera_ws/install/image_view:/home/shengbin/camera_ws/install/image_rotate:/home/shengbin/camera_ws/install/image_publisher:/home/shengbin/camera_ws/install/image_common:/home/shengbin/camera_ws/install/depth_image_proc:/home/shengbin/camera_ws/install/compressed_image_transport:/home/shengbin/camera_ws/install/compressed_depth_image_transport:/home/shengbin/camera_ws/install/image_geometry:/home/shengbin/camera_ws/install/opencv_tests:/home/shengbin/camera_ws/install/camera_calibration:/home/shengbin/camera_ws/install/camera:/opt/ros/humble LD_LIBRARY_PATH=/home/shengbin/camera_ws/install/camera_info_manager/lib:/home/shengbin/camera_ws/install/image_transport/lib:/home/shengbin/camera_ws/install/cv_bridge/lib:/home/shengbin/camera_ws/install/camera_calibration_parsers/lib:/home/shengbin/camera_ws/install/v4l2_camera/lib:/home/shengbin/camera_ws/install/stereo_image_proc/lib:/home/shengbin/camera_ws/install/image_proc/lib:/home/shengbin/camera_ws/install/tracetools_image_pipeline/lib:/home/shengbin/camera_ws/install/theora_image_transport/lib:/home/shengbin/camera_ws/install/image_view/lib:/home/shengbin/camera_ws/install/image_rotate/lib:/home/shengbin/camera_ws/install/image_publisher/lib:/home/shengbin/camera_ws/install/depth_image_proc/lib:/home/shengbin/camera_ws/install/compressed_image_transport/lib:/home/shengbin/camera_ws/install/compressed_depth_image_transport/lib:/home/shengbin/camera_ws/install/image_geometry/lib:/opt/ros/humble/opt/rviz_ogre_vendor/lib:/opt/ros/humble/lib/x86_64-linux-gnu:/opt/ros/humble/lib /usr/bin/cmake --install /home/shengbin/camera_ws/build/image_publisher
