[0.198s] Invoking command in '/home/shengbin/camera_ws/build/image_geometry': CMAKE_PREFIX_PATH=${CMAKE_PREFIX_PATH}:/home/shengbin/camera_ws/install/opencv_tests:/home/shengbin/camera_ws/install/camera_calibration:/home/shengbin/camera_ws/install/camera:/opt/ros/humble /usr/bin/cmake --build /home/shengbin/camera_ws/build/image_geometry -- -j16 -l16
[0.519s] -- Found ament_cmake_python: 1.3.5 (/opt/ros/humble/share/ament_cmake_python/cmake)
[0.519s] -- Found ament_cmake_ros: 0.10.0 (/opt/ros/humble/share/ament_cmake_ros/cmake)
[0.519s] -- Found sensor_msgs: 4.2.3 (/opt/ros/humble/share/sensor_msgs/cmake)
[0.519s] -- Found rosidl_generator_c: 3.1.5 (/opt/ros/humble/share/rosidl_generator_c/cmake)
[0.520s] -- Found rosidl_adapter: 3.1.5 (/opt/ros/humble/share/rosidl_adapter/cmake)
[0.520s] -- Found rosidl_generator_cpp: 3.1.5 (/opt/ros/humble/share/rosidl_generator_cpp/cmake)
[0.520s] -- Using all available rosidl_typesupport_c: rosidl_typesupport_fastrtps_c;rosidl_typesupport_introspection_c
[0.543s] -- Using all available rosidl_typesupport_cpp: rosidl_typesupport_fastrtps_cpp;rosidl_typesupport_introspection_cpp
[0.804s] -- Found gtest sources under '/opt/ros/humble/src/gtest_vendor': C++ tests using 'Google Test' will be built
[0.869s] -- Configuring done
[0.895s] -- Generating done
[0.897s] -- Build files have been written to: /home/shengbin/camera_ws/build/image_geometry
[0.935s] [35m[1mConsolidate compiler generated dependencies of target gtest_main[0m
[0.935s] [35m[1mConsolidate compiler generated dependencies of target gtest[0m
[0.936s] [35m[1mConsolidate compiler generated dependencies of target image_geometry[0m
[0.954s] [  0%] Built target ament_cmake_python_copy_image_geometry
[0.954s] [ 44%] Built target gtest
[0.954s] [ 44%] Built target gtest_main
[0.955s] [ 55%] [32mBuilding CXX object CMakeFiles/image_geometry.dir/src/pinhole_camera_model.cpp.o[0m
[0.956s] [ 66%] [32mBuilding CXX object CMakeFiles/image_geometry.dir/src/stereo_camera_model.cpp.o[0m
[1.487s] running egg_info
[1.488s] writing image_geometry.egg-info/PKG-INFO
[1.488s] writing dependency_links to image_geometry.egg-info/dependency_links.txt
[1.488s] writing top-level names to image_geometry.egg-info/top_level.txt
[1.488s] reading manifest file 'image_geometry.egg-info/SOURCES.txt'
[1.489s] writing manifest file 'image_geometry.egg-info/SOURCES.txt'
[1.546s] [ 66%] Built target ament_cmake_python_build_image_geometry_egg
[2.160s] [ 77%] [32m[1mLinking CXX shared library libimage_geometry.so[0m
[2.268s] [ 77%] Built target image_geometry
[2.282s] [35m[1mConsolidate compiler generated dependencies of target image_geometry-utest[0m
[2.297s] [ 88%] [32mBuilding CXX object CMakeFiles/image_geometry-utest.dir/test/utest.cpp.o[0m
[3.617s] [100%] [32m[1mLinking CXX executable image_geometry-utest[0m
[3.872s] [100%] Built target image_geometry-utest
[3.889s] Invoked command in '/home/shengbin/camera_ws/build/image_geometry' returned '0': CMAKE_PREFIX_PATH=${CMAKE_PREFIX_PATH}:/home/shengbin/camera_ws/install/opencv_tests:/home/shengbin/camera_ws/install/camera_calibration:/home/shengbin/camera_ws/install/camera:/opt/ros/humble /usr/bin/cmake --build /home/shengbin/camera_ws/build/image_geometry -- -j16 -l16
[3.932s] Invoking command in '/home/shengbin/camera_ws/build/image_geometry': CMAKE_PREFIX_PATH=${CMAKE_PREFIX_PATH}:/home/shengbin/camera_ws/install/opencv_tests:/home/shengbin/camera_ws/install/camera_calibration:/home/shengbin/camera_ws/install/camera:/opt/ros/humble /usr/bin/cmake --install /home/shengbin/camera_ws/build/image_geometry
[3.939s] -- Install configuration: ""
[3.940s] -- Up-to-date: /home/shengbin/camera_ws/install/image_geometry/share/image_geometry/environment/pythonpath.sh
[3.940s] -- Installing: /home/shengbin/camera_ws/install/image_geometry/share/image_geometry/environment/pythonpath.dsv
[3.940s] -- Up-to-date: /home/shengbin/camera_ws/install/image_geometry/local/lib/python3.10/dist-packages/image_geometry-3.2.1-py3.10.egg-info
[3.940s] -- Installing: /home/shengbin/camera_ws/install/image_geometry/local/lib/python3.10/dist-packages/image_geometry-3.2.1-py3.10.egg-info/dependency_links.txt
[3.940s] -- Installing: /home/shengbin/camera_ws/install/image_geometry/local/lib/python3.10/dist-packages/image_geometry-3.2.1-py3.10.egg-info/SOURCES.txt
[3.940s] -- Installing: /home/shengbin/camera_ws/install/image_geometry/local/lib/python3.10/dist-packages/image_geometry-3.2.1-py3.10.egg-info/PKG-INFO
[3.940s] -- Installing: /home/shengbin/camera_ws/install/image_geometry/local/lib/python3.10/dist-packages/image_geometry-3.2.1-py3.10.egg-info/top_level.txt
[3.940s] -- Up-to-date: /home/shengbin/camera_ws/install/image_geometry/local/lib/python3.10/dist-packages/image_geometry
[3.940s] -- Installing: /home/shengbin/camera_ws/install/image_geometry/local/lib/python3.10/dist-packages/image_geometry/__init__.py
[3.940s] -- Installing: /home/shengbin/camera_ws/install/image_geometry/local/lib/python3.10/dist-packages/image_geometry/cameramodels.py
[3.971s] Listing '/home/shengbin/camera_ws/install/image_geometry/local/lib/python3.10/dist-packages/image_geometry'...
[3.972s] Compiling '/home/shengbin/camera_ws/install/image_geometry/local/lib/python3.10/dist-packages/image_geometry/__init__.py'...
[3.972s] Compiling '/home/shengbin/camera_ws/install/image_geometry/local/lib/python3.10/dist-packages/image_geometry/cameramodels.py'...
[3.976s] -- Up-to-date: /home/shengbin/camera_ws/install/image_geometry/include/image_geometry
[3.976s] -- Up-to-date: /home/shengbin/camera_ws/install/image_geometry/include/image_geometry/image_geometry
[3.976s] -- Installing: /home/shengbin/camera_ws/install/image_geometry/include/image_geometry/image_geometry/stereo_camera_model.h
[3.976s] -- Installing: /home/shengbin/camera_ws/install/image_geometry/include/image_geometry/image_geometry/visibility_control.hpp
[3.976s] -- Installing: /home/shengbin/camera_ws/install/image_geometry/include/image_geometry/image_geometry/pinhole_camera_model.h
[3.977s] -- Installing: /home/shengbin/camera_ws/install/image_geometry/lib/libimage_geometry.so
[3.977s] -- Set runtime path of "/home/shengbin/camera_ws/install/image_geometry/lib/libimage_geometry.so" to ""
[3.978s] -- Up-to-date: /home/shengbin/camera_ws/install/image_geometry/share/ament_index/resource_index/package_run_dependencies/image_geometry
[3.978s] -- Up-to-date: /home/shengbin/camera_ws/install/image_geometry/share/ament_index/resource_index/parent_prefix_path/image_geometry
[3.978s] -- Up-to-date: /home/shengbin/camera_ws/install/image_geometry/share/image_geometry/environment/ament_prefix_path.sh
[3.978s] -- Installing: /home/shengbin/camera_ws/install/image_geometry/share/image_geometry/environment/ament_prefix_path.dsv
[3.978s] -- Up-to-date: /home/shengbin/camera_ws/install/image_geometry/share/image_geometry/environment/path.sh
[3.978s] -- Installing: /home/shengbin/camera_ws/install/image_geometry/share/image_geometry/environment/path.dsv
[3.978s] -- Up-to-date: /home/shengbin/camera_ws/install/image_geometry/share/image_geometry/local_setup.bash
[3.978s] -- Up-to-date: /home/shengbin/camera_ws/install/image_geometry/share/image_geometry/local_setup.sh
[3.978s] -- Up-to-date: /home/shengbin/camera_ws/install/image_geometry/share/image_geometry/local_setup.zsh
[3.978s] -- Installing: /home/shengbin/camera_ws/install/image_geometry/share/image_geometry/local_setup.dsv
[3.978s] -- Installing: /home/shengbin/camera_ws/install/image_geometry/share/image_geometry/package.dsv
[3.978s] -- Up-to-date: /home/shengbin/camera_ws/install/image_geometry/share/ament_index/resource_index/packages/image_geometry
[3.979s] -- Up-to-date: /home/shengbin/camera_ws/install/image_geometry/share/image_geometry/cmake/export_image_geometryExport.cmake
[3.979s] -- Up-to-date: /home/shengbin/camera_ws/install/image_geometry/share/image_geometry/cmake/export_image_geometryExport-noconfig.cmake
[3.979s] -- Up-to-date: /home/shengbin/camera_ws/install/image_geometry/share/image_geometry/cmake/ament_cmake_export_targets-extras.cmake
[3.979s] -- Up-to-date: /home/shengbin/camera_ws/install/image_geometry/share/image_geometry/cmake/ament_cmake_export_dependencies-extras.cmake
[3.979s] -- Up-to-date: /home/shengbin/camera_ws/install/image_geometry/share/image_geometry/cmake/image_geometryConfig.cmake
[3.979s] -- Up-to-date: /home/shengbin/camera_ws/install/image_geometry/share/image_geometry/cmake/image_geometryConfig-version.cmake
[3.979s] -- Installing: /home/shengbin/camera_ws/install/image_geometry/share/image_geometry/package.xml
[3.983s] Invoked command in '/home/shengbin/camera_ws/build/image_geometry' returned '0': CMAKE_PREFIX_PATH=${CMAKE_PREFIX_PATH}:/home/shengbin/camera_ws/install/opencv_tests:/home/shengbin/camera_ws/install/camera_calibration:/home/shengbin/camera_ws/install/camera:/opt/ros/humble /usr/bin/cmake --install /home/shengbin/camera_ws/build/image_geometry
