[0.223s] Invoking command in '/home/shengbin/camera_ws/build/image_view': CMAKE_PREFIX_PATH=/home/shengbin/camera_ws/install/image_transport:/home/shengbin/camera_ws/install/cv_bridge:/home/shengbin/camera_ws/install/camera_calibration_parsers:/home/shengbin/camera_ws/install/vision_opencv:/home/shengbin/camera_ws/install/v4l2_camera:/home/shengbin/camera_ws/install/image_pipeline:/home/shengbin/camera_ws/install/stereo_image_proc:/home/shengbin/camera_ws/install/image_proc:/home/shengbin/camera_ws/install/tracetools_image_pipeline:/home/shengbin/camera_ws/install/image_transport_plugins:/home/shengbin/camera_ws/install/theora_image_transport:/home/shengbin/camera_ws/install/ros2_shared:/home/shengbin/camera_ws/install/image_view:/home/shengbin/camera_ws/install/image_rotate:/home/shengbin/camera_ws/install/image_publisher:/home/shengbin/camera_ws/install/image_common:/home/shengbin/camera_ws/install/depth_image_proc:/home/shengbin/camera_ws/install/compressed_image_transport:/home/shengbin/camera_ws/install/compressed_depth_image_transport:/home/shengbin/camera_ws/install/image_geometry:/home/shengbin/camera_ws/install/camera_info_manager:/home/shengbin/camera_ws/install/opencv_tests:/home/shengbin/camera_ws/install/camera_calibration:/home/shengbin/camera_ws/install/camera:/opt/ros/humble LD_LIBRARY_PATH=/home/shengbin/camera_ws/install/image_transport/lib:/home/shengbin/camera_ws/install/cv_bridge/lib:/home/shengbin/camera_ws/install/camera_calibration_parsers/lib:/home/shengbin/camera_ws/install/v4l2_camera/lib:/home/shengbin/camera_ws/install/stereo_image_proc/lib:/home/shengbin/camera_ws/install/image_proc/lib:/home/shengbin/camera_ws/install/tracetools_image_pipeline/lib:/home/shengbin/camera_ws/install/theora_image_transport/lib:/home/shengbin/camera_ws/install/image_view/lib:/home/shengbin/camera_ws/install/image_rotate/lib:/home/shengbin/camera_ws/install/image_publisher/lib:/home/shengbin/camera_ws/install/depth_image_proc/lib:/home/shengbin/camera_ws/install/compressed_image_transport/lib:/home/shengbin/camera_ws/install/compressed_depth_image_transport/lib:/home/shengbin/camera_ws/install/image_geometry/lib:/home/shengbin/camera_ws/install/camera_info_manager/lib:/opt/ros/humble/opt/rviz_ogre_vendor/lib:/opt/ros/humble/lib/x86_64-linux-gnu:/opt/ros/humble/lib /usr/bin/cmake /home/shengbin/camera_ws/src/image_pipeline/image_view -DCMAKE_INSTALL_PREFIX=/home/shengbin/camera_ws/install/image_view
[0.275s] -- The C compiler identification is GNU 11.4.0
[0.328s] -- The CXX compiler identification is GNU 11.4.0
[0.335s] -- Detecting C compiler ABI info
[0.399s] -- Detecting C compiler ABI info - done
[0.412s] -- Check for working C compiler: /usr/bin/cc - skipped
[0.412s] -- Detecting C compile features
[0.413s] -- Detecting C compile features - done
[0.417s] -- Detecting CXX compiler ABI info
[0.511s] -- Detecting CXX compiler ABI info - done
[0.523s] -- Check for working CXX compiler: /usr/bin/c++ - skipped
[0.524s] -- Detecting CXX compile features
[0.524s] -- Detecting CXX compile features - done
[0.529s] -- Found ament_cmake_auto: 1.3.5 (/opt/ros/humble/share/ament_cmake_auto/cmake)
[0.728s] -- Found Python3: /usr/bin/python3.10 (found version "3.10.12") found components: Interpreter 
[0.969s] -- Found rosidl_generator_c: 3.1.5 (/opt/ros/humble/share/rosidl_generator_c/cmake)
[0.979s] -- Found rosidl_adapter: 3.1.5 (/opt/ros/humble/share/rosidl_adapter/cmake)
[0.994s] -- Found rosidl_generator_cpp: 3.1.5 (/opt/ros/humble/share/rosidl_generator_cpp/cmake)
[1.018s] -- Using all available rosidl_typesupport_c: rosidl_typesupport_fastrtps_c;rosidl_typesupport_introspection_c
[1.051s] -- Using all available rosidl_typesupport_cpp: rosidl_typesupport_fastrtps_cpp;rosidl_typesupport_introspection_cpp
[1.174s] -- Found rmw_implementation_cmake: 6.1.1 (/opt/ros/humble/share/rmw_implementation_cmake/cmake)
[1.179s] -- Found rmw_cyclonedds_cpp: 1.3.4 (/opt/ros/humble/share/rmw_cyclonedds_cpp/cmake)
[1.242s] -- Using RMW implementation 'rmw_cyclonedds_cpp' as default
[1.259s] -- Looking for pthread.h
[1.343s] -- Looking for pthread.h - found
[1.343s] -- Performing Test CMAKE_HAVE_LIBC_PTHREAD
[1.437s] -- Performing Test CMAKE_HAVE_LIBC_PTHREAD - Success
[1.438s] -- Found Threads: TRUE  
[2.403s] -- Found Boost: /usr/lib/x86_64-linux-gnu/cmake/Boost-1.74.0/BoostConfig.cmake (found version "1.74.0")  
[2.412s] -- Found OpenCV: /usr (found version "4.5.4") 
[2.502s] -- Found ament_lint_auto: 0.12.8 (/opt/ros/humble/share/ament_lint_auto/cmake)
[2.552s] -- Added test 'copyright' to check source files copyright and LICENSE
[2.555s] -- Added test 'cppcheck' to perform static code analysis on C / C++ code
[2.556s] -- Configured cppcheck include dirs: /home/shengbin/camera_ws/src/image_pipeline/image_view/include
[2.556s] -- Configured cppcheck exclude dirs and/or files: 
[2.559s] -- Added test 'cpplint' to check C / C++ code against the Google style
[2.559s] -- Configured cpplint exclude dirs and/or files: 
[2.561s] -- Added test 'lint_cmake' to check CMake code style
[2.564s] -- Added test 'uncrustify' to check C / C++ code style
[2.564s] -- Configured uncrustify additional arguments: 
[2.565s] -- Added test 'xmllint' to check XML markup files
[2.571s] -- Configuring done
[2.711s] -- Generating done
[2.715s] -- Build files have been written to: /home/shengbin/camera_ws/build/image_view
[2.739s] Invoked command in '/home/shengbin/camera_ws/build/image_view' returned '0': CMAKE_PREFIX_PATH=/home/shengbin/camera_ws/install/image_transport:/home/shengbin/camera_ws/install/cv_bridge:/home/shengbin/camera_ws/install/camera_calibration_parsers:/home/shengbin/camera_ws/install/vision_opencv:/home/shengbin/camera_ws/install/v4l2_camera:/home/shengbin/camera_ws/install/image_pipeline:/home/shengbin/camera_ws/install/stereo_image_proc:/home/shengbin/camera_ws/install/image_proc:/home/shengbin/camera_ws/install/tracetools_image_pipeline:/home/shengbin/camera_ws/install/image_transport_plugins:/home/shengbin/camera_ws/install/theora_image_transport:/home/shengbin/camera_ws/install/ros2_shared:/home/shengbin/camera_ws/install/image_view:/home/shengbin/camera_ws/install/image_rotate:/home/shengbin/camera_ws/install/image_publisher:/home/shengbin/camera_ws/install/image_common:/home/shengbin/camera_ws/install/depth_image_proc:/home/shengbin/camera_ws/install/compressed_image_transport:/home/shengbin/camera_ws/install/compressed_depth_image_transport:/home/shengbin/camera_ws/install/image_geometry:/home/shengbin/camera_ws/install/camera_info_manager:/home/shengbin/camera_ws/install/opencv_tests:/home/shengbin/camera_ws/install/camera_calibration:/home/shengbin/camera_ws/install/camera:/opt/ros/humble LD_LIBRARY_PATH=/home/shengbin/camera_ws/install/image_transport/lib:/home/shengbin/camera_ws/install/cv_bridge/lib:/home/shengbin/camera_ws/install/camera_calibration_parsers/lib:/home/shengbin/camera_ws/install/v4l2_camera/lib:/home/shengbin/camera_ws/install/stereo_image_proc/lib:/home/shengbin/camera_ws/install/image_proc/lib:/home/shengbin/camera_ws/install/tracetools_image_pipeline/lib:/home/shengbin/camera_ws/install/theora_image_transport/lib:/home/shengbin/camera_ws/install/image_view/lib:/home/shengbin/camera_ws/install/image_rotate/lib:/home/shengbin/camera_ws/install/image_publisher/lib:/home/shengbin/camera_ws/install/depth_image_proc/lib:/home/shengbin/camera_ws/install/compressed_image_transport/lib:/home/shengbin/camera_ws/install/compressed_depth_image_transport/lib:/home/shengbin/camera_ws/install/image_geometry/lib:/home/shengbin/camera_ws/install/camera_info_manager/lib:/opt/ros/humble/opt/rviz_ogre_vendor/lib:/opt/ros/humble/lib/x86_64-linux-gnu:/opt/ros/humble/lib /usr/bin/cmake /home/shengbin/camera_ws/src/image_pipeline/image_view -DCMAKE_INSTALL_PREFIX=/home/shengbin/camera_ws/install/image_view
[2.740s] Invoking command in '/home/shengbin/camera_ws/build/image_view': CMAKE_PREFIX_PATH=/home/shengbin/camera_ws/install/image_transport:/home/shengbin/camera_ws/install/cv_bridge:/home/shengbin/camera_ws/install/camera_calibration_parsers:/home/shengbin/camera_ws/install/vision_opencv:/home/shengbin/camera_ws/install/v4l2_camera:/home/shengbin/camera_ws/install/image_pipeline:/home/shengbin/camera_ws/install/stereo_image_proc:/home/shengbin/camera_ws/install/image_proc:/home/shengbin/camera_ws/install/tracetools_image_pipeline:/home/shengbin/camera_ws/install/image_transport_plugins:/home/shengbin/camera_ws/install/theora_image_transport:/home/shengbin/camera_ws/install/ros2_shared:/home/shengbin/camera_ws/install/image_view:/home/shengbin/camera_ws/install/image_rotate:/home/shengbin/camera_ws/install/image_publisher:/home/shengbin/camera_ws/install/image_common:/home/shengbin/camera_ws/install/depth_image_proc:/home/shengbin/camera_ws/install/compressed_image_transport:/home/shengbin/camera_ws/install/compressed_depth_image_transport:/home/shengbin/camera_ws/install/image_geometry:/home/shengbin/camera_ws/install/camera_info_manager:/home/shengbin/camera_ws/install/opencv_tests:/home/shengbin/camera_ws/install/camera_calibration:/home/shengbin/camera_ws/install/camera:/opt/ros/humble LD_LIBRARY_PATH=/home/shengbin/camera_ws/install/image_transport/lib:/home/shengbin/camera_ws/install/cv_bridge/lib:/home/shengbin/camera_ws/install/camera_calibration_parsers/lib:/home/shengbin/camera_ws/install/v4l2_camera/lib:/home/shengbin/camera_ws/install/stereo_image_proc/lib:/home/shengbin/camera_ws/install/image_proc/lib:/home/shengbin/camera_ws/install/tracetools_image_pipeline/lib:/home/shengbin/camera_ws/install/theora_image_transport/lib:/home/shengbin/camera_ws/install/image_view/lib:/home/shengbin/camera_ws/install/image_rotate/lib:/home/shengbin/camera_ws/install/image_publisher/lib:/home/shengbin/camera_ws/install/depth_image_proc/lib:/home/shengbin/camera_ws/install/compressed_image_transport/lib:/home/shengbin/camera_ws/install/compressed_depth_image_transport/lib:/home/shengbin/camera_ws/install/image_geometry/lib:/home/shengbin/camera_ws/install/camera_info_manager/lib:/opt/ros/humble/opt/rviz_ogre_vendor/lib:/opt/ros/humble/lib/x86_64-linux-gnu:/opt/ros/humble/lib /usr/bin/cmake --build /home/shengbin/camera_ws/build/image_view -- -j16 -l16
[2.872s] [  5%] [32mBuilding CXX object CMakeFiles/image_view_nodes.dir/src/disparity_view_node.cpp.o[0m
[2.900s] [ 10%] [32mBuilding CXX object CMakeFiles/image_view_nodes.dir/src/extract_images_node.cpp.o[0m
[2.906s] [ 15%] [32mBuilding CXX object CMakeFiles/image_view_nodes.dir/src/image_view_node.cpp.o[0m
[2.912s] [ 21%] [32mBuilding CXX object CMakeFiles/image_view_nodes.dir/src/image_saver_node.cpp.o[0m
[2.953s] [ 26%] [32mBuilding CXX object CMakeFiles/image_view_nodes.dir/src/stereo_view_node.cpp.o[0m
[3.020s] [ 31%] [32mBuilding CXX object CMakeFiles/image_view_nodes.dir/src/video_recorder_node.cpp.o[0m
[40.379s] [ 36%] [32m[1mLinking CXX shared library libimage_view_nodes.so[0m
[42.054s] [ 36%] Built target image_view_nodes
[42.089s] [ 42%] [32mBuilding CXX object CMakeFiles/disparity_view.dir/src/disparity_view.cpp.o[0m
[42.099s] [ 47%] [32mBuilding CXX object CMakeFiles/video_recorder.dir/src/video_recorder.cpp.o[0m
[42.129s] [ 52%] [32mBuilding CXX object CMakeFiles/image_view.dir/src/image_view.cpp.o[0m
[42.178s] [ 57%] [32mBuilding CXX object CMakeFiles/extract_images.dir/src/extract_images.cpp.o[0m
[42.186s] [ 63%] [32mBuilding CXX object CMakeFiles/stereo_view.dir/src/stereo_view.cpp.o[0m
[42.192s] [ 68%] [32mBuilding CXX object CMakeFiles/image_saver.dir/src/image_saver.cpp.o[0m
[46.004s] [ 73%] [32m[1mLinking CXX executable disparity_view[0m
[46.992s] [ 78%] [32m[1mLinking CXX executable image_saver[0m
[47.298s] [ 84%] [32m[1mLinking CXX executable video_recorder[0m
[48.049s] [ 84%] Built target image_saver
[48.245s] [ 84%] Built target video_recorder
[48.988s] [ 84%] Built target disparity_view
[50.680s] [ 89%] [32m[1mLinking CXX executable extract_images[0m
[50.802s] [ 94%] [32m[1mLinking CXX executable image_view[0m
[51.560s] [100%] [32m[1mLinking CXX executable stereo_view[0m
[51.695s] [100%] Built target extract_images
[51.803s] [100%] Built target image_view
[52.295s] [100%] Built target stereo_view
[52.315s] Invoked command in '/home/shengbin/camera_ws/build/image_view' returned '0': CMAKE_PREFIX_PATH=/home/shengbin/camera_ws/install/image_transport:/home/shengbin/camera_ws/install/cv_bridge:/home/shengbin/camera_ws/install/camera_calibration_parsers:/home/shengbin/camera_ws/install/vision_opencv:/home/shengbin/camera_ws/install/v4l2_camera:/home/shengbin/camera_ws/install/image_pipeline:/home/shengbin/camera_ws/install/stereo_image_proc:/home/shengbin/camera_ws/install/image_proc:/home/shengbin/camera_ws/install/tracetools_image_pipeline:/home/shengbin/camera_ws/install/image_transport_plugins:/home/shengbin/camera_ws/install/theora_image_transport:/home/shengbin/camera_ws/install/ros2_shared:/home/shengbin/camera_ws/install/image_view:/home/shengbin/camera_ws/install/image_rotate:/home/shengbin/camera_ws/install/image_publisher:/home/shengbin/camera_ws/install/image_common:/home/shengbin/camera_ws/install/depth_image_proc:/home/shengbin/camera_ws/install/compressed_image_transport:/home/shengbin/camera_ws/install/compressed_depth_image_transport:/home/shengbin/camera_ws/install/image_geometry:/home/shengbin/camera_ws/install/camera_info_manager:/home/shengbin/camera_ws/install/opencv_tests:/home/shengbin/camera_ws/install/camera_calibration:/home/shengbin/camera_ws/install/camera:/opt/ros/humble LD_LIBRARY_PATH=/home/shengbin/camera_ws/install/image_transport/lib:/home/shengbin/camera_ws/install/cv_bridge/lib:/home/shengbin/camera_ws/install/camera_calibration_parsers/lib:/home/shengbin/camera_ws/install/v4l2_camera/lib:/home/shengbin/camera_ws/install/stereo_image_proc/lib:/home/shengbin/camera_ws/install/image_proc/lib:/home/shengbin/camera_ws/install/tracetools_image_pipeline/lib:/home/shengbin/camera_ws/install/theora_image_transport/lib:/home/shengbin/camera_ws/install/image_view/lib:/home/shengbin/camera_ws/install/image_rotate/lib:/home/shengbin/camera_ws/install/image_publisher/lib:/home/shengbin/camera_ws/install/depth_image_proc/lib:/home/shengbin/camera_ws/install/compressed_image_transport/lib:/home/shengbin/camera_ws/install/compressed_depth_image_transport/lib:/home/shengbin/camera_ws/install/image_geometry/lib:/home/shengbin/camera_ws/install/camera_info_manager/lib:/opt/ros/humble/opt/rviz_ogre_vendor/lib:/opt/ros/humble/lib/x86_64-linux-gnu:/opt/ros/humble/lib /usr/bin/cmake --build /home/shengbin/camera_ws/build/image_view -- -j16 -l16
[52.367s] Invoking command in '/home/shengbin/camera_ws/build/image_view': CMAKE_PREFIX_PATH=/home/shengbin/camera_ws/install/image_transport:/home/shengbin/camera_ws/install/cv_bridge:/home/shengbin/camera_ws/install/camera_calibration_parsers:/home/shengbin/camera_ws/install/vision_opencv:/home/shengbin/camera_ws/install/v4l2_camera:/home/shengbin/camera_ws/install/image_pipeline:/home/shengbin/camera_ws/install/stereo_image_proc:/home/shengbin/camera_ws/install/image_proc:/home/shengbin/camera_ws/install/tracetools_image_pipeline:/home/shengbin/camera_ws/install/image_transport_plugins:/home/shengbin/camera_ws/install/theora_image_transport:/home/shengbin/camera_ws/install/ros2_shared:/home/shengbin/camera_ws/install/image_view:/home/shengbin/camera_ws/install/image_rotate:/home/shengbin/camera_ws/install/image_publisher:/home/shengbin/camera_ws/install/image_common:/home/shengbin/camera_ws/install/depth_image_proc:/home/shengbin/camera_ws/install/compressed_image_transport:/home/shengbin/camera_ws/install/compressed_depth_image_transport:/home/shengbin/camera_ws/install/image_geometry:/home/shengbin/camera_ws/install/camera_info_manager:/home/shengbin/camera_ws/install/opencv_tests:/home/shengbin/camera_ws/install/camera_calibration:/home/shengbin/camera_ws/install/camera:/opt/ros/humble LD_LIBRARY_PATH=/home/shengbin/camera_ws/install/image_transport/lib:/home/shengbin/camera_ws/install/cv_bridge/lib:/home/shengbin/camera_ws/install/camera_calibration_parsers/lib:/home/shengbin/camera_ws/install/v4l2_camera/lib:/home/shengbin/camera_ws/install/stereo_image_proc/lib:/home/shengbin/camera_ws/install/image_proc/lib:/home/shengbin/camera_ws/install/tracetools_image_pipeline/lib:/home/shengbin/camera_ws/install/theora_image_transport/lib:/home/shengbin/camera_ws/install/image_view/lib:/home/shengbin/camera_ws/install/image_rotate/lib:/home/shengbin/camera_ws/install/image_publisher/lib:/home/shengbin/camera_ws/install/depth_image_proc/lib:/home/shengbin/camera_ws/install/compressed_image_transport/lib:/home/shengbin/camera_ws/install/compressed_depth_image_transport/lib:/home/shengbin/camera_ws/install/image_geometry/lib:/home/shengbin/camera_ws/install/camera_info_manager/lib:/opt/ros/humble/opt/rviz_ogre_vendor/lib:/opt/ros/humble/lib/x86_64-linux-gnu:/opt/ros/humble/lib /usr/bin/cmake --install /home/shengbin/camera_ws/build/image_view
[52.385s] -- Install configuration: ""
[52.385s] -- Installing: /home/shengbin/camera_ws/install/image_view/include
[52.385s] -- Installing: /home/shengbin/camera_ws/install/image_view/include/image_view
[52.385s] -- Installing: /home/shengbin/camera_ws/install/image_view/include/image_view/video_recorder_node.hpp
[52.385s] -- Installing: /home/shengbin/camera_ws/install/image_view/include/image_view/image_view_node.hpp
[52.385s] -- Installing: /home/shengbin/camera_ws/install/image_view/include/image_view/stereo_view_node.hpp
[52.386s] -- Installing: /home/shengbin/camera_ws/install/image_view/include/image_view/extract_images_node.hpp
[52.386s] -- Installing: /home/shengbin/camera_ws/install/image_view/include/image_view/image_saver_node.hpp
[52.386s] -- Installing: /home/shengbin/camera_ws/install/image_view/include/image_view/disparity_view_node.hpp
[52.386s] -- Installing: /home/shengbin/camera_ws/install/image_view/share/image_view/environment/library_path.sh
[52.386s] -- Installing: /home/shengbin/camera_ws/install/image_view/share/image_view/environment/library_path.dsv
[52.386s] -- Installing: /home/shengbin/camera_ws/install/image_view/lib/libimage_view_nodes.so
[52.393s] -- Set runtime path of "/home/shengbin/camera_ws/install/image_view/lib/libimage_view_nodes.so" to ""
[52.394s] -- Installing: /home/shengbin/camera_ws/install/image_view/lib/image_view/disparity_view
[52.394s] -- Set runtime path of "/home/shengbin/camera_ws/install/image_view/lib/image_view/disparity_view" to ""
[52.394s] -- Installing: /home/shengbin/camera_ws/install/image_view/lib/image_view/image_view
[52.394s] -- Set runtime path of "/home/shengbin/camera_ws/install/image_view/lib/image_view/image_view" to ""
[52.394s] -- Installing: /home/shengbin/camera_ws/install/image_view/lib/image_view/stereo_view
[52.394s] -- Set runtime path of "/home/shengbin/camera_ws/install/image_view/lib/image_view/stereo_view" to ""
[52.395s] -- Installing: /home/shengbin/camera_ws/install/image_view/lib/image_view/extract_images
[52.395s] -- Set runtime path of "/home/shengbin/camera_ws/install/image_view/lib/image_view/extract_images" to ""
[52.395s] -- Installing: /home/shengbin/camera_ws/install/image_view/lib/image_view/image_saver
[52.395s] -- Set runtime path of "/home/shengbin/camera_ws/install/image_view/lib/image_view/image_saver" to ""
[52.395s] -- Installing: /home/shengbin/camera_ws/install/image_view/lib/image_view/video_recorder
[52.395s] -- Set runtime path of "/home/shengbin/camera_ws/install/image_view/lib/image_view/video_recorder" to ""
[52.396s] -- Installing: /home/shengbin/camera_ws/install/image_view/share/ament_index/resource_index/package_run_dependencies/image_view
[52.396s] -- Installing: /home/shengbin/camera_ws/install/image_view/share/ament_index/resource_index/parent_prefix_path/image_view
[52.397s] -- Installing: /home/shengbin/camera_ws/install/image_view/share/image_view/environment/ament_prefix_path.sh
[52.397s] -- Installing: /home/shengbin/camera_ws/install/image_view/share/image_view/environment/ament_prefix_path.dsv
[52.397s] -- Installing: /home/shengbin/camera_ws/install/image_view/share/image_view/environment/path.sh
[52.397s] -- Installing: /home/shengbin/camera_ws/install/image_view/share/image_view/environment/path.dsv
[52.398s] -- Installing: /home/shengbin/camera_ws/install/image_view/share/image_view/local_setup.bash
[52.398s] -- Installing: /home/shengbin/camera_ws/install/image_view/share/image_view/local_setup.sh
[52.398s] -- Installing: /home/shengbin/camera_ws/install/image_view/share/image_view/local_setup.zsh
[52.398s] -- Installing: /home/shengbin/camera_ws/install/image_view/share/image_view/local_setup.dsv
[52.398s] -- Installing: /home/shengbin/camera_ws/install/image_view/share/image_view/package.dsv
[52.399s] -- Installing: /home/shengbin/camera_ws/install/image_view/share/ament_index/resource_index/packages/image_view
[52.399s] -- Installing: /home/shengbin/camera_ws/install/image_view/share/ament_index/resource_index/rclcpp_components/image_view
[52.400s] -- Installing: /home/shengbin/camera_ws/install/image_view/share/image_view/cmake/ament_cmake_export_dependencies-extras.cmake
[52.400s] -- Installing: /home/shengbin/camera_ws/install/image_view/share/image_view/cmake/ament_cmake_export_include_directories-extras.cmake
[52.400s] -- Installing: /home/shengbin/camera_ws/install/image_view/share/image_view/cmake/ament_cmake_export_libraries-extras.cmake
[52.401s] -- Installing: /home/shengbin/camera_ws/install/image_view/share/image_view/cmake/image_viewConfig.cmake
[52.401s] -- Installing: /home/shengbin/camera_ws/install/image_view/share/image_view/cmake/image_viewConfig-version.cmake
[52.401s] -- Installing: /home/shengbin/camera_ws/install/image_view/share/image_view/package.xml
[52.404s] Invoked command in '/home/shengbin/camera_ws/build/image_view' returned '0': CMAKE_PREFIX_PATH=/home/shengbin/camera_ws/install/image_transport:/home/shengbin/camera_ws/install/cv_bridge:/home/shengbin/camera_ws/install/camera_calibration_parsers:/home/shengbin/camera_ws/install/vision_opencv:/home/shengbin/camera_ws/install/v4l2_camera:/home/shengbin/camera_ws/install/image_pipeline:/home/shengbin/camera_ws/install/stereo_image_proc:/home/shengbin/camera_ws/install/image_proc:/home/shengbin/camera_ws/install/tracetools_image_pipeline:/home/shengbin/camera_ws/install/image_transport_plugins:/home/shengbin/camera_ws/install/theora_image_transport:/home/shengbin/camera_ws/install/ros2_shared:/home/shengbin/camera_ws/install/image_view:/home/shengbin/camera_ws/install/image_rotate:/home/shengbin/camera_ws/install/image_publisher:/home/shengbin/camera_ws/install/image_common:/home/shengbin/camera_ws/install/depth_image_proc:/home/shengbin/camera_ws/install/compressed_image_transport:/home/shengbin/camera_ws/install/compressed_depth_image_transport:/home/shengbin/camera_ws/install/image_geometry:/home/shengbin/camera_ws/install/camera_info_manager:/home/shengbin/camera_ws/install/opencv_tests:/home/shengbin/camera_ws/install/camera_calibration:/home/shengbin/camera_ws/install/camera:/opt/ros/humble LD_LIBRARY_PATH=/home/shengbin/camera_ws/install/image_transport/lib:/home/shengbin/camera_ws/install/cv_bridge/lib:/home/shengbin/camera_ws/install/camera_calibration_parsers/lib:/home/shengbin/camera_ws/install/v4l2_camera/lib:/home/shengbin/camera_ws/install/stereo_image_proc/lib:/home/shengbin/camera_ws/install/image_proc/lib:/home/shengbin/camera_ws/install/tracetools_image_pipeline/lib:/home/shengbin/camera_ws/install/theora_image_transport/lib:/home/shengbin/camera_ws/install/image_view/lib:/home/shengbin/camera_ws/install/image_rotate/lib:/home/shengbin/camera_ws/install/image_publisher/lib:/home/shengbin/camera_ws/install/depth_image_proc/lib:/home/shengbin/camera_ws/install/compressed_image_transport/lib:/home/shengbin/camera_ws/install/compressed_depth_image_transport/lib:/home/shengbin/camera_ws/install/image_geometry/lib:/home/shengbin/camera_ws/install/camera_info_manager/lib:/opt/ros/humble/opt/rviz_ogre_vendor/lib:/opt/ros/humble/lib/x86_64-linux-gnu:/opt/ros/humble/lib /usr/bin/cmake --install /home/shengbin/camera_ws/build/image_view
